<?xml version="1.0" encoding="UTF-8"?>
<testsuite name="ConflictPolicyTests" tests="6" skipped="0" failures="0" errors="0" timestamp="2026-04-26T10:21:49" hostname="DESKTOP-VK3RCA2" time="0.065">
  <properties/>
  <testcase name="testClinicalFieldsRequireVectorClockPolicy" classname="ConflictPolicyTests" time="0.028"/>
  <testcase name="testForbiddenStateTransitions" classname="ConflictPolicyTests" time="0.035"/>
  <testcase name="testLWWOnlyForLowRiskMetadata" classname="ConflictPolicyTests" time="0.0"/>
  <testcase name="testLocalOnlyFields" classname="ConflictPolicyTests" time="0.0"/>
  <testcase name="testServerTokenFields" classname="ConflictPolicyTests" time="0.0"/>
  <testcase name="testConflictPayloadRequiredFields" classname="ConflictPolicyTests" time="0.0"/>
  <system-out><![CDATA[]]></system-out>
  <system-err><![CDATA[]]></system-err>
</testsuite>
