{"numTotalTestSuites":649,"numPassedTestSuites":649,"numFailedTestSuites":0,"numPendingTestSuites":0,"numTotalTests":1871,"numPassedTests":1871,"numFailedTests":0,"numPendingTests":0,"numTodoTests":0,"snapshot":{"added":0,"failure":false,"filesAdded":0,"filesRemoved":0,"filesRemovedList":[],"filesUnmatched":0,"filesUpdated":0,"matched":0,"total":0,"unchecked":0,"uncheckedKeysByFile":[],"unmatched":0,"updated":0,"didUpdate":false},"startTime":1777538799818,"success":true,"testResults":[{"assertionResults":[{"ancestorTitles":["hasNonOverridableGates"],"fullName":"hasNonOverridableGates identifies non-overridable gates","status":"passed","title":"identifies non-overridable gates","duration":5.212800000000016,"failureMessages":[],"meta":{},"tags":[]},{"ancestorTitles":["hasNonOverridableGates"],"fullName":"hasNonOverridableGates returns empty for all-overridable gates","status":"passed","title":"returns empty for all-overridable gates","duration":3.5931999999999107,"failureMessages":[],"meta":{},"tags":[]},{"ancestorTitles":["hasNonOverridableGates"],"fullName":"hasNonOverridableGates catches multiple non-overridable gates","status":"passed","title":"catches multiple non-overridable gates","duration":1.8859999999999673,"failureMessages":[],"meta":{},"tags":[]},{"ancestorTitles":["applyOverridePatch – accept_with_known_risk"],"fullName":"applyOverridePatch – accept_with_known_risk §18-#10: generates new revision and updates canonical","status":"passed","title":"§18-#10: generates new revision and updates canonical","duration":30.096200000000067,"failureMessages":[],"meta":{},"tags":[]},{"ancestorTitles":["applyOverridePatch – accept_with_known_risk"],"fullName":"applyOverridePatch – accept_with_known_risk creates audit entry with override details","status":"passed","title":"creates audit entry with override details","duration":17.1336,"failureMessages":[],"meta":{},"tags":[]},{"ancestorTitles":["applyOverridePatch – defer_issue"],"fullName":"applyOverridePatch – defer_issue creates revision for deferred issue","status":"passed","title":"creates revision for deferred issue","duration":25.440899999999942,"failureMessages":[],"meta":{},"tags":[]},{"ancestorTitles":["applyOverridePatch – manual_replace_block"],"fullName":"applyOverridePatch – manual_replace_block applies human-specified block replacement","status":"passed","title":"applies human-specified block replacement","duration":15.726199999999949,"failureMessages":[],"meta":{},"tags":[]},{"ancestorTitles":["applyOverridePatch – manual_replace_block"],"fullName":"applyOverridePatch – manual_replace_block rejects manual_replace_block with no operations","status":"passed","title":"rejects manual_replace_block with no operations","duration":11.895399999999995,"failureMessages":[],"meta":{},"tags":[]},{"ancestorTitles":["HARD-001: manual_replace_block mechanical integrity"],"fullName":"HARD-001: manual_replace_block mechanical integrity rejects when target_block_id does not exist","status":"passed","title":"rejects when target_block_id does not exist","duration":13.809799999999996,"failureMessages":[],"meta":{},"tags":[]},{"ancestorTitles":["HARD-001: manual_replace_block mechanical integrity"],"fullName":"HARD-001: manual_replace_block mechanical integrity rejects when expected_old_hash does not match","status":"passed","title":"rejects when expected_old_hash does not match","duration":11.253399999999942,"failureMessages":[],"meta":{},"tags":[]},{"ancestorTitles":["HARD-001: manual_replace_block mechanical integrity"],"fullName":"HARD-001: manual_replace_block mechanical integrity rejects when new_block.block_id !== target_block_id","status":"passed","title":"rejects when new_block.block_id !== target_block_id","duration":17.21219999999994,"failureMessages":[],"meta":{},"tags":[]},{"ancestorTitles":["HARD-001: manual_replace_block mechanical integrity"],"fullName":"HARD-001: manual_replace_block mechanical integrity rejects duplicate target_block_id in same override","status":"passed","title":"rejects duplicate target_block_id in same override","duration":16.393500000000017,"failureMessages":[],"meta":{},"tags":[]},{"ancestorTitles":["HARD-001: manual_replace_block mechanical integrity"],"fullName":"HARD-001: manual_replace_block mechanical integrity still passes valid manual_replace_block after hardening","status":"passed","title":"still passes valid manual_replace_block after hardening","duration":41.05830000000003,"failureMessages":[],"meta":{},"tags":[]},{"ancestorTitles":["applyOverridePatch – rejections"],"fullName":"applyOverridePatch – rejections rejects override of non-overridable gates (ref: C-08)","status":"passed","title":"rejects override of non-overridable gates (ref: C-08)","duration":12.060100000000034,"failureMessages":[],"meta":{},"tags":[]},{"ancestorTitles":["applyOverridePatch – rejections"],"fullName":"applyOverridePatch – rejections rejects when base_revision_id doesn't match","status":"passed","title":"rejects when base_revision_id doesn't match","duration":14.114900000000034,"failureMessages":[],"meta":{},"tags":[]},{"ancestorTitles":["revision chain integrity"],"fullName":"revision chain integrity maintains parent chain through multiple overrides","status":"passed","title":"maintains parent chain through multiple overrides","duration":36.06860000000006,"failureMessages":[],"meta":{},"tags":[]}],"startTime":1777538801149,"endTime":1777538801423.0686,"status":"passed","message":"","name":"H:/Boom/pantheon/test/applyOverridePatch.test.ts"},{"assertionResults":[{"ancestorTitles":["compilePatch"],"fullName":"compilePatch §18-#6: PatchProposal can be compiled into ArtifactPatch","status":"passed","title":"§18-#6: PatchProposal can be compiled into ArtifactPatch","duration":4.168700000000058,"failureMessages":[],"meta":{},"tags":[]},{"ancestorTitles":["compilePatch"],"fullName":"compilePatch fills expected_old_hash from current block","status":"passed","title":"fills expected_old_hash from current block","duration":0.40989999999999327,"failureMessages":[],"meta":{},"tags":[]},{"ancestorTitles":["compilePatch"],"fullName":"compilePatch constructs new_block with updated text and computed hash","status":"passed","title":"constructs new_block with updated text and computed hash","duration":0.5923000000000229,"failureMessages":[],"meta":{},"tags":[]},{"ancestorTitles":["compilePatch"],"fullName":"compilePatch preserves block metadata (type, rationale, terms, status)","status":"passed","title":"preserves block metadata (type, rationale, terms, status)","duration":0.504799999999932,"failureMessages":[],"meta":{},"tags":[]},{"ancestorTitles":["compilePatch"],"fullName":"compilePatch throws for non-existent target_block_id","status":"passed","title":"throws for non-existent target_block_id","duration":1.2215999999999667,"failureMessages":[],"meta":{},"tags":[]},{"ancestorTitles":["compilePatch"],"fullName":"compilePatch handles multiple operations","status":"passed","title":"handles multiple operations","duration":0.3693000000000666,"failureMessages":[],"meta":{},"tags":[]},{"ancestorTitles":["applyPatch – success cases"],"fullName":"applyPatch – success cases §18-#7: generates candidate revision when hash matches","status":"passed","title":"§18-#7: generates candidate revision when hash matches","duration":2.7863000000000966,"failureMessages":[],"meta":{},"tags":[]},{"ancestorTitles":["applyPatch – success cases"],"fullName":"applyPatch – success cases candidate revision contains updated block text","status":"passed","title":"candidate revision contains updated block text","duration":0.42689999999993233,"failureMessages":[],"meta":{},"tags":[]},{"ancestorTitles":["applyPatch – success cases"],"fullName":"applyPatch – success cases does not modify original artifact","status":"passed","title":"does not modify original artifact","duration":0.36740000000008877,"failureMessages":[],"meta":{},"tags":[]},{"ancestorTitles":["applyPatch – success cases"],"fullName":"applyPatch – success cases candidate revision has different revision_id from base","status":"passed","title":"candidate revision has different revision_id from base","duration":0.4177999999999429,"failureMessages":[],"meta":{},"tags":[]},{"ancestorTitles":["applyPatch – rejection cases"],"fullName":"applyPatch – rejection cases §18-#8: rejects on hash mismatch","status":"passed","title":"§18-#8: rejects on hash mismatch","duration":0.2594000000001415,"failureMessages":[],"meta":{},"tags":[]},{"ancestorTitles":["applyPatch – rejection cases"],"fullName":"applyPatch – rejection cases rejects on artifact_id mismatch","status":"passed","title":"rejects on artifact_id mismatch","duration":0.20299999999997453,"failureMessages":[],"meta":{},"tags":[]},{"ancestorTitles":["applyPatch – rejection cases"],"fullName":"applyPatch – rejection cases rejects on base_revision_id mismatch","status":"passed","title":"rejects on base_revision_id mismatch","duration":0.24510000000009313,"failureMessages":[],"meta":{},"tags":[]},{"ancestorTitles":["applyPatch – rejection cases"],"fullName":"applyPatch – rejection cases rejects when target_block_id does not exist","status":"passed","title":"rejects when target_block_id does not exist","duration":0.24080000000003565,"failureMessages":[],"meta":{},"tags":[]},{"ancestorTitles":["applyPatch – rejection cases"],"fullName":"applyPatch – rejection cases rejects cross-section operations","status":"passed","title":"rejects cross-section operations","duration":0.27559999999994034,"failureMessages":[],"meta":{},"tags":[]},{"ancestorTitles":["applyPatch – rejection cases"],"fullName":"applyPatch – rejection cases rejects when new_block content_hash is incorrect","status":"passed","title":"rejects when new_block content_hash is incorrect","duration":0.23669999999992797,"failureMessages":[],"meta":{},"tags":[]},{"ancestorTitles":["applyPatch – elevated review"],"fullName":"applyPatch – elevated review > 3 operations → elevated_review_required (not rejection)","status":"passed","title":"> 3 operations → elevated_review_required (not rejection)","duration":0.521199999999908,"failureMessages":[],"meta":{},"tags":[]},{"ancestorTitles":["applyPatch – elevated review"],"fullName":"applyPatch – elevated review exactly 3 operations → NOT elevated_review_required","status":"passed","title":"exactly 3 operations → NOT elevated_review_required","duration":0.7225000000000819,"failureMessages":[],"meta":{},"tags":[]},{"ancestorTitles":["end-to-end patch flow"],"fullName":"end-to-end patch flow full pipeline from proposal to candidate revision","status":"passed","title":"full pipeline from proposal to candidate revision","duration":0.4443999999998596,"failureMessages":[],"meta":{},"tags":[]}],"startTime":1777538806663,"endTime":1777538806678.4443,"status":"passed","message":"","name":"H:/Boom/pantheon/test/applyPatch.test.ts"},{"assertionResults":[{"ancestorTitles":["createArtifact"],"fullName":"createArtifact §18-#1: a JSON Artifact can be created","status":"passed","title":"§18-#1: a JSON Artifact can be created","duration":19.740499999999997,"failureMessages":[],"meta":{},"tags":[]},{"ancestorTitles":["createArtifact"],"fullName":"createArtifact computes correct content_hash for all blocks","status":"passed","title":"computes correct content_hash for all blocks","duration":10.831700000000012,"failureMessages":[],"meta":{},"tags":[]},{"ancestorTitles":["createArtifact"],"fullName":"createArtifact sets canonical pointer after creation","status":"passed","title":"sets canonical pointer after creation","duration":14.061800000000005,"failureMessages":[],"meta":{},"tags":[]},{"ancestorTitles":["createArtifact"],"fullName":"createArtifact creates audit entry","status":"passed","title":"creates audit entry","duration":11.984399999999994,"failureMessages":[],"meta":{},"tags":[]},{"ancestorTitles":["saveRevision / loadRevision"],"fullName":"saveRevision / loadRevision §18-#3: revision can be saved and loaded","status":"passed","title":"§18-#3: revision can be saved and loaded","duration":8.479399999999998,"failureMessages":[],"meta":{},"tags":[]},{"ancestorTitles":["saveRevision / loadRevision"],"fullName":"saveRevision / loadRevision returns null for non-existent revision","status":"passed","title":"returns null for non-existent revision","duration":3.298400000000015,"failureMessages":[],"meta":{},"tags":[]},{"ancestorTitles":["saveRevision / loadRevision"],"fullName":"saveRevision / loadRevision refuses to overwrite immutable revision (ref: C-05)","status":"passed","title":"refuses to overwrite immutable revision (ref: C-05)","duration":17.671400000000006,"failureMessages":[],"meta":{},"tags":[]},{"ancestorTitles":["saveRevision / loadRevision"],"fullName":"saveRevision / loadRevision preserves all artifact fields through round-trip","status":"passed","title":"preserves all artifact fields through round-trip","duration":10.379099999999994,"failureMessages":[],"meta":{},"tags":[]},{"ancestorTitles":["canonical pointer"],"fullName":"canonical pointer returns null when no pointer exists","status":"passed","title":"returns null when no pointer exists","duration":7.058999999999969,"failureMessages":[],"meta":{},"tags":[]},{"ancestorTitles":["canonical pointer"],"fullName":"canonical pointer can be updated to a new revision","status":"passed","title":"can be updated to a new revision","duration":34.25350000000003,"failureMessages":[],"meta":{},"tags":[]},{"ancestorTitles":["canonical pointer"],"fullName":"canonical pointer rejects pointing to non-existent revision","status":"passed","title":"rejects pointing to non-existent revision","duration":1.7198999999999387,"failureMessages":[],"meta":{},"tags":[]},{"ancestorTitles":["loadCanonicalRevision"],"fullName":"loadCanonicalRevision resolves pointer and loads revision","status":"passed","title":"resolves pointer and loads revision","duration":15.158999999999992,"failureMessages":[],"meta":{},"tags":[]},{"ancestorTitles":["loadCanonicalRevision"],"fullName":"loadCanonicalRevision returns null when no canonical exists","status":"passed","title":"returns null when no canonical exists","duration":2.3535000000000537,"failureMessages":[],"meta":{},"tags":[]},{"ancestorTitles":["audit log"],"fullName":"audit log append-only: entries accumulate","status":"passed","title":"append-only: entries accumulate","duration":9.867000000000075,"failureMessages":[],"meta":{},"tags":[]},{"ancestorTitles":["audit log"],"fullName":"audit log returns empty array for artifact with no audit log","status":"passed","title":"returns empty array for artifact with no audit log","duration":2.879600000000096,"failureMessages":[],"meta":{},"tags":[]},{"ancestorTitles":["quarantine"],"fullName":"quarantine saves and loads quarantined items","status":"passed","title":"saves and loads quarantined items","duration":7.370199999999954,"failureMessages":[],"meta":{},"tags":[]},{"ancestorTitles":["quarantine"],"fullName":"quarantine returns null for non-existent quarantine item","status":"passed","title":"returns null for non-existent quarantine item","duration":2.5646000000000413,"failureMessages":[],"meta":{},"tags":[]},{"ancestorTitles":["evidence"],"fullName":"evidence promotes validated item to evidence","status":"passed","title":"promotes validated item to evidence","duration":12.324200000000019,"failureMessages":[],"meta":{},"tags":[]},{"ancestorTitles":["evidence"],"fullName":"evidence returns null for non-existent evidence item","status":"passed","title":"returns null for non-existent evidence item","duration":1.9167999999999665,"failureMessages":[],"meta":{},"tags":[]},{"ancestorTitles":["renderMarkdown"],"fullName":"renderMarkdown produces Markdown containing artifact info","status":"passed","title":"produces Markdown containing artifact info","duration":2.32770000000005,"failureMessages":[],"meta":{},"tags":[]},{"ancestorTitles":["renderMarkdown"],"fullName":"renderMarkdown includes block type labels","status":"passed","title":"includes block type labels","duration":1.9311999999999898,"failureMessages":[],"meta":{},"tags":[]},{"ancestorTitles":["renderMarkdown"],"fullName":"renderMarkdown includes rationale as blockquote","status":"passed","title":"includes rationale as blockquote","duration":3.820100000000025,"failureMessages":[],"meta":{},"tags":[]},{"ancestorTitles":["renderMarkdown"],"fullName":"renderMarkdown includes terms when present","status":"passed","title":"includes terms when present","duration":1.8926000000000158,"failureMessages":[],"meta":{},"tags":[]},{"ancestorTitles":["renderMarkdown"],"fullName":"renderMarkdown includes parent revision when present","status":"passed","title":"includes parent revision when present","duration":1.6540999999999713,"failureMessages":[],"meta":{},"tags":[]},{"ancestorTitles":["saveProjection"],"fullName":"saveProjection saves Markdown projection to /projections/","status":"passed","title":"saves Markdown projection to /projections/","duration":9.915399999999977,"failureMessages":[],"meta":{},"tags":[]},{"ancestorTitles":["end-to-end artifact lifecycle"],"fullName":"end-to-end artifact lifecycle create → load canonical → render → save projection","status":"passed","title":"create → load canonical → render → save projection","duration":22.5462,"failureMessages":[],"meta":{},"tags":[]}],"startTime":1777538801228,"endTime":1777538801467.5461,"status":"passed","message":"","name":"H:/Boom/pantheon/test/artifactStore.test.ts"},{"assertionResults":[{"ancestorTitles":["HARD-006: Cockpit Pressure Fixtures"],"fullName":"HARD-006: Cockpit Pressure Fixtures has exactly 10 fixtures defined","status":"passed","title":"has exactly 10 fixtures defined","duration":6.024099999999862,"failureMessages":[],"meta":{},"tags":[]},{"ancestorTitles":["HARD-006: Cockpit Pressure Fixtures"],"fullName":"HARD-006: Cockpit Pressure Fixtures all fixture IDs are unique","status":"passed","title":"all fixture IDs are unique","duration":1.9329000000000178,"failureMessages":[],"meta":{},"tags":[]},{"ancestorTitles":["HARD-006: Cockpit Pressure Fixtures","[f01_undefined_term] Undefined Term"],"fullName":"HARD-006: Cockpit Pressure Fixtures [f01_undefined_term] Undefined Term reaches expected phase: regression_failed","status":"passed","title":"reaches expected phase: regression_failed","duration":42.3741,"failureMessages":[],"meta":{},"tags":[]},{"ancestorTitles":["HARD-006: Cockpit Pressure Fixtures","[f01_undefined_term] Undefined Term"],"fullName":"HARD-006: Cockpit Pressure Fixtures [f01_undefined_term] Undefined Term triggers expected failed gates: [undefined_term]","status":"passed","title":"triggers expected failed gates: [undefined_term]","duration":31.19290000000001,"failureMessages":[],"meta":{},"tags":[]},{"ancestorTitles":["HARD-006: Cockpit Pressure Fixtures","[f01_undefined_term] Undefined Term"],"fullName":"HARD-006: Cockpit Pressure Fixtures [f01_undefined_term] Undefined Term generateCockpitData produces valid output","status":"passed","title":"generateCockpitData produces valid output","duration":30.911100000000033,"failureMessages":[],"meta":{},"tags":[]},{"ancestorTitles":["HARD-006: Cockpit Pressure Fixtures","[f02_constraint_deletion] Deleted Strong Constraint"],"fullName":"HARD-006: Cockpit Pressure Fixtures [f02_constraint_deletion] Deleted Strong Constraint reaches expected phase: regression_failed","status":"passed","title":"reaches expected phase: regression_failed","duration":25.113700000000108,"failureMessages":[],"meta":{},"tags":[]},{"ancestorTitles":["HARD-006: Cockpit Pressure Fixtures","[f02_constraint_deletion] Deleted Strong Constraint"],"fullName":"HARD-006: Cockpit Pressure Fixtures [f02_constraint_deletion] Deleted Strong Constraint triggers expected failed gates: [constraint_deletion]","status":"passed","title":"triggers expected failed gates: [constraint_deletion]","duration":28.351900000000114,"failureMessages":[],"meta":{},"tags":[]},{"ancestorTitles":["HARD-006: Cockpit Pressure Fixtures","[f02_constraint_deletion] Deleted Strong Constraint"],"fullName":"HARD-006: Cockpit Pressure Fixtures [f02_constraint_deletion] Deleted Strong Constraint generateCockpitData produces valid output","status":"passed","title":"generateCockpitData produces valid output","duration":26.532899999999927,"failureMessages":[],"meta":{},"tags":[]},{"ancestorTitles":["HARD-006: Cockpit Pressure Fixtures","[f03_double_failure] Multiple Gate Failures"],"fullName":"HARD-006: Cockpit Pressure Fixtures [f03_double_failure] Multiple Gate Failures reaches expected phase: regression_failed","status":"passed","title":"reaches expected phase: regression_failed","duration":29.615299999999934,"failureMessages":[],"meta":{},"tags":[]},{"ancestorTitles":["HARD-006: Cockpit Pressure Fixtures","[f03_double_failure] Multiple Gate Failures"],"fullName":"HARD-006: Cockpit Pressure Fixtures [f03_double_failure] Multiple Gate Failures triggers expected failed gates: [undefined_term, constraint_deletion]","status":"passed","title":"triggers expected failed gates: [undefined_term, constraint_deletion]","duration":29.88689999999997,"failureMessages":[],"meta":{},"tags":[]},{"ancestorTitles":["HARD-006: Cockpit Pressure Fixtures","[f03_double_failure] Multiple Gate Failures"],"fullName":"HARD-006: Cockpit Pressure Fixtures [f03_double_failure] Multiple Gate Failures generateCockpitData produces valid output","status":"passed","title":"generateCockpitData produces valid output","duration":26.911800000000085,"failureMessages":[],"meta":{},"tags":[]},{"ancestorTitles":["HARD-006: Cockpit Pressure Fixtures","[f04_clean_pass] Clean Pass (No Issues)"],"fullName":"HARD-006: Cockpit Pressure Fixtures [f04_clean_pass] Clean Pass (No Issues) reaches expected phase: committed","status":"passed","title":"reaches expected phase: committed","duration":12.803600000000188,"failureMessages":[],"meta":{},"tags":[]},{"ancestorTitles":["HARD-006: Cockpit Pressure Fixtures","[f04_clean_pass] Clean Pass (No Issues)"],"fullName":"HARD-006: Cockpit Pressure Fixtures [f04_clean_pass] Clean Pass (No Issues) generateCockpitData produces valid output","status":"passed","title":"generateCockpitData produces valid output","duration":17.3583000000001,"failureMessages":[],"meta":{},"tags":[]},{"ancestorTitles":["HARD-006: Cockpit Pressure Fixtures","[f05_elevated_review] Elevated Review (Many Ops)"],"fullName":"HARD-006: Cockpit Pressure Fixtures [f05_elevated_review] Elevated Review (Many Ops) reaches expected phase: committed","status":"passed","title":"reaches expected phase: committed","duration":35.17270000000008,"failureMessages":[],"meta":{},"tags":[]},{"ancestorTitles":["HARD-006: Cockpit Pressure Fixtures","[f05_elevated_review] Elevated Review (Many Ops)"],"fullName":"HARD-006: Cockpit Pressure Fixtures [f05_elevated_review] Elevated Review (Many Ops) generateCockpitData produces valid output","status":"passed","title":"generateCockpitData produces valid output","duration":33.50759999999991,"failureMessages":[],"meta":{},"tags":[]},{"ancestorTitles":["HARD-006: Cockpit Pressure Fixtures","[f06_backtick_term] Undefined Backtick Term"],"fullName":"HARD-006: Cockpit Pressure Fixtures [f06_backtick_term] Undefined Backtick Term reaches expected phase: regression_failed","status":"passed","title":"reaches expected phase: regression_failed","duration":23.463600000000042,"failureMessages":[],"meta":{},"tags":[]},{"ancestorTitles":["HARD-006: Cockpit Pressure Fixtures","[f06_backtick_term] Undefined Backtick Term"],"fullName":"HARD-006: Cockpit Pressure Fixtures [f06_backtick_term] Undefined Backtick Term triggers expected failed gates: [undefined_term]","status":"passed","title":"triggers expected failed gates: [undefined_term]","duration":27.379400000000032,"failureMessages":[],"meta":{},"tags":[]},{"ancestorTitles":["HARD-006: Cockpit Pressure Fixtures","[f06_backtick_term] Undefined Backtick Term"],"fullName":"HARD-006: Cockpit Pressure Fixtures [f06_backtick_term] Undefined Backtick Term generateCockpitData produces valid output","status":"passed","title":"generateCockpitData produces valid output","duration":27.45880000000011,"failureMessages":[],"meta":{},"tags":[]},{"ancestorTitles":["HARD-006: Cockpit Pressure Fixtures","[f07_multi_undefined] Multiple Undefined Terms"],"fullName":"HARD-006: Cockpit Pressure Fixtures [f07_multi_undefined] Multiple Undefined Terms reaches expected phase: regression_failed","status":"passed","title":"reaches expected phase: regression_failed","duration":29.376199999999926,"failureMessages":[],"meta":{},"tags":[]},{"ancestorTitles":["HARD-006: Cockpit Pressure Fixtures","[f07_multi_undefined] Multiple Undefined Terms"],"fullName":"HARD-006: Cockpit Pressure Fixtures [f07_multi_undefined] Multiple Undefined Terms triggers expected failed gates: [undefined_term]","status":"passed","title":"triggers expected failed gates: [undefined_term]","duration":27.988399999999956,"failureMessages":[],"meta":{},"tags":[]},{"ancestorTitles":["HARD-006: Cockpit Pressure Fixtures","[f07_multi_undefined] Multiple Undefined Terms"],"fullName":"HARD-006: Cockpit Pressure Fixtures [f07_multi_undefined] Multiple Undefined Terms generateCockpitData produces valid output","status":"passed","title":"generateCockpitData produces valid output","duration":25.99019999999996,"failureMessages":[],"meta":{},"tags":[]},{"ancestorTitles":["HARD-006: Cockpit Pressure Fixtures","[f08_empty_block] Empty Block Text"],"fullName":"HARD-006: Cockpit Pressure Fixtures [f08_empty_block] Empty Block Text reaches expected phase: issues_found","status":"passed","title":"reaches expected phase: issues_found","duration":24.735099999999875,"failureMessages":[],"meta":{},"tags":[]},{"ancestorTitles":["HARD-006: Cockpit Pressure Fixtures","[f08_empty_block] Empty Block Text"],"fullName":"HARD-006: Cockpit Pressure Fixtures [f08_empty_block] Empty Block Text generateCockpitData produces valid output","status":"passed","title":"generateCockpitData produces valid output","duration":26.751199999999926,"failureMessages":[],"meta":{},"tags":[]},{"ancestorTitles":["HARD-006: Cockpit Pressure Fixtures","[f09_constraint_added] Strong Constraint Added"],"fullName":"HARD-006: Cockpit Pressure Fixtures [f09_constraint_added] Strong Constraint Added reaches expected phase: committed","status":"passed","title":"reaches expected phase: committed","duration":42.44770000000017,"failureMessages":[],"meta":{},"tags":[]},{"ancestorTitles":["HARD-006: Cockpit Pressure Fixtures","[f09_constraint_added] Strong Constraint Added"],"fullName":"HARD-006: Cockpit Pressure Fixtures [f09_constraint_added] Strong Constraint Added generateCockpitData produces valid output","status":"passed","title":"generateCockpitData produces valid output","duration":35.71169999999984,"failureMessages":[],"meta":{},"tags":[]},{"ancestorTitles":["HARD-006: Cockpit Pressure Fixtures","[f10_never_deletion] Deleted \"never\" Constraint"],"fullName":"HARD-006: Cockpit Pressure Fixtures [f10_never_deletion] Deleted \"never\" Constraint reaches expected phase: regression_failed","status":"passed","title":"reaches expected phase: regression_failed","duration":24.539399999999887,"failureMessages":[],"meta":{},"tags":[]},{"ancestorTitles":["HARD-006: Cockpit Pressure Fixtures","[f10_never_deletion] Deleted \"never\" Constraint"],"fullName":"HARD-006: Cockpit Pressure Fixtures [f10_never_deletion] Deleted \"never\" Constraint triggers expected failed gates: [constraint_deletion]","status":"passed","title":"triggers expected failed gates: [constraint_deletion]","duration":34.67340000000013,"failureMessages":[],"meta":{},"tags":[]},{"ancestorTitles":["HARD-006: Cockpit Pressure Fixtures","[f10_never_deletion] Deleted \"never\" Constraint"],"fullName":"HARD-006: Cockpit Pressure Fixtures [f10_never_deletion] Deleted \"never\" Constraint generateCockpitData produces valid output","status":"passed","title":"generateCockpitData produces valid output","duration":26.35889999999995,"failureMessages":[],"meta":{},"tags":[]},{"ancestorTitles":["HARD-006: Fixture coverage"],"fullName":"HARD-006: Fixture coverage covers regression_failed fixtures","status":"passed","title":"covers regression_failed fixtures","duration":1.2929999999998927,"failureMessages":[],"meta":{},"tags":[]},{"ancestorTitles":["HARD-006: Fixture coverage"],"fullName":"HARD-006: Fixture coverage covers committed (clean pass) fixtures","status":"passed","title":"covers committed (clean pass) fixtures","duration":1.1158000000000357,"failureMessages":[],"meta":{},"tags":[]},{"ancestorTitles":["HARD-006: Fixture coverage"],"fullName":"HARD-006: Fixture coverage covers undefined_term gate","status":"passed","title":"covers undefined_term gate","duration":0.9217000000001008,"failureMessages":[],"meta":{},"tags":[]},{"ancestorTitles":["HARD-006: Fixture coverage"],"fullName":"HARD-006: Fixture coverage covers constraint_deletion gate","status":"passed","title":"covers constraint_deletion gate","duration":1.1649999999999636,"failureMessages":[],"meta":{},"tags":[]}],"startTime":1777538801389,"endTime":1777538802151.165,"status":"passed","message":"","name":"H:/Boom/pantheon/test/cockpitFixtures.test.ts"},{"assertionResults":[{"ancestorTitles":["CORRUPTION A1: tamper block.text, keep stale content_hash"],"fullName":"CORRUPTION A1: tamper block.text, keep stale content_hash integrityCheck reports block_content_hash_mismatch","status":"passed","title":"integrityCheck reports block_content_hash_mismatch","duration":29.86469999999997,"failureMessages":[],"meta":{},"tags":[]},{"ancestorTitles":["CORRUPTION A2: hand-edit revision_id inside file"],"fullName":"CORRUPTION A2: hand-edit revision_id inside file integrityCheck reports revision_id_filename_mismatch","status":"passed","title":"integrityCheck reports revision_id_filename_mismatch","duration":32.374000000000024,"failureMessages":[],"meta":{},"tags":[]},{"ancestorTitles":["CORRUPTION A3: delete canonical-pointed revision"],"fullName":"CORRUPTION A3: delete canonical-pointed revision integrityCheck reports canonical_target_missing","status":"passed","title":"integrityCheck reports canonical_target_missing","duration":37.93939999999998,"failureMessages":[],"meta":{},"tags":[]},{"ancestorTitles":["CORRUPTION A4: delete parent revision"],"fullName":"CORRUPTION A4: delete parent revision integrityCheck reports parent_chain_broken","status":"passed","title":"integrityCheck reports parent_chain_broken","duration":24.603500000000054,"failureMessages":[],"meta":{},"tags":[]},{"ancestorTitles":["CORRUPTION A5: orphan revision"],"fullName":"CORRUPTION A5: orphan revision integrityCheck reports orphan_revision","status":"passed","title":"integrityCheck reports orphan_revision","duration":23.398400000000038,"failureMessages":[],"meta":{},"tags":[]},{"ancestorTitles":["CORRUPTION A6: .tmp leftover"],"fullName":"CORRUPTION A6: .tmp leftover integrityCheck reports tmp_leftover","status":"passed","title":"integrityCheck reports tmp_leftover","duration":19.705799999999954,"failureMessages":[],"meta":{},"tags":[]},{"ancestorTitles":["CORRUPTION A7: unknown schema_version on canonical path"],"fullName":"CORRUPTION A7: unknown schema_version on canonical path integrityCheck reports schema_version_unknown","status":"passed","title":"integrityCheck reports schema_version_unknown","duration":20.937900000000013,"failureMessages":[],"meta":{},"tags":[]},{"ancestorTitles":["CORRUPTION A11: audit missing critical events"],"fullName":"CORRUPTION A11: audit missing critical events integrityCheck reports audit_missing_created","status":"passed","title":"integrityCheck reports audit_missing_created","duration":22.8904,"failureMessages":[],"meta":{},"tags":[]},{"ancestorTitles":["CORRUPTION B8: forge unauthorized skill output"],"fullName":"CORRUPTION B8: forge unauthorized skill output validator rejects L1 skill trying to produce PatchProposal","status":"passed","title":"validator rejects L1 skill trying to produce PatchProposal","duration":4.460299999999961,"failureMessages":[],"meta":{},"tags":[]},{"ancestorTitles":["CORRUPTION B8: forge unauthorized skill output"],"fullName":"CORRUPTION B8: forge unauthorized skill output validator rejects L1 skill impersonating L2 agent","status":"passed","title":"validator rejects L1 skill impersonating L2 agent","duration":2.3684999999999263,"failureMessages":[],"meta":{},"tags":[]},{"ancestorTitles":["CORRUPTION B9: override targeting non-existent block"],"fullName":"CORRUPTION B9: override targeting non-existent block applyOverridePatch rejects with mechanical integrity error","status":"passed","title":"applyOverridePatch rejects with mechanical integrity error","duration":16.98180000000002,"failureMessages":[],"meta":{},"tags":[]},{"ancestorTitles":["CORRUPTION B10: override with wrong expected_old_hash"],"fullName":"CORRUPTION B10: override with wrong expected_old_hash applyOverridePatch rejects stale/tampered hash","status":"passed","title":"applyOverridePatch rejects stale/tampered hash","duration":12.174199999999928,"failureMessages":[],"meta":{},"tags":[]},{"ancestorTitles":["CORRUPTION COMBINED: multiple corruptions in one store"],"fullName":"CORRUPTION COMBINED: multiple corruptions in one store integrityCheck reports ALL findings, not just the first","status":"passed","title":"integrityCheck reports ALL findings, not just the first","duration":26.162900000000036,"failureMessages":[],"meta":{},"tags":[]},{"ancestorTitles":["CORRUPTION COMBINED: clean store after repair"],"fullName":"CORRUPTION COMBINED: clean store after repair integrityCheck reports 0 findings on fresh clean artifact","status":"passed","title":"integrityCheck reports 0 findings on fresh clean artifact","duration":17.907100000000014,"failureMessages":[],"meta":{},"tags":[]}],"startTime":1777538801264,"endTime":1777538801557.907,"status":"passed","message":"","name":"H:/Boom/pantheon/test/corruption.test.ts"},{"assertionResults":[{"ancestorTitles":["P7a-002: buildCrossBlockIndex"],"fullName":"P7a-002: buildCrossBlockIndex indexes blocks across multiple artifacts","status":"passed","title":"indexes blocks across multiple artifacts","duration":4.418300000000045,"failureMessages":[],"meta":{},"tags":[]},{"ancestorTitles":["P7a-002: orphan_interface_contract"],"fullName":"P7a-002: orphan_interface_contract detects orphan interface blocks with no links","status":"passed","title":"detects orphan interface blocks with no links","duration":1.2871000000000095,"failureMessages":[],"meta":{},"tags":[]},{"ancestorTitles":["P7a-002: orphan_interface_contract"],"fullName":"P7a-002: orphan_interface_contract does not flag non-interface blocks without links","status":"passed","title":"does not flag non-interface blocks without links","duration":0.4370999999999867,"failureMessages":[],"meta":{},"tags":[]},{"ancestorTitles":["P7a-002: orphan_interface_contract"],"fullName":"P7a-002: orphan_interface_contract does not flag interface blocks with valid links","status":"passed","title":"does not flag interface blocks with valid links","duration":0.39030000000002474,"failureMessages":[],"meta":{},"tags":[]},{"ancestorTitles":["P7a-002: orphan_interface_contract"],"fullName":"P7a-002: orphan_interface_contract ignores ArchitectureDraft blocks (only checks InterfaceSpec)","status":"passed","title":"ignores ArchitectureDraft blocks (only checks InterfaceSpec)","duration":1.004099999999994,"failureMessages":[],"meta":{},"tags":[]},{"ancestorTitles":["P7a-002: stale_link"],"fullName":"P7a-002: stale_link detects stale links to non-existent architecture blocks","status":"passed","title":"detects stale links to non-existent architecture blocks","duration":0.6928000000000338,"failureMessages":[],"meta":{},"tags":[]},{"ancestorTitles":["P7a-002: stale_link"],"fullName":"P7a-002: stale_link does not flag valid links","status":"passed","title":"does not flag valid links","duration":0.35370000000000346,"failureMessages":[],"meta":{},"tags":[]},{"ancestorTitles":["P7a-002: stale_link"],"fullName":"P7a-002: stale_link detects multiple stale links on different blocks","status":"passed","title":"detects multiple stale links on different blocks","duration":0.5417999999999665,"failureMessages":[],"meta":{},"tags":[]},{"ancestorTitles":["P7a-002: stale_link"],"fullName":"P7a-002: stale_link does not flag blocks without linked_architecture_blocks","status":"passed","title":"does not flag blocks without linked_architecture_blocks","duration":0.3994999999999891,"failureMessages":[],"meta":{},"tags":[]},{"ancestorTitles":["P7a-002: combined rules"],"fullName":"P7a-002: combined rules finds both orphans and stale links in same artifact set","status":"passed","title":"finds both orphans and stale links in same artifact set","duration":0.6766000000000076,"failureMessages":[],"meta":{},"tags":[]},{"ancestorTitles":["P7a-002: combined rules"],"fullName":"P7a-002: combined rules returns empty for clean artifact set","status":"passed","title":"returns empty for clean artifact set","duration":0.33950000000004366,"failureMessages":[],"meta":{},"tags":[]},{"ancestorTitles":["P7a-002: combined rules"],"fullName":"P7a-002: combined rules returns empty for single ArchitectureDraft (no InterfaceSpec)","status":"passed","title":"returns empty for single ArchitectureDraft (no InterfaceSpec)","duration":0.2545999999999822,"failureMessages":[],"meta":{},"tags":[]}],"startTime":1777538807248,"endTime":1777538807259.3396,"status":"passed","message":"","name":"H:/Boom/pantheon/test/crossArtifactLinter.test.ts"},{"assertionResults":[{"ancestorTitles":["P9-001: DomainProfile"],"fullName":"P9-001: DomainProfile loads the seed profile successfully","status":"passed","title":"loads the seed profile successfully","duration":4.616800000000012,"failureMessages":[],"meta":{},"tags":[]},{"ancestorTitles":["P9-001: DomainProfile"],"fullName":"P9-001: DomainProfile seed profile has artifact_type = ArchitectureDraft","status":"passed","title":"seed profile has artifact_type = ArchitectureDraft","duration":8.20840000000004,"failureMessages":[],"meta":{},"tags":[]},{"ancestorTitles":["P9-001: DomainProfile"],"fullName":"P9-001: DomainProfile seed profile required_concepts have aliases","status":"passed","title":"seed profile required_concepts have aliases","duration":2.836900000000014,"failureMessages":[],"meta":{},"tags":[]},{"ancestorTitles":["P9-001: DomainProfile"],"fullName":"P9-001: DomainProfile seed profile required_sections have aliases","status":"passed","title":"seed profile required_sections have aliases","duration":1.0738999999999805,"failureMessages":[],"meta":{},"tags":[]},{"ancestorTitles":["P9-001: DomainProfile"],"fullName":"P9-001: DomainProfile rejects missing file","status":"passed","title":"rejects missing file","duration":1.995300000000043,"failureMessages":[],"meta":{},"tags":[]},{"ancestorTitles":["P9-001: DomainProfile"],"fullName":"P9-001: DomainProfile rejects non-object JSON","status":"passed","title":"rejects non-object JSON","duration":2.7817000000000007,"failureMessages":[],"meta":{},"tags":[]},{"ancestorTitles":["P9-001: DomainProfile"],"fullName":"P9-001: DomainProfile rejects missing profile_id","status":"passed","title":"rejects missing profile_id","duration":7.640899999999988,"failureMessages":[],"meta":{},"tags":[]},{"ancestorTitles":["P9-001: DomainProfile"],"fullName":"P9-001: DomainProfile rejects missing quality_rubric fields","status":"passed","title":"rejects missing quality_rubric fields","duration":6.741199999999992,"failureMessages":[],"meta":{},"tags":[]},{"ancestorTitles":["P9-001: DomainProfile"],"fullName":"P9-001: DomainProfile rejects missing required_sections","status":"passed","title":"rejects missing required_sections","duration":5.6721,"failureMessages":[],"meta":{},"tags":[]}],"startTime":1777538804620,"endTime":1777538804662.672,"status":"passed","message":"","name":"H:/Boom/pantheon/test/domainProfile.test.ts"},{"assertionResults":[{"ancestorTitles":["P9-002: Domain Quality Evaluator"],"fullName":"P9-002: Domain Quality Evaluator detects missing required sections","status":"passed","title":"detects missing required sections","duration":3.9202999999999975,"failureMessages":[],"meta":{},"tags":[]},{"ancestorTitles":["P9-002: Domain Quality Evaluator"],"fullName":"P9-002: Domain Quality Evaluator matches sections via aliases","status":"passed","title":"matches sections via aliases","duration":0.620900000000006,"failureMessages":[],"meta":{},"tags":[]},{"ancestorTitles":["P9-002: Domain Quality Evaluator"],"fullName":"P9-002: Domain Quality Evaluator detects missing required concepts","status":"passed","title":"detects missing required concepts","duration":0.5096999999999525,"failureMessages":[],"meta":{},"tags":[]},{"ancestorTitles":["P9-002: Domain Quality Evaluator"],"fullName":"P9-002: Domain Quality Evaluator matches concepts via aliases","status":"passed","title":"matches concepts via aliases","duration":0.2925999999999931,"failureMessages":[],"meta":{},"tags":[]},{"ancestorTitles":["P9-002: Domain Quality Evaluator"],"fullName":"P9-002: Domain Quality Evaluator matches concepts via terms[]","status":"passed","title":"matches concepts via terms[]","duration":0.4154999999999518,"failureMessages":[],"meta":{},"tags":[]},{"ancestorTitles":["P9-002: Domain Quality Evaluator"],"fullName":"P9-002: Domain Quality Evaluator detects forbidden generic phrases","status":"passed","title":"detects forbidden generic phrases","duration":0.47309999999993124,"failureMessages":[],"meta":{},"tags":[]},{"ancestorTitles":["P9-002: Domain Quality Evaluator"],"fullName":"P9-002: Domain Quality Evaluator detects vague commitments","status":"passed","title":"detects vague commitments","duration":0.4048000000000229,"failureMessages":[],"meta":{},"tags":[]},{"ancestorTitles":["P9-002: Domain Quality Evaluator"],"fullName":"P9-002: Domain Quality Evaluator detects placeholder/TBD blocks","status":"passed","title":"detects placeholder/TBD blocks","duration":0.32780000000002474,"failureMessages":[],"meta":{},"tags":[]},{"ancestorTitles":["P9-002: Domain Quality Evaluator"],"fullName":"P9-002: Domain Quality Evaluator excludes placeholder blocks from concept coverage","status":"passed","title":"excludes placeholder blocks from concept coverage","duration":0.31790000000000873,"failureMessages":[],"meta":{},"tags":[]},{"ancestorTitles":["P9-002: Domain Quality Evaluator"],"fullName":"P9-002: Domain Quality Evaluator detects blocks with no domain concepts","status":"passed","title":"detects blocks with no domain concepts","duration":0.3730000000000473,"failureMessages":[],"meta":{},"tags":[]},{"ancestorTitles":["P9-002: Domain Quality Evaluator"],"fullName":"P9-002: Domain Quality Evaluator good artifact scores well","status":"passed","title":"good artifact scores well","duration":0.36990000000002965,"failureMessages":[],"meta":{},"tags":[]},{"ancestorTitles":["P9-002: Score & Recommendation"],"fullName":"P9-002: Score & Recommendation score formula is deterministic","status":"passed","title":"score formula is deterministic","duration":0.316599999999994,"failureMessages":[],"meta":{},"tags":[]},{"ancestorTitles":["P9-002: Score & Recommendation"],"fullName":"P9-002: Score & Recommendation bad artifact gets reject_draft","status":"passed","title":"bad artifact gets reject_draft","duration":0.22550000000001091,"failureMessages":[],"meta":{},"tags":[]},{"ancestorTitles":["P9-002: Score & Recommendation"],"fullName":"P9-002: Score & Recommendation missing required section forces reject_draft regardless of score","status":"passed","title":"missing required section forces reject_draft regardless of score","duration":0.27899999999999636,"failureMessages":[],"meta":{},"tags":[]},{"ancestorTitles":["P9-002: Score & Recommendation"],"fullName":"P9-002: Score & Recommendation score is capped at 100 and floored at 0","status":"passed","title":"score is capped at 100 and floored at 0","duration":0.47090000000002874,"failureMessages":[],"meta":{},"tags":[]},{"ancestorTitles":["P9-002: Score & Recommendation"],"fullName":"P9-002: Score & Recommendation report has correct block and section counts","status":"passed","title":"report has correct block and section counts","duration":0.2636999999999716,"failureMessages":[],"meta":{},"tags":[]},{"ancestorTitles":["P9-002: Score & Recommendation"],"fullName":"P9-002: Score & Recommendation rejects draft below min_blocks","status":"passed","title":"rejects draft below min_blocks","duration":0.3506999999999607,"failureMessages":[],"meta":{},"tags":[]},{"ancestorTitles":["P9-002: Score & Recommendation"],"fullName":"P9-002: Score & Recommendation rejects draft below min_sections","status":"passed","title":"rejects draft below min_sections","duration":0.2586000000000013,"failureMessages":[],"meta":{},"tags":[]},{"ancestorTitles":["P9-002: Score & Recommendation"],"fullName":"P9-002: Score & Recommendation rejects draft below min_required_concept_coverage","status":"passed","title":"rejects draft below min_required_concept_coverage","duration":0.2676999999999907,"failureMessages":[],"meta":{},"tags":[]},{"ancestorTitles":["P9-002: Score & Recommendation"],"fullName":"P9-002: Score & Recommendation rejects draft above max_blocks","status":"passed","title":"rejects draft above max_blocks","duration":0.2884999999999991,"failureMessages":[],"meta":{},"tags":[]}],"startTime":1777538806919,"endTime":1777538806930.2886,"status":"passed","message":"","name":"H:/Boom/pantheon/test/domainQualityEvaluator.test.ts"},{"assertionResults":[{"ancestorTitles":["P9-005: Draft Intake"],"fullName":"P9-005: Draft Intake accept_as_seed does NOT create canonical pointer","status":"passed","title":"accept_as_seed does NOT create canonical pointer","duration":31.592399999999998,"failureMessages":[],"meta":{},"tags":[]},{"ancestorTitles":["P9-005: Draft Intake"],"fullName":"P9-005: Draft Intake reject_draft writes to DecisionLog","status":"passed","title":"reject_draft writes to DecisionLog","duration":15.537399999999934,"failureMessages":[],"meta":{},"tags":[]},{"ancestorTitles":["P9-005: Draft Intake"],"fullName":"P9-005: Draft Intake accept_for_cleanup writes to DecisionLog","status":"passed","title":"accept_for_cleanup writes to DecisionLog","duration":12.50260000000003,"failureMessages":[],"meta":{},"tags":[]},{"ancestorTitles":["P9-005: Draft Intake"],"fullName":"P9-005: Draft Intake accept_as_seed writes to DecisionLog with quality snapshot","status":"passed","title":"accept_as_seed writes to DecisionLog with quality snapshot","duration":13.837099999999964,"failureMessages":[],"meta":{},"tags":[]},{"ancestorTitles":["P9-005: Draft Intake"],"fullName":"P9-005: Draft Intake rejects missing rationale","status":"passed","title":"rejects missing rationale","duration":11.019199999999955,"failureMessages":[],"meta":{},"tags":[]},{"ancestorTitles":["P9-005: Draft Intake"],"fullName":"P9-005: Draft Intake rejects missing operator_id","status":"passed","title":"rejects missing operator_id","duration":14.90449999999987,"failureMessages":[],"meta":{},"tags":[]},{"ancestorTitles":["P9-005: Draft Intake"],"fullName":"P9-005: Draft Intake rejects missing quarantine item","status":"passed","title":"rejects missing quarantine item","duration":11.608899999999949,"failureMessages":[],"meta":{},"tags":[]},{"ancestorTitles":["P9-005: Draft Intake"],"fullName":"P9-005: Draft Intake rejects invalid decision type","status":"passed","title":"rejects invalid decision type","duration":9.932600000000093,"failureMessages":[],"meta":{},"tags":[]}],"startTime":1777538803293,"endTime":1777538803413.9326,"status":"passed","message":"","name":"H:/Boom/pantheon/test/draftIntake.test.ts"},{"assertionResults":[{"ancestorTitles":["P8-001: DraftValidator"],"fullName":"P8-001: DraftValidator rejects non-object input","status":"passed","title":"rejects non-object input","duration":7.955600000000004,"failureMessages":[],"meta":{},"tags":[]},{"ancestorTitles":["P8-001: DraftValidator"],"fullName":"P8-001: DraftValidator rejects invalid artifact_type","status":"passed","title":"rejects invalid artifact_type","duration":0.6235000000000355,"failureMessages":[],"meta":{},"tags":[]},{"ancestorTitles":["P8-001: DraftValidator"],"fullName":"P8-001: DraftValidator warns about wrong schema_version and host overrides","status":"passed","title":"warns about wrong schema_version and host overrides","duration":4.613299999999981,"failureMessages":[],"meta":{},"tags":[]},{"ancestorTitles":["P8-001: DraftValidator"],"fullName":"P8-001: DraftValidator rejects missing artifact_id","status":"passed","title":"rejects missing artifact_id","duration":0.7785000000000082,"failureMessages":[],"meta":{},"tags":[]},{"ancestorTitles":["P8-001: DraftValidator"],"fullName":"P8-001: DraftValidator rejects invalid artifact_id format","status":"passed","title":"rejects invalid artifact_id format","duration":0.6793999999999869,"failureMessages":[],"meta":{},"tags":[]},{"ancestorTitles":["P8-001: DraftValidator"],"fullName":"P8-001: DraftValidator rejects artifact_id collision","status":"passed","title":"rejects artifact_id collision","duration":0.25900000000001455,"failureMessages":[],"meta":{},"tags":[]},{"ancestorTitles":["P8-001: DraftValidator"],"fullName":"P8-001: DraftValidator rejects empty sections","status":"passed","title":"rejects empty sections","duration":0.3346000000000231,"failureMessages":[],"meta":{},"tags":[]},{"ancestorTitles":["P8-001: DraftValidator"],"fullName":"P8-001: DraftValidator rejects duplicate section_id","status":"passed","title":"rejects duplicate section_id","duration":0.25120000000003984,"failureMessages":[],"meta":{},"tags":[]},{"ancestorTitles":["P8-001: DraftValidator"],"fullName":"P8-001: DraftValidator rejects missing section title","status":"passed","title":"rejects missing section title","duration":0.30600000000004,"failureMessages":[],"meta":{},"tags":[]},{"ancestorTitles":["P8-001: DraftValidator"],"fullName":"P8-001: DraftValidator rejects section with no blocks","status":"passed","title":"rejects section with no blocks","duration":0.3423999999999978,"failureMessages":[],"meta":{},"tags":[]},{"ancestorTitles":["P8-001: DraftValidator"],"fullName":"P8-001: DraftValidator rejects duplicate block_id","status":"passed","title":"rejects duplicate block_id","duration":0.19409999999993488,"failureMessages":[],"meta":{},"tags":[]},{"ancestorTitles":["P8-001: DraftValidator"],"fullName":"P8-001: DraftValidator rejects invalid block type","status":"passed","title":"rejects invalid block type","duration":0.20850000000007185,"failureMessages":[],"meta":{},"tags":[]},{"ancestorTitles":["P8-001: DraftValidator"],"fullName":"P8-001: DraftValidator rejects empty block text","status":"passed","title":"rejects empty block text","duration":0.24099999999998545,"failureMessages":[],"meta":{},"tags":[]},{"ancestorTitles":["P8-001: DraftValidator"],"fullName":"P8-001: DraftValidator rejects invalid initial status","status":"passed","title":"rejects invalid initial status","duration":0.23130000000003292,"failureMessages":[],"meta":{},"tags":[]},{"ancestorTitles":["P8-001: DraftValidator"],"fullName":"P8-001: DraftValidator warns about LLM-provided revision_id","status":"passed","title":"warns about LLM-provided revision_id","duration":0.38049999999998363,"failureMessages":[],"meta":{},"tags":[]},{"ancestorTitles":["P8-001: DraftValidator"],"fullName":"P8-001: DraftValidator accepts valid draft and finalizes with host hashes","status":"passed","title":"accepts valid draft and finalizes with host hashes","duration":0.9202000000000226,"failureMessages":[],"meta":{},"tags":[]},{"ancestorTitles":["P8-001: DraftValidator"],"fullName":"P8-001: DraftValidator produces deterministic output for same input","status":"passed","title":"produces deterministic output for same input","duration":1.0373999999999342,"failureMessages":[],"meta":{},"tags":[]},{"ancestorTitles":["P8-001: DraftValidator"],"fullName":"P8-001: DraftValidator overwrites LLM-provided content_hash","status":"passed","title":"overwrites LLM-provided content_hash","duration":0.8257999999999583,"failureMessages":[],"meta":{},"tags":[]},{"ancestorTitles":["P8-001: DraftValidator"],"fullName":"P8-001: DraftValidator accepts when no collision exists","status":"passed","title":"accepts when no collision exists","duration":0.3126999999999498,"failureMessages":[],"meta":{},"tags":[]},{"ancestorTitles":["P8-001: DraftValidator"],"fullName":"P8-001: DraftValidator accepts draft with cross-artifact linked_architecture_blocks","status":"passed","title":"accepts draft with cross-artifact linked_architecture_blocks","duration":0.37019999999995434,"failureMessages":[],"meta":{},"tags":[]},{"ancestorTitles":["P8-001: DraftValidator"],"fullName":"P8-001: DraftValidator accepts draft with cross-artifact linked_interface_blocks","status":"passed","title":"accepts draft with cross-artifact linked_interface_blocks","duration":0.383199999999988,"failureMessages":[],"meta":{},"tags":[]},{"ancestorTitles":["P8-001: DraftValidator"],"fullName":"P8-001: DraftValidator warns when linked_* fields reference blocks within the same artifact","status":"passed","title":"warns when linked_* fields reference blocks within the same artifact","duration":0.49119999999993524,"failureMessages":[],"meta":{},"tags":[]},{"ancestorTitles":["P8-001: DraftValidator"],"fullName":"P8-001: DraftValidator accepts internal links without dangling error","status":"passed","title":"accepts internal links without dangling error","duration":0.2380000000000564,"failureMessages":[],"meta":{},"tags":[]}],"startTime":1777538806049,"endTime":1777538806071.4912,"status":"passed","message":"","name":"H:/Boom/pantheon/test/draftValidator.test.ts"},{"assertionResults":[{"ancestorTitles":["§21 Complete Closed Loop"],"fullName":"§21 Complete Closed Loop full pipeline: rev_001 → linter → patch → regression_failed → override → rev_override → canonical updated","status":"passed","title":"full pipeline: rev_001 → linter → patch → regression_failed → override → rev_override → canonical updated","duration":74.27249999999992,"failureMessages":[],"meta":{},"tags":[]},{"ancestorTitles":["Pipeline orchestrator"],"fullName":"Pipeline orchestrator runs full pipeline and halts at regression_failed","status":"passed","title":"runs full pipeline and halts at regression_failed","duration":29.505300000000034,"failureMessages":[],"meta":{},"tags":[]},{"ancestorTitles":["Pipeline orchestrator"],"fullName":"Pipeline orchestrator human override completes the pipeline","status":"passed","title":"human override completes the pipeline","duration":36.84979999999996,"failureMessages":[],"meta":{},"tags":[]},{"ancestorTitles":["Pipeline orchestrator"],"fullName":"Pipeline orchestrator generateCockpitData produces structured output","status":"passed","title":"generateCockpitData produces structured output","duration":23.782600000000002,"failureMessages":[],"meta":{},"tags":[]},{"ancestorTitles":["§18 Acceptance Criteria – individual verification"],"fullName":"§18 Acceptance Criteria – individual verification #1: JSON Artifact can be created","status":"passed","title":"#1: JSON Artifact can be created","duration":15.947100000000091,"failureMessages":[],"meta":{},"tags":[]},{"ancestorTitles":["§18 Acceptance Criteria – individual verification"],"fullName":"§18 Acceptance Criteria – individual verification #2: Schema validates correctly","status":"passed","title":"#2: Schema validates correctly","duration":2.0638000000000147,"failureMessages":[],"meta":{},"tags":[]},{"ancestorTitles":["§18 Acceptance Criteria – individual verification"],"fullName":"§18 Acceptance Criteria – individual verification #3: Revision can be saved and loaded","status":"passed","title":"#3: Revision can be saved and loaded","duration":13.694099999999935,"failureMessages":[],"meta":{},"tags":[]},{"ancestorTitles":["§18 Acceptance Criteria – individual verification"],"fullName":"§18 Acceptance Criteria – individual verification #4: Deterministic linter generates issue","status":"passed","title":"#4: Deterministic linter generates issue","duration":2.1024000000001024,"failureMessages":[],"meta":{},"tags":[]},{"ancestorTitles":["§18 Acceptance Criteria – individual verification"],"fullName":"§18 Acceptance Criteria – individual verification #5: Issue validated through gate pipeline","status":"passed","title":"#5: Issue validated through gate pipeline","duration":2.6939000000000988,"failureMessages":[],"meta":{},"tags":[]},{"ancestorTitles":["§18 Acceptance Criteria – individual verification"],"fullName":"§18 Acceptance Criteria – individual verification #6: PatchProposal compiled to ArtifactPatch","status":"passed","title":"#6: PatchProposal compiled to ArtifactPatch","duration":2.159400000000005,"failureMessages":[],"meta":{},"tags":[]},{"ancestorTitles":["§18 Acceptance Criteria – individual verification"],"fullName":"§18 Acceptance Criteria – individual verification #7: applyPatch generates candidate on hash match","status":"passed","title":"#7: applyPatch generates candidate on hash match","duration":1.4069000000000642,"failureMessages":[],"meta":{},"tags":[]},{"ancestorTitles":["§18 Acceptance Criteria – individual verification"],"fullName":"§18 Acceptance Criteria – individual verification #8: applyPatch rejects on hash mismatch","status":"passed","title":"#8: applyPatch rejects on hash mismatch","duration":1.79950000000008,"failureMessages":[],"meta":{},"tags":[]},{"ancestorTitles":["§18 Acceptance Criteria – individual verification"],"fullName":"§18 Acceptance Criteria – individual verification #9: Semantic regression intercepts undefined term","status":"passed","title":"#9: Semantic regression intercepts undefined term","duration":1.5458999999999605,"failureMessages":[],"meta":{},"tags":[]},{"ancestorTitles":["§18 Acceptance Criteria – individual verification"],"fullName":"§18 Acceptance Criteria – individual verification #10: Human override generates new revision + updates canonical","status":"passed","title":"#10: Human override generates new revision + updates canonical","duration":30.083399999999983,"failureMessages":[],"meta":{},"tags":[]}],"startTime":1777538801326,"endTime":1777538801564.0835,"status":"passed","message":"","name":"H:/Boom/pantheon/test/e2e.test.ts"},{"assertionResults":[{"ancestorTitles":["P18.1: Gate Completeness Registry"],"fullName":"P18.1: Gate Completeness Registry has exactly 14 gates registered","status":"passed","title":"has exactly 14 gates registered","duration":2.076999999999998,"failureMessages":[],"meta":{},"tags":[]},{"ancestorTitles":["P18.1: Gate Completeness Registry"],"fullName":"P18.1: Gate Completeness Registry all gate_ids are unique","status":"passed","title":"all gate_ids are unique","duration":0.3287000000000262,"failureMessages":[],"meta":{},"tags":[]},{"ancestorTitles":["P18.1: Gate Completeness Registry"],"fullName":"P18.1: Gate Completeness Registry every gate has a non-empty gate_id","status":"passed","title":"every gate has a non-empty gate_id","duration":0.8136000000000649,"failureMessages":[],"meta":{},"tags":[]},{"ancestorTitles":["P18.1: Gate Completeness Registry"],"fullName":"P18.1: Gate Completeness Registry every gate has a non-empty gate_name","status":"passed","title":"every gate has a non-empty gate_name","duration":0.5194999999999936,"failureMessages":[],"meta":{},"tags":[]},{"ancestorTitles":["P18.1: Gate Completeness Registry"],"fullName":"P18.1: Gate Completeness Registry every source_file references an existing file","status":"passed","title":"every source_file references an existing file","duration":2.1491000000000895,"failureMessages":[],"meta":{},"tags":[]},{"ancestorTitles":["P18.1: Gate Completeness Registry"],"fullName":"P18.1: Gate Completeness Registry every regression_test file exists","status":"passed","title":"every regression_test file exists","duration":2.330500000000029,"failureMessages":[],"meta":{},"tags":[]},{"ancestorTitles":["P18.1: Gate Completeness Registry"],"fullName":"P18.1: Gate Completeness Registry every regression_test has file + name","status":"passed","title":"every regression_test has file + name","duration":2.3935000000000173,"failureMessages":[],"meta":{},"tags":[]},{"ancestorTitles":["P18.1: Gate Completeness Registry"],"fullName":"P18.1: Gate Completeness Registry every regression_test name exists in the referenced test file","status":"passed","title":"every regression_test name exists in the referenced test file","duration":7.743200000000002,"failureMessages":[],"meta":{},"tags":[]},{"ancestorTitles":["P18.1: Gate Completeness Registry"],"fullName":"P18.1: Gate Completeness Registry every gate has at least 1 fail_closed_case","status":"passed","title":"every gate has at least 1 fail_closed_case","duration":0.5774999999999864,"failureMessages":[],"meta":{},"tags":[]},{"ancestorTitles":["P18.1: Gate Completeness Registry"],"fullName":"P18.1: Gate Completeness Registry every gate has at least 1 primary_owned_field","status":"passed","title":"every gate has at least 1 primary_owned_field","duration":0.5796000000000276,"failureMessages":[],"meta":{},"tags":[]},{"ancestorTitles":["P18.1: Gate Completeness Registry"],"fullName":"P18.1: Gate Completeness Registry every gate has at least 1 required_check","status":"passed","title":"every gate has at least 1 required_check","duration":0.453899999999976,"failureMessages":[],"meta":{},"tags":[]},{"ancestorTitles":["P18.1: Gate Completeness Registry"],"fullName":"P18.1: Gate Completeness Registry every gate has at least 1 known_non_goal","status":"passed","title":"every gate has at least 1 known_non_goal","duration":0.6371000000000322,"failureMessages":[],"meta":{},"tags":[]},{"ancestorTitles":["P18.1: Gate Completeness Registry"],"fullName":"P18.1: Gate Completeness Registry getGateById returns correct gate","status":"passed","title":"getGateById returns correct gate","duration":0.2573000000001002,"failureMessages":[],"meta":{},"tags":[]},{"ancestorTitles":["P18.1: Gate Completeness Registry"],"fullName":"P18.1: Gate Completeness Registry getGateById returns undefined for unknown","status":"passed","title":"getGateById returns undefined for unknown","duration":0.16030000000000655,"failureMessages":[],"meta":{},"tags":[]},{"ancestorTitles":["P18.1: Gate Completeness Registry"],"fullName":"P18.1: Gate Completeness Registry getGatesByPhase returns correct gates","status":"passed","title":"getGatesByPhase returns correct gates","duration":0.29300000000000637,"failureMessages":[],"meta":{},"tags":[]},{"ancestorTitles":["P18.1: Gate Completeness Registry"],"fullName":"P18.1: Gate Completeness Registry no field is primary-owned by zero gates (known field check)","status":"passed","title":"no field is primary-owned by zero gates (known field check)","duration":0.24320000000000164,"failureMessages":[],"meta":{},"tags":[]},{"ancestorTitles":["P18.1: Gate Completeness Registry"],"fullName":"P18.1: Gate Completeness Registry covers gates from P2 through P18","status":"passed","title":"covers gates from P2 through P18","duration":0.22269999999991796,"failureMessages":[],"meta":{},"tags":[]}],"startTime":1777538804923,"endTime":1777538804945.2432,"status":"passed","message":"","name":"H:/Boom/pantheon/test/gateRegistry.test.ts"},{"assertionResults":[{"ancestorTitles":["stableSerialize"],"fullName":"stableSerialize produces identical output regardless of key order","status":"passed","title":"produces identical output regardless of key order","duration":2.1724999999999,"failureMessages":[],"meta":{},"tags":[]},{"ancestorTitles":["stableSerialize"],"fullName":"stableSerialize handles nested objects with different key orders","status":"passed","title":"handles nested objects with different key orders","duration":0.26549999999997453,"failureMessages":[],"meta":{},"tags":[]},{"ancestorTitles":["stableSerialize"],"fullName":"stableSerialize handles arrays (order preserved)","status":"passed","title":"handles arrays (order preserved)","duration":1.182299999999941,"failureMessages":[],"meta":{},"tags":[]},{"ancestorTitles":["stableSerialize"],"fullName":"stableSerialize omits undefined values","status":"passed","title":"omits undefined values","duration":0.4594999999999345,"failureMessages":[],"meta":{},"tags":[]},{"ancestorTitles":["stableSerialize"],"fullName":"stableSerialize exports SERIALIZATION_VERSION as stable_json_v1","status":"passed","title":"exports SERIALIZATION_VERSION as stable_json_v1","duration":0.3190999999999349,"failureMessages":[],"meta":{},"tags":[]},{"ancestorTitles":["computeHash"],"fullName":"computeHash returns sha256-prefixed hex digest","status":"passed","title":"returns sha256-prefixed hex digest","duration":1.053600000000074,"failureMessages":[],"meta":{},"tags":[]},{"ancestorTitles":["computeHash"],"fullName":"computeHash is deterministic","status":"passed","title":"is deterministic","duration":0.29539999999997235,"failureMessages":[],"meta":{},"tags":[]},{"ancestorTitles":["computeHash"],"fullName":"computeHash changes with different input","status":"passed","title":"changes with different input","duration":0.3925000000000409,"failureMessages":[],"meta":{},"tags":[]},{"ancestorTitles":["computeBlockContentHash"],"fullName":"computeBlockContentHash Day1-Test-1: 字段顺序不同, hash 相同","status":"passed","title":"Day1-Test-1: 字段顺序不同, hash 相同","duration":0.6757000000000062,"failureMessages":[],"meta":{},"tags":[]},{"ancestorTitles":["computeBlockContentHash"],"fullName":"computeBlockContentHash Day1-Test-2: 动态 metadata 不影响 content_hash","status":"passed","title":"Day1-Test-2: 动态 metadata 不影响 content_hash","duration":0.5022999999999911,"failureMessages":[],"meta":{},"tags":[]},{"ancestorTitles":["computeBlockContentHash"],"fullName":"computeBlockContentHash Day1-Test-3: text 改变, hash 改变","status":"passed","title":"Day1-Test-3: text 改变, hash 改变","duration":0.24220000000002528,"failureMessages":[],"meta":{},"tags":[]},{"ancestorTitles":["computeBlockContentHash"],"fullName":"computeBlockContentHash rationale change causes hash change","status":"passed","title":"rationale change causes hash change","duration":0.20289999999999964,"failureMessages":[],"meta":{},"tags":[]},{"ancestorTitles":["computeBlockContentHash"],"fullName":"computeBlockContentHash type change causes hash change","status":"passed","title":"type change causes hash change","duration":0.16409999999996217,"failureMessages":[],"meta":{},"tags":[]},{"ancestorTitles":["computeBlockContentHash"],"fullName":"computeBlockContentHash terms change causes hash change","status":"passed","title":"terms change causes hash change","duration":0.15410000000008495,"failureMessages":[],"meta":{},"tags":[]},{"ancestorTitles":["computeBlockContentHash"],"fullName":"computeBlockContentHash absent rationale vs present rationale yields different hash","status":"passed","title":"absent rationale vs present rationale yields different hash","duration":0.1534000000000333,"failureMessages":[],"meta":{},"tags":[]},{"ancestorTitles":["computeBlockContentHash"],"fullName":"computeBlockContentHash absent terms vs present terms yields different hash","status":"passed","title":"absent terms vs present terms yields different hash","duration":0.16470000000003893,"failureMessages":[],"meta":{},"tags":[]},{"ancestorTitles":["extractContentHashInput"],"fullName":"extractContentHashInput includes only type, text, rationale, terms","status":"passed","title":"includes only type, text, rationale, terms","duration":1.268100000000004,"failureMessages":[],"meta":{},"tags":[]},{"ancestorTitles":["extractContentHashInput"],"fullName":"extractContentHashInput excludes rationale and terms when undefined","status":"passed","title":"excludes rationale and terms when undefined","duration":0.1674999999999045,"failureMessages":[],"meta":{},"tags":[]},{"ancestorTitles":["computeArtifactHash"],"fullName":"computeArtifactHash Day1-Test-4: schema_version 改变, revision_hash 改变","status":"passed","title":"Day1-Test-4: schema_version 改变, revision_hash 改变","duration":0.5919000000000096,"failureMessages":[],"meta":{},"tags":[]},{"ancestorTitles":["computeArtifactHash"],"fullName":"computeArtifactHash is deterministic for identical artifacts","status":"passed","title":"is deterministic for identical artifacts","duration":0.28759999999999764,"failureMessages":[],"meta":{},"tags":[]},{"ancestorTitles":["computeArtifactHash"],"fullName":"computeArtifactHash ArtifactMetadata does NOT affect revision hash (ref: §4.1.1)","status":"passed","title":"ArtifactMetadata does NOT affect revision hash (ref: §4.1.1)","duration":0.2481000000000222,"failureMessages":[],"meta":{},"tags":[]},{"ancestorTitles":["computeArtifactHash"],"fullName":"computeArtifactHash artifact_id change causes hash change","status":"passed","title":"artifact_id change causes hash change","duration":0.3426999999999225,"failureMessages":[],"meta":{},"tags":[]},{"ancestorTitles":["computeArtifactHash"],"fullName":"computeArtifactHash parent_revision_id change causes hash change","status":"passed","title":"parent_revision_id change causes hash change","duration":0.3023000000000593,"failureMessages":[],"meta":{},"tags":[]},{"ancestorTitles":["computeArtifactHash"],"fullName":"computeArtifactHash block content change causes revision hash change","status":"passed","title":"block content change causes revision hash change","duration":0.2724000000000615,"failureMessages":[],"meta":{},"tags":[]},{"ancestorTitles":["extractRevisionHashInput"],"fullName":"extractRevisionHashInput excludes metadata from revision hash input","status":"passed","title":"excludes metadata from revision hash input","duration":0.21199999999998909,"failureMessages":[],"meta":{},"tags":[]},{"ancestorTitles":["extractRevisionHashInput"],"fullName":"extractRevisionHashInput includes structural fields","status":"passed","title":"includes structural fields","duration":0.4189000000000078,"failureMessages":[],"meta":{},"tags":[]},{"ancestorTitles":["extractRevisionHashInput"],"fullName":"extractRevisionHashInput blocks are represented only by block_id + content_hash","status":"passed","title":"blocks are represented only by block_id + content_hash","duration":0.3808999999999969,"failureMessages":[],"meta":{},"tags":[]},{"ancestorTitles":["computeRevisionId"],"fullName":"computeRevisionId returns rev_ prefixed string with 12 hex chars","status":"passed","title":"returns rev_ prefixed string with 12 hex chars","duration":0.2717000000000098,"failureMessages":[],"meta":{},"tags":[]},{"ancestorTitles":["computeRevisionId"],"fullName":"computeRevisionId is deterministic","status":"passed","title":"is deterministic","duration":0.20040000000005875,"failureMessages":[],"meta":{},"tags":[]},{"ancestorTitles":["computeRevisionId"],"fullName":"computeRevisionId changes when artifact content changes","status":"passed","title":"changes when artifact content changes","duration":0.27100000000007185,"failureMessages":[],"meta":{},"tags":[]},{"ancestorTitles":["getHashMeta"],"fullName":"getHashMeta returns correct algorithm and serialization version","status":"passed","title":"returns correct algorithm and serialization version","duration":0.165300000000002,"failureMessages":[],"meta":{},"tags":[]}],"startTime":1777538806088,"endTime":1777538806103.271,"status":"passed","message":"","name":"H:/Boom/pantheon/test/hash.test.ts"},{"assertionResults":[{"ancestorTitles":["P8-003: Idea-to-Draft Pipeline"],"fullName":"P8-003: Idea-to-Draft Pipeline succeeds with valid LLM output","status":"passed","title":"succeeds with valid LLM output","duration":20.758899999999926,"failureMessages":[],"meta":{},"tags":[]},{"ancestorTitles":["P8-003: Idea-to-Draft Pipeline"],"fullName":"P8-003: Idea-to-Draft Pipeline host recomputes all hashes","status":"passed","title":"host recomputes all hashes","duration":8.667100000000005,"failureMessages":[],"meta":{},"tags":[]},{"ancestorTitles":["P8-003: Idea-to-Draft Pipeline"],"fullName":"P8-003: Idea-to-Draft Pipeline handles JSON parse failure","status":"passed","title":"handles JSON parse failure","duration":1.5083999999999378,"failureMessages":[],"meta":{},"tags":[]},{"ancestorTitles":["P8-003: Idea-to-Draft Pipeline"],"fullName":"P8-003: Idea-to-Draft Pipeline handles DraftValidator rejection","status":"passed","title":"handles DraftValidator rejection","duration":1.1737000000000535,"failureMessages":[],"meta":{},"tags":[]},{"ancestorTitles":["P8-003: Idea-to-Draft Pipeline"],"fullName":"P8-003: Idea-to-Draft Pipeline strips markdown code fences from LLM output","status":"passed","title":"strips markdown code fences from LLM output","duration":8.997799999999984,"failureMessages":[],"meta":{},"tags":[]},{"ancestorTitles":["P8-003: Idea-to-Draft Pipeline"],"fullName":"P8-003: Idea-to-Draft Pipeline handles LLM error","status":"passed","title":"handles LLM error","duration":6.031600000000026,"failureMessages":[],"meta":{},"tags":[]},{"ancestorTitles":["P8-003: Idea-to-Draft Pipeline"],"fullName":"P8-003: Idea-to-Draft Pipeline detects collision with existing artifact IDs","status":"passed","title":"detects collision with existing artifact IDs","duration":1.5213999999999714,"failureMessages":[],"meta":{},"tags":[]},{"ancestorTitles":["P8-003: Idea-to-Draft Pipeline"],"fullName":"P8-003: Idea-to-Draft Pipeline saves raw output to draft_runs directory","status":"passed","title":"saves raw output to draft_runs directory","duration":18.03550000000007,"failureMessages":[],"meta":{},"tags":[]}],"startTime":1777538803324,"endTime":1777538803391.0354,"status":"passed","message":"","name":"H:/Boom/pantheon/test/ideaToDraft.test.ts"},{"assertionResults":[{"ancestorTitles":["integrityCheck �?clean store"],"fullName":"integrityCheck �?clean store reports no findings on a correctly created artifact","status":"passed","title":"reports no findings on a correctly created artifact","duration":33.72000000000003,"failureMessages":[],"meta":{},"tags":[]},{"ancestorTitles":["integrityCheck �?clean store"],"fullName":"integrityCheck �?clean store reports no findings on empty data directory","status":"passed","title":"reports no findings on empty data directory","duration":3.5009000000000015,"failureMessages":[],"meta":{},"tags":[]},{"ancestorTitles":["Check 1: canonical pointer target"],"fullName":"Check 1: canonical pointer target detects canonical pointing to non-existent revision","status":"passed","title":"detects canonical pointing to non-existent revision","duration":25.90449999999987,"failureMessages":[],"meta":{},"tags":[]},{"ancestorTitles":["Check 1: canonical pointer target"],"fullName":"Check 1: canonical pointer target detects canonical pointer file containing null","status":"passed","title":"detects canonical pointer file containing null","duration":45.77539999999999,"failureMessages":[],"meta":{},"tags":[]},{"ancestorTitles":["Check 1: canonical pointer target"],"fullName":"Check 1: canonical pointer target detects canonical pointer file containing an array","status":"passed","title":"detects canonical pointer file containing an array","duration":33.81700000000001,"failureMessages":[],"meta":{},"tags":[]},{"ancestorTitles":["Check 1: canonical pointer target"],"fullName":"Check 1: canonical pointer target detects canonical pointer file containing a string","status":"passed","title":"detects canonical pointer file containing a string","duration":27.551600000000008,"failureMessages":[],"meta":{},"tags":[]},{"ancestorTitles":["Check 1: canonical pointer target"],"fullName":"Check 1: canonical pointer target detects canonical pointer missing current_revision_id","status":"passed","title":"detects canonical pointer missing current_revision_id","duration":31.69049999999993,"failureMessages":[],"meta":{},"tags":[]},{"ancestorTitles":["Check 1: canonical pointer target"],"fullName":"Check 1: canonical pointer target detects canonical pointer with missing artifact_id","status":"passed","title":"detects canonical pointer with missing artifact_id","duration":24.489900000000034,"failureMessages":[],"meta":{},"tags":[]},{"ancestorTitles":["Check 1: canonical pointer target"],"fullName":"Check 1: canonical pointer target detects canonical pointer with mismatched artifact_id","status":"passed","title":"detects canonical pointer with mismatched artifact_id","duration":34.60410000000002,"failureMessages":[],"meta":{},"tags":[]},{"ancestorTitles":["Check 2: revision parse + schema"],"fullName":"Check 2: revision parse + schema detects unparseable revision JSON","status":"passed","title":"detects unparseable revision JSON","duration":29.028500000000122,"failureMessages":[],"meta":{},"tags":[]},{"ancestorTitles":["Check 2: revision parse + schema"],"fullName":"Check 2: revision parse + schema detects unknown schema_version","status":"passed","title":"detects unknown schema_version","duration":34.77839999999992,"failureMessages":[],"meta":{},"tags":[]},{"ancestorTitles":["Check 3: block content_hash"],"fullName":"Check 3: block content_hash detects tampered block text with stale hash","status":"passed","title":"detects tampered block text with stale hash","duration":30.340599999999995,"failureMessages":[],"meta":{},"tags":[]},{"ancestorTitles":["Check 4: revision_id recomputation"],"fullName":"Check 4: revision_id recomputation detects in-file revision_id != filename","status":"passed","title":"detects in-file revision_id != filename","duration":37.92920000000004,"failureMessages":[],"meta":{},"tags":[]},{"ancestorTitles":["Check 4: revision_id recomputation"],"fullName":"Check 4: revision_id recomputation detects recomputed revision_id mismatch (content tampering)","status":"passed","title":"detects recomputed revision_id mismatch (content tampering)","duration":30.455600000000004,"failureMessages":[],"meta":{},"tags":[]},{"ancestorTitles":["Check 5: parent chain"],"fullName":"Check 5: parent chain detects broken parent chain (parent deleted)","status":"passed","title":"detects broken parent chain (parent deleted)","duration":43.58660000000009,"failureMessages":[],"meta":{},"tags":[]},{"ancestorTitles":["Check 6: orphan revisions"],"fullName":"Check 6: orphan revisions detects orphan revision not reachable from canonical","status":"passed","title":"detects orphan revision not reachable from canonical","duration":33.83829999999989,"failureMessages":[],"meta":{},"tags":[]},{"ancestorTitles":["Check 7: audit log"],"fullName":"Check 7: audit log detects unparseable audit log line","status":"passed","title":"detects unparseable audit log line","duration":27.478600000000142,"failureMessages":[],"meta":{},"tags":[]},{"ancestorTitles":["Check 7: audit log"],"fullName":"Check 7: audit log detects missing artifact_created event","status":"passed","title":"detects missing artifact_created event","duration":23.730600000000095,"failureMessages":[],"meta":{},"tags":[]},{"ancestorTitles":["Check 7: audit log"],"fullName":"Check 7: audit log detects missing audit log for artifact with canonical","status":"passed","title":"detects missing audit log for artifact with canonical","duration":28.295700000000124,"failureMessages":[],"meta":{},"tags":[]},{"ancestorTitles":["Check 8: .tmp leftover files"],"fullName":"Check 8: .tmp leftover files detects .tmp files in revisions directory","status":"passed","title":"detects .tmp files in revisions directory","duration":29.976400000000012,"failureMessages":[],"meta":{},"tags":[]},{"ancestorTitles":["Check 8: .tmp leftover files"],"fullName":"Check 8: .tmp leftover files detects .tmp files in canonical directory","status":"passed","title":"detects .tmp files in canonical directory","duration":33.39630000000011,"failureMessages":[],"meta":{},"tags":[]},{"ancestorTitles":["IntegrityReport summary"],"fullName":"IntegrityReport summary correctly counts warnings vs corruptions","status":"passed","title":"correctly counts warnings vs corruptions","duration":29.389199999999846,"failureMessages":[],"meta":{},"tags":[]},{"ancestorTitles":["P1-2: malformed revision shape"],"fullName":"P1-2: malformed revision shape reports revision_shape_invalid when sectio
[...]
multiline imports parses multiline with comments","status":"passed","title":"parses multiline with comments","duration":0.24710000000004584,"failureMessages":[],"meta":{},"tags":[]},{"ancestorTitles":["pythonImportObserver","multiline imports"],"fullName":"pythonImportObserver multiline imports handles single-line paren import","status":"passed","title":"handles single-line paren import","duration":0.227800000000002,"failureMessages":[],"meta":{},"tags":[]},{"ancestorTitles":["pythonImportObserver","detectProjectPackages"],"fullName":"pythonImportObserver detectProjectPackages detects packages with top-level __init__.py","status":"passed","title":"detects packages with top-level __init__.py","duration":0.5603999999999587,"failureMessages":[],"meta":{},"tags":[]}],"startTime":1777538806992,"endTime":1777538807007.5603,"status":"passed","message":"","name":"H:/Boom/pantheon/test/repoObservation/python/pythonImportObserver.test.ts"},{"assertionResults":[{"ancestorTitles":["pythonLayoutClassifier"],"fullName":"pythonLayoutClassifier classifies django_project with django_app_layout","status":"passed","title":"classifies django_project with django_app_layout","duration":4.154199999999946,"failureMessages":[],"meta":{},"tags":[]},{"ancestorTitles":["pythonLayoutClassifier"],"fullName":"pythonLayoutClassifier classifies api_service from app plus alembic structure","status":"passed","title":"classifies api_service from app plus alembic structure","duration":0.7092000000000098,"failureMessages":[],"meta":{},"tags":[]},{"ancestorTitles":["pythonLayoutClassifier"],"fullName":"pythonLayoutClassifier classifies library_package with src_layout","status":"passed","title":"classifies library_package with src_layout","duration":0.5240999999999758,"failureMessages":[],"meta":{},"tags":[]},{"ancestorTitles":["pythonLayoutClassifier"],"fullName":"pythonLayoutClassifier classifies namespace_package when src packages omit __init__.py","status":"passed","title":"classifies namespace_package when src packages omit __init__.py","duration":0.34180000000003474,"failureMessages":[],"meta":{},"tags":[]},{"ancestorTitles":["pythonLayoutClassifier"],"fullName":"pythonLayoutClassifier classifies cli_app from explicit CLI entry points","status":"passed","title":"classifies cli_app from explicit CLI entry points","duration":0.35590000000001965,"failureMessages":[],"meta":{},"tags":[]},{"ancestorTitles":["pythonLayoutClassifier"],"fullName":"pythonLayoutClassifier classifies data_pipeline from pipeline and etl paths","status":"passed","title":"classifies data_pipeline from pipeline and etl paths","duration":0.2703999999999951,"failureMessages":[],"meta":{},"tags":[]},{"ancestorTitles":["pythonLayoutClassifier"],"fullName":"pythonLayoutClassifier classifies ml_project from train/predict and notebook signals","status":"passed","title":"classifies ml_project from train/predict and notebook signals","duration":0.26080000000001746,"failureMessages":[],"meta":{},"tags":[]},{"ancestorTitles":["pythonLayoutClassifier"],"fullName":"pythonLayoutClassifier classifies monorepo when multiple top-level packages are present","status":"passed","title":"classifies monorepo when multiple top-level packages are present","duration":0.34000000000003183,"failureMessages":[],"meta":{},"tags":[]},{"ancestorTitles":["pythonLayoutClassifier"],"fullName":"pythonLayoutClassifier classifies mixed when two primary layouts tie","status":"passed","title":"classifies mixed when two primary layouts tie","duration":0.4111000000000331,"failureMessages":[],"meta":{},"tags":[]}],"startTime":1777538808975,"endTime":1777538808982.4111,"status":"passed","message":"","name":"H:/Boom/pantheon/test/repoObservation/python/pythonLayoutClassifier.test.ts"},{"assertionResults":[{"ancestorTitles":["pythonObservationEnhancer integration"],"fullName":"pythonObservationEnhancer integration produces full sidecar shape","status":"passed","title":"produces full sidecar shape","duration":431.5076999999999,"failureMessages":[],"meta":{},"tags":[]},{"ancestorTitles":["pythonObservationEnhancer integration"],"fullName":"pythonObservationEnhancer integration consumes PythonObservationConfig.project_packages","status":"passed","title":"consumes PythonObservationConfig.project_packages","duration":716.5767000000001,"failureMessages":[],"meta":{},"tags":[]},{"ancestorTitles":["pythonObservationEnhancer integration"],"fullName":"pythonObservationEnhancer integration consumes sensitive_overrides","status":"passed","title":"consumes sensitive_overrides","duration":368.83269999999993,"failureMessages":[],"meta":{},"tags":[]},{"ancestorTitles":["pythonObservationEnhancer integration"],"fullName":"pythonObservationEnhancer integration includes limitations including multiline import note","status":"passed","title":"includes limitations including multiline import note","duration":267.2702999999997,"failureMessages":[],"meta":{},"tags":[]},{"ancestorTitles":["pythonObservationEnhancer integration"],"fullName":"pythonObservationEnhancer integration produces quality and unknown taxonomy from combined signals","status":"passed","title":"produces quality and unknown taxonomy from combined signals","duration":258.9209000000001,"failureMessages":[],"meta":{},"tags":[]},{"ancestorTitles":["pythonObservationEnhancer integration"],"fullName":"pythonObservationEnhancer integration parses multiline from x import (...)","status":"passed","title":"parses multiline from x import (...)","duration":272.75779999999986,"failureMessages":[],"meta":{},"tags":[]},{"ancestorTitles":["pythonObservationEnhancer integration"],"fullName":"pythonObservationEnhancer integration classifies files into correct buckets","status":"passed","title":"classifies files into correct buckets","duration":256.8618999999999,"failureMessages":[],"meta":{},"tags":[]},{"ancestorTitles":["pythonObservationEnhancer integration"],"fullName":"pythonObservationEnhancer integration maps test files correctly","status":"passed","title":"maps test files correctly","duration":306.1265000000003,"failureMessages":[],"meta":{},"tags":[]},{"ancestorTitles":["pythonEcosystemPatterns"],"fullName":"pythonEcosystemPatterns isPythonSourceExtension","status":"passed","title":"isPythonSourceExtension","duration":0.4713000000001557,"failureMessages":[],"meta":{},"tags":[]},{"ancestorTitles":["pythonEcosystemPatterns"],"fullName":"pythonEcosystemPatterns isPythonEcosystemFile","status":"passed","title":"isPythonEcosystemFile","duration":0.40279999999984284,"failureMessages":[],"meta":{},"tags":[]},{"ancestorTitles":["pythonEcosystemPatterns"],"fullName":"pythonEcosystemPatterns isPythonRelevantFile","status":"passed","title":"isPythonRelevantFile","duration":0.27289999999993597,"failureMessages":[],"meta":{},"tags":[]},{"ancestorTitles":["pythonEcosystemPatterns"],"fullName":"pythonEcosystemPatterns isPythonManifestFile","status":"passed","title":"isPythonManifestFile","duration":0.3818999999994048,"failureMessages":[],"meta":{},"tags":[]},{"ancestorTitles":["pythonEcosystemPatterns"],"fullName":"pythonEcosystemPatterns hasPythonSignals detects Python repos","status":"passed","title":"hasPythonSignals detects Python repos","duration":0.2775000000001455,"failureMessages":[],"meta":{},"tags":[]}],"startTime":1777538801911,"endTime":1777538804794.3818,"status":"passed","message":"","name":"H:/Boom/pantheon/test/repoObservation/python/pythonObservationEnhancer.test.ts"},{"assertionResults":[{"ancestorTitles":["pythonRiskPresetValidator"],"fullName":"pythonRiskPresetValidator validates django_commerce with dormant patterns preserved","status":"passed","title":"validates django_commerce with dormant patterns preserved","duration":3.785199999999918,"failureMessages":[],"meta":{},"tags":[]},{"ancestorTitles":["pythonRiskPresetValidator"],"fullName":"pythonRiskPresetValidator keeps sdk/library presets review-only and never emits forbidden suggestions","status":"passed","title":"keeps sdk/library presets review-only and never emits forbidden suggestions","duration":1.8724999999999454,"failureMessages":[],"meta":{},"tags":[]},{"ancestorTitles":["pythonRiskPresetValidator"],"fullName":"pythonRiskPresetValidator marks generic service as partial when fewer than 60 percent of rules are active","status":"passed","title":"marks generic service as partial when fewer than 60 percent of rules are active","duration":0.3609000000000151,"failureMessages":[],"meta":{},"tags":[]},{"ancestorTitles":["pythonRiskPresetValidator"],"fullName":"pythonRiskPresetValidator requires at least three active rules before marking a preset validated","status":"passed","title":"requires at least three active rules before marking a preset validated","duration":0.32349999999996726,"failureMessages":[],"meta":{},"tags":[]},{"ancestorTitles":["pythonRiskPresetValidator"],"fullName":"pythonRiskPresetValidator marks generic service as validated once enough rules are active","status":"passed","title":"marks generic service as validated once enough rules are active","duration":0.27509999999995216,"failureMessages":[],"meta":{},"tags":[]},{"ancestorTitles":["pythonRiskPresetValidator"],"fullName":"pythonRiskPresetValidator falls back to unvalidated unknown when no preset signals are active","status":"passed","title":"falls back to unvalidated unknown when no preset signals are active","duration":0.35439999999994143,"failureMessages":[],"meta":{},"tags":[]}],"startTime":1777538809372,"endTime":1777538809379.3545,"status":"passed","message":"","name":"H:/Boom/pantheon/test/repoObservation/python/pythonRiskPresetValidator.test.ts"},{"assertionResults":[{"ancestorTitles":["pythonSensitiveZoneDetector"],"fullName":"pythonSensitiveZoneDetector detects payment as critical","status":"passed","title":"detects payment as critical","duration":4.118000000000052,"failureMessages":[],"meta":{},"tags":[]},{"ancestorTitles":["pythonSensitiveZoneDetector"],"fullName":"pythonSensitiveZoneDetector detects checkout as high","status":"passed","title":"detects checkout as high","duration":0.8174000000000206,"failureMessages":[],"meta":{},"tags":[]},{"ancestorTitles":["pythonSensitiveZoneDetector"],"fullName":"pythonSensitiveZoneDetector detects order lifecycle","status":"passed","title":"detects order lifecycle","duration":0.7577999999999747,"failureMessages":[],"meta":{},"tags":[]},{"ancestorTitles":["pythonSensitiveZoneDetector"],"fullName":"pythonSensitiveZoneDetector detects account/identity","status":"passed","title":"detects account/identity","duration":0.8025000000000091,"failureMessages":[],"meta":{},"tags":[]},{"ancestorTitles":["pythonSensitiveZoneDetector"],"fullName":"pythonSensitiveZoneDetector detects discount and tax","status":"passed","title":"detects discount and tax","duration":0.7581000000000131,"failureMessages":[],"meta":{},"tags":[]},{"ancestorTitles":["pythonSensitiveZoneDetector"],"fullName":"pythonSensitiveZoneDetector detects plugins","status":"passed","title":"detects plugins","duration":0.6055999999999813,"failureMessages":[],"meta":{},"tags":[]},{"ancestorTitles":["pythonSensitiveZoneDetector"],"fullName":"pythonSensitiveZoneDetector detects at least 5 different sensitive categories","status":"passed","title":"detects at least 5 different sensitive categories","duration":0.9827000000000226,"failureMessages":[],"meta":{},"tags":[]},{"ancestorTitles":["pythonSensitiveZoneDetector"],"fullName":"pythonSensitiveZoneDetector supports config overrides","status":"passed","title":"supports config overrides","duration":1.2087999999999965,"failureMessages":[],"meta":{},"tags":[]},{"ancestorTitles":["pythonSensitiveZoneDetector"],"fullName":"pythonSensitiveZoneDetector returns empty for non-sensitive paths","status":"passed","title":"returns empty for non-sensitive paths","duration":0.9177999999999429,"failureMessages":[],"meta":{},"tags":[]}],"startTime":1777538807156,"endTime":1777538807166.9177,"status":"passed","message":"","name":"H:/Boom/pantheon/test/repoObservation/python/pythonSensitiveZoneDetector.test.ts"},{"assertionResults":[{"ancestorTitles":["pythonSensitiveZoneDetector migration precision"],"fullName":"pythonSensitiveZoneDetector migration precision does not treat immigration-like names as migrations","status":"passed","title":"does not treat immigration-like names as migrations","duration":2.8087000000000444,"failureMessages":[],"meta":{},"tags":[]},{"ancestorTitles":["pythonSensitiveZoneDetector migration precision"],"fullName":"pythonSensitiveZoneDetector migration precision still treats real migration directories as sensitive","status":"passed","title":"still treats real migration directories as sensitive","duration":1.6254000000000133,"failureMessages":[],"meta":{},"tags":[]}],"startTime":1777538810508,"endTime":1777538810512.6255,"status":"passed","message":"","name":"H:/Boom/pantheon/test/repoObservation/python/pythonSensitiveZoneMigrationPrecision.test.ts"},{"assertionResults":[{"ancestorTitles":["pythonTestMapper"],"fullName":"pythonTestMapper high confidence: sibling tests/ with exact name match","status":"passed","title":"high confidence: sibling tests/ with exact name match","duration":4.518900000000031,"failureMessages":[],"meta":{},"tags":[]},{"ancestorTitles":["pythonTestMapper"],"fullName":"pythonTestMapper medium confidence: module-level test file","status":"passed","title":"medium confidence: module-level test file","duration":1.0952000000000908,"failureMessages":[],"meta":{},"tags":[]},{"ancestorTitles":["pythonTestMapper"],"fullName":"pythonTestMapper high confidence: payment module","status":"passed","title":"high confidence: payment module","duration":0.5431999999999562,"failureMessages":[],"meta":{},"tags":[]},{"ancestorTitles":["pythonTestMapper"],"fullName":"pythonTestMapper low confidence: no matching test file exists","status":"passed","title":"low confidence: no matching test file exists","duration":0.9682000000000244,"failureMessages":[],"meta":{},"tags":[]},{"ancestorTitles":["pythonTestMapper"],"fullName":"pythonTestMapper skips __init__.py and conftest.py","status":"passed","title":"skips __init__.py and conftest.py","duration":0.32789999999999964,"failureMessages":[],"meta":{},"tags":[]},{"ancestorTitles":["pythonTestMapper"],"fullName":"pythonTestMapper skips test files themselves","status":"passed","title":"skips test files themselves","duration":0.26070000000004256,"failureMessages":[],"meta":{},"tags":[]},{"ancestorTitles":["pythonTestMapper"],"fullName":"pythonTestMapper maps multiple sources at once","status":"passed","title":"maps multiple sources at once","duration":0.43879999999990105,"failureMessages":[],"meta":{},"tags":[]},{"ancestorTitles":["pythonTestMapper"],"fullName":"pythonTestMapper uses library-aware candidates for private modules","status":"passed","title":"uses library-aware candidates for private modules","duration":0.9595000000000482,"failureMessages":[],"meta":{},"tags":[]},{"ancestorTitles":["pythonTestMapper"],"fullName":"pythonTestMapper uses FastAPI route domain patterns for service tests","status":"passed","title":"uses FastAPI route domain patterns for service tests","duration":0.627399999999966,"failureMessages":[],"meta":{},"tags":[]},{"ancestorTitles":["pythonTestMapper"],"fullName":"pythonTestMapper uses CLI-aware fallback candidates","status":"passed","title":"uses CLI-aware fallback candidates","duration":0.7336999999999989,"failureMessages":[],"meta":{},"tags":[]},{"ancestorTitles":["pythonTestMapper"],"fullName":"pythonTestMapper keeps utils-style top-level matches below high confidence without path context","status":"passed","title":"keeps utils-style top-level matches below high confidence without path context","duration":1.0144000000000233,"failureMessages":[],"meta":{},"tags":[]}],"startTime":1777538807258,"endTime":1777538807270.0144,"status":"passed","message":"","name":"H:/Boom/pantheon/test/repoObservation/python/pythonTestMapper.test.ts"},{"assertionResults":[{"ancestorTitles":["pythonUnknownTaxonomy"],"fullName":"pythonUnknownTaxonomy classifies unclassified files as actionable","status":"passed","title":"classifies unclassified files as actionable","duration":3.211200000000076,"failureMessages":[],"meta":{},"tags":[]},{"ancestorTitles":["pythonUnknownTaxonomy"],"fullName":"pythonUnknownTaxonomy classifies dynamic imports as intrinsic","status":"passed","title":"classifies dynamic imports as intrinsic","duration":0.355199999999968,"failureMessages":[],"meta":{},"tags":[]},{"ancestorTitles":["pythonUnknownTaxonomy"],"fullName":"pythonUnknownTaxonomy classifies unsupported artifacts as out_of_scope","status":"passed","title":"classifies unsupported artifacts as out_of_scope","duration":0.33589999999992415,"failureMessages":[],"meta":{},"tags":[]},{"ancestorTitles":["pythonUnknownTaxonomy"],"fullName":"pythonUnknownTaxonomy classifies low confidence manifests as actionable","status":"passed","title":"classifies low confidence manifests as actionable","duration":0.28969999999992524,"failureMessages":[],"meta":{},"tags":[]},{"ancestorTitles":["pythonUnknownTaxonomy"],"fullName":"pythonUnknownTaxonomy classifies test mapping unknowns as actionable","status":"passed","title":"classifies test mapping unknowns as actionable","duration":0.2737999999999374,"failureMessages":[],"meta":{},"tags":[]},{"ancestorTitles":["pythonUnknownTaxonomy"],"fullName":"pythonUnknownTaxonomy always includes scope_granularity_limit","status":"passed","title":"always includes scope_granularity_limit","duration":0.22549999999989723,"failureMessages":[],"meta":{},"tags":[]},{"ancestorTitles":["pythonUnknownTaxonomy"],"fullName":"pythonUnknownTaxonomy produces all categories for comprehensive input","status":"passed","title":"produces all categories for comprehensive input","duration":0.864400000000046,"failureMessages":[],"meta":{},"tags":[]}],"startTime":1777538810150,"endTime":1777538810155.8645,"status":"passed","message":"","name":"H:/Boom/pantheon/test/repoObservation/python/pythonUnknownTaxonomy.test.ts"},{"assertionResults":[{"ancestorTitles":["saleorObservationReportRenderer"],"fullName":"saleorObservationReportRenderer builds a repo-wide summary with readiness and zone suggestions","status":"passed","title":"builds a repo-wide summary with readiness and zone suggestions","duration":19.24929999999995,"failureMessages":[],"meta":{},"tags":[]},{"ancestorTitles":["saleorObservationReportRenderer"],"fullName":"saleorObservationReportRenderer renders the required P25b sections and explicit-scope conclusion","status":"passed","title":"renders the required P25b sections and explicit-scope conclusion","duration":3.511099999999942,"failureMessages":[],"meta":{},"tags":[]}],"startTime":1777538805569,"endTime":1777538805592.511,"status":"passed","message":"","name":"H:/Boom/pantheon/test/repoObservation/python/saleorObservationReportRenderer.test.ts"},{"assertionResults":[{"ancestorTitles":["login"],"fullName":"login should authenticate valid user","status":"passed","title":"should authenticate valid user","duration":1.9649,"failureMessages":[],"meta":{},"tags":[]}],"startTime":1777538810668,"endTime":1777538810669.9648,"status":"passed","message":"","name":"H:/Boom/pantheon/test/fixtures/repo_fixture/test/auth/login.test.ts"},{"assertionResults":[{"ancestorTitles":["billing"],"fullName":"billing should format amount","status":"passed","title":"should format amount","duration":1.584799999999973,"failureMessages":[],"meta":{},"tags":[]}],"startTime":1777538810641,"endTime":1777538810642.5847,"status":"passed","message":"","name":"H:/Boom/pantheon/test/fixtures/repo_fixture/test/payment/billing.test.ts"},{"assertionResults":[{"ancestorTitles":["format"],"fullName":"format should format currency","status":"passed","title":"should format currency","duration":1.5819000000000187,"failureMessages":[],"meta":{},"tags":[]}],"startTime":1777538810681,"endTime":1777538810682.5818,"status":"passed","message":"","name":"H:/Boom/pantheon/test/fixtures/repo_fixture/tests/utils/format.test.ts"}]}