{"numTotalTestSuites":633,"numPassedTestSuites":633,"numFailedTestSuites":0,"numPendingTestSuites":0,"numTotalTests":1844,"numPassedTests":1844,"numFailedTests":0,"numPendingTests":0,"numTodoTests":0,"snapshot":{"added":0,"failure":false,"filesAdded":0,"filesRemoved":0,"filesRemovedList":[],"filesUnmatched":0,"filesUpdated":0,"matched":0,"total":0,"unchecked":0,"uncheckedKeysByFile":[],"unmatched":0,"updated":0,"didUpdate":false},"startTime":1777520823489,"success":true,"testResults":[{"assertionResults":[{"ancestorTitles":["hasNonOverridableGates"],"fullName":"hasNonOverridableGates identifies non-overridable gates","status":"passed","title":"identifies non-overridable gates","duration":3.9827000000000226,"failureMessages":[],"meta":{},"tags":[]},{"ancestorTitles":["hasNonOverridableGates"],"fullName":"hasNonOverridableGates returns empty for all-overridable gates","status":"passed","title":"returns empty for all-overridable gates","duration":0.8149999999999977,"failureMessages":[],"meta":{},"tags":[]},{"ancestorTitles":["hasNonOverridableGates"],"fullName":"hasNonOverridableGates catches multiple non-overridable gates","status":"passed","title":"catches multiple non-overridable gates","duration":1.0266000000000304,"failureMessages":[],"meta":{},"tags":[]},{"ancestorTitles":["applyOverridePatch – accept_with_known_risk"],"fullName":"applyOverridePatch – accept_with_known_risk §18-#10: generates new revision and updates canonical","status":"passed","title":"§18-#10: generates new revision and updates canonical","duration":20.153999999999996,"failureMessages":[],"meta":{},"tags":[]},{"ancestorTitles":["applyOverridePatch – accept_with_known_risk"],"fullName":"applyOverridePatch – accept_with_known_risk creates audit entry with override details","status":"passed","title":"creates audit entry with override details","duration":18.30770000000001,"failureMessages":[],"meta":{},"tags":[]},{"ancestorTitles":["applyOverridePatch – defer_issue"],"fullName":"applyOverridePatch – defer_issue creates revision for deferred issue","status":"passed","title":"creates revision for deferred issue","duration":21.08699999999999,"failureMessages":[],"meta":{},"tags":[]},{"ancestorTitles":["applyOverridePatch – manual_replace_block"],"fullName":"applyOverridePatch – manual_replace_block applies human-specified block replacement","status":"passed","title":"applies human-specified block replacement","duration":21.132199999999955,"failureMessages":[],"meta":{},"tags":[]},{"ancestorTitles":["applyOverridePatch – manual_replace_block"],"fullName":"applyOverridePatch – manual_replace_block rejects manual_replace_block with no operations","status":"passed","title":"rejects manual_replace_block with no operations","duration":13.988299999999981,"failureMessages":[],"meta":{},"tags":[]},{"ancestorTitles":["HARD-001: manual_replace_block mechanical integrity"],"fullName":"HARD-001: manual_replace_block mechanical integrity rejects when target_block_id does not exist","status":"passed","title":"rejects when target_block_id does not exist","duration":21.529300000000035,"failureMessages":[],"meta":{},"tags":[]},{"ancestorTitles":["HARD-001: manual_replace_block mechanical integrity"],"fullName":"HARD-001: manual_replace_block mechanical integrity rejects when expected_old_hash does not match","status":"passed","title":"rejects when expected_old_hash does not match","duration":20.556600000000003,"failureMessages":[],"meta":{},"tags":[]},{"ancestorTitles":["HARD-001: manual_replace_block mechanical integrity"],"fullName":"HARD-001: manual_replace_block mechanical integrity rejects when new_block.block_id !== target_block_id","status":"passed","title":"rejects when new_block.block_id !== target_block_id","duration":12.209199999999896,"failureMessages":[],"meta":{},"tags":[]},{"ancestorTitles":["HARD-001: manual_replace_block mechanical integrity"],"fullName":"HARD-001: manual_replace_block mechanical integrity rejects duplicate target_block_id in same override","status":"passed","title":"rejects duplicate target_block_id in same override","duration":11.379500000000007,"failureMessages":[],"meta":{},"tags":[]},{"ancestorTitles":["HARD-001: manual_replace_block mechanical integrity"],"fullName":"HARD-001: manual_replace_block mechanical integrity still passes valid manual_replace_block after hardening","status":"passed","title":"still passes valid manual_replace_block after hardening","duration":19.06490000000008,"failureMessages":[],"meta":{},"tags":[]},{"ancestorTitles":["applyOverridePatch – rejections"],"fullName":"applyOverridePatch – rejections rejects override of non-overridable gates (ref: C-08)","status":"passed","title":"rejects override of non-overridable gates (ref: C-08)","duration":11.026599999999917,"failureMessages":[],"meta":{},"tags":[]},{"ancestorTitles":["applyOverridePatch – rejections"],"fullName":"applyOverridePatch – rejections rejects when base_revision_id doesn't match","status":"passed","title":"rejects when base_revision_id doesn't match","duration":13.622000000000071,"failureMessages":[],"meta":{},"tags":[]},{"ancestorTitles":["revision chain integrity"],"fullName":"revision chain integrity maintains parent chain through multiple overrides","status":"passed","title":"maintains parent chain through multiple overrides","duration":25.334600000000023,"failureMessages":[],"meta":{},"tags":[]}],"startTime":1777520824684,"endTime":1777520824920.3347,"status":"passed","message":"","name":"H:/Boom/pantheon/test/applyOverridePatch.test.ts"},{"assertionResults":[{"ancestorTitles":["compilePatch"],"fullName":"compilePatch §18-#6: PatchProposal can be compiled into ArtifactPatch","status":"passed","title":"§18-#6: PatchProposal can be compiled into ArtifactPatch","duration":4.18610000000001,"failureMessages":[],"meta":{},"tags":[]},{"ancestorTitles":["compilePatch"],"fullName":"compilePatch fills expected_old_hash from current block","status":"passed","title":"fills expected_old_hash from current block","duration":0.38229999999998654,"failureMessages":[],"meta":{},"tags":[]},{"ancestorTitles":["compilePatch"],"fullName":"compilePatch constructs new_block with updated text and computed hash","status":"passed","title":"constructs new_block with updated text and computed hash","duration":0.5948000000000775,"failureMessages":[],"meta":{},"tags":[]},{"ancestorTitles":["compilePatch"],"fullName":"compilePatch preserves block metadata (type, rationale, terms, status)","status":"passed","title":"preserves block metadata (type, rationale, terms, status)","duration":0.5313999999999623,"failureMessages":[],"meta":{},"tags":[]},{"ancestorTitles":["compilePatch"],"fullName":"compilePatch throws for non-existent target_block_id","status":"passed","title":"throws for non-existent target_block_id","duration":1.1848999999999705,"failureMessages":[],"meta":{},"tags":[]},{"ancestorTitles":["compilePatch"],"fullName":"compilePatch handles multiple operations","status":"passed","title":"handles multiple operations","duration":0.4108999999999696,"failureMessages":[],"meta":{},"tags":[]},{"ancestorTitles":["applyPatch – success cases"],"fullName":"applyPatch – success cases §18-#7: generates candidate revision when hash matches","status":"passed","title":"§18-#7: generates candidate revision when hash matches","duration":2.3495000000000346,"failureMessages":[],"meta":{},"tags":[]},{"ancestorTitles":["applyPatch – success cases"],"fullName":"applyPatch – success cases candidate revision contains updated block text","status":"passed","title":"candidate revision contains updated block text","duration":0.4216999999999871,"failureMessages":[],"meta":{},"tags":[]},{"ancestorTitles":["applyPatch – success cases"],"fullName":"applyPatch – success cases does not modify original artifact","status":"passed","title":"does not modify original artifact","duration":0.3949999999999818,"failureMessages":[],"meta":{},"tags":[]},{"ancestorTitles":["applyPatch – success cases"],"fullName":"applyPatch – success cases candidate revision has different revision_id from base","status":"passed","title":"candidate revision has different revision_id from base","duration":0.43050000000005184,"failureMessages":[],"meta":{},"tags":[]},{"ancestorTitles":["applyPatch – rejection cases"],"fullName":"applyPatch – rejection cases §18-#8: rejects on hash mismatch","status":"passed","title":"§18-#8: rejects on hash mismatch","duration":0.2817999999999756,"failureMessages":[],"meta":{},"tags":[]},{"ancestorTitles":["applyPatch – rejection cases"],"fullName":"applyPatch – rejection cases rejects on artifact_id mismatch","status":"passed","title":"rejects on artifact_id mismatch","duration":0.2135000000000673,"failureMessages":[],"meta":{},"tags":[]},{"ancestorTitles":["applyPatch – rejection cases"],"fullName":"applyPatch – rejection cases rejects on base_revision_id mismatch","status":"passed","title":"rejects on base_revision_id mismatch","duration":0.23959999999999582,"failureMessages":[],"meta":{},"tags":[]},{"ancestorTitles":["applyPatch – rejection cases"],"fullName":"applyPatch – rejection cases rejects when target_block_id does not exist","status":"passed","title":"rejects when target_block_id does not exist","duration":0.2376000000000431,"failureMessages":[],"meta":{},"tags":[]},{"ancestorTitles":["applyPatch – rejection cases"],"fullName":"applyPatch – rejection cases rejects cross-section operations","status":"passed","title":"rejects cross-section operations","duration":0.3328000000000202,"failureMessages":[],"meta":{},"tags":[]},{"ancestorTitles":["applyPatch – rejection cases"],"fullName":"applyPatch – rejection cases rejects when new_block content_hash is incorrect","status":"passed","title":"rejects when new_block content_hash is incorrect","duration":0.23080000000004475,"failureMessages":[],"meta":{},"tags":[]},{"ancestorTitles":["applyPatch – elevated review"],"fullName":"applyPatch – elevated review > 3 operations → elevated_review_required (not rejection)","status":"passed","title":"> 3 operations → elevated_review_required (not rejection)","duration":0.6512000000000171,"failureMessages":[],"meta":{},"tags":[]},{"ancestorTitles":["applyPatch – elevated review"],"fullName":"applyPatch – elevated review exactly 3 operations → NOT elevated_review_required","status":"passed","title":"exactly 3 operations → NOT elevated_review_required","duration":0.49670000000003256,"failureMessages":[],"meta":{},"tags":[]},{"ancestorTitles":["end-to-end patch flow"],"fullName":"end-to-end patch flow full pipeline from proposal to candidate revision","status":"passed","title":"full pipeline from proposal to candidate revision","duration":0.4701999999999771,"failureMessages":[],"meta":{},"tags":[]}],"startTime":1777520828516,"endTime":1777520828531.4702,"status":"passed","message":"","name":"H:/Boom/pantheon/test/applyPatch.test.ts"},{"assertionResults":[{"ancestorTitles":["createArtifact"],"fullName":"createArtifact §18-#1: a JSON Artifact can be created","status":"passed","title":"§18-#1: a JSON Artifact can be created","duration":21.237099999999998,"failureMessages":[],"meta":{},"tags":[]},{"ancestorTitles":["createArtifact"],"fullName":"createArtifact computes correct content_hash for all blocks","status":"passed","title":"computes correct content_hash for all blocks","duration":12.968700000000013,"failureMessages":[],"meta":{},"tags":[]},{"ancestorTitles":["createArtifact"],"fullName":"createArtifact sets canonical pointer after creation","status":"passed","title":"sets canonical pointer after creation","duration":16.973799999999983,"failureMessages":[],"meta":{},"tags":[]},{"ancestorTitles":["createArtifact"],"fullName":"createArtifact creates audit entry","status":"passed","title":"creates audit entry","duration":13.073599999999999,"failureMessages":[],"meta":{},"tags":[]},{"ancestorTitles":["saveRevision / loadRevision"],"fullName":"saveRevision / loadRevision §18-#3: revision can be saved and loaded","status":"passed","title":"§18-#3: revision can be saved and loaded","duration":16.751800000000003,"failureMessages":[],"meta":{},"tags":[]},{"ancestorTitles":["saveRevision / loadRevision"],"fullName":"saveRevision / loadRevision returns null for non-existent revision","status":"passed","title":"returns null for non-existent revision","duration":2.132000000000005,"failureMessages":[],"meta":{},"tags":[]},{"ancestorTitles":["saveRevision / loadRevision"],"fullName":"saveRevision / loadRevision refuses to overwrite immutable revision (ref: C-05)","status":"passed","title":"refuses to overwrite immutable revision (ref: C-05)","duration":13.373899999999992,"failureMessages":[],"meta":{},"tags":[]},{"ancestorTitles":["saveRevision / loadRevision"],"fullName":"saveRevision / loadRevision preserves all artifact fields through round-trip","status":"passed","title":"preserves all artifact fields through round-trip","duration":17.05510000000004,"failureMessages":[],"meta":{},"tags":[]},{"ancestorTitles":["canonical pointer"],"fullName":"canonical pointer returns null when no pointer exists","status":"passed","title":"returns null when no pointer exists","duration":2.017499999999984,"failureMessages":[],"meta":{},"tags":[]},{"ancestorTitles":["canonical pointer"],"fullName":"canonical pointer can be updated to a new revision","status":"passed","title":"can be updated to a new revision","duration":16.4255,"failureMessages":[],"meta":{},"tags":[]},{"ancestorTitles":["canonical pointer"],"fullName":"canonical pointer rejects pointing to non-existent revision","status":"passed","title":"rejects pointing to non-existent revision","duration":1.8117999999999483,"failureMessages":[],"meta":{},"tags":[]},{"ancestorTitles":["loadCanonicalRevision"],"fullName":"loadCanonicalRevision resolves pointer and loads revision","status":"passed","title":"resolves pointer and loads revision","duration":15.330500000000029,"failureMessages":[],"meta":{},"tags":[]},{"ancestorTitles":["loadCanonicalRevision"],"fullName":"loadCanonicalRevision returns null when no canonical exists","status":"passed","title":"returns null when no canonical exists","duration":1.2682999999999538,"failureMessages":[],"meta":{},"tags":[]},{"ancestorTitles":["audit log"],"fullName":"audit log append-only: entries accumulate","status":"passed","title":"append-only: entries accumulate","duration":7.608799999999974,"failureMessages":[],"meta":{},"tags":[]},{"ancestorTitles":["audit log"],"fullName":"audit log returns empty array for artifact with no audit log","status":"passed","title":"returns empty array for artifact with no audit log","duration":1.8459000000000287,"failureMessages":[],"meta":{},"tags":[]},{"ancestorTitles":["quarantine"],"fullName":"quarantine saves and loads quarantined items","status":"passed","title":"saves and loads quarantined items","duration":6.0371000000000095,"failureMessages":[],"meta":{},"tags":[]},{"ancestorTitles":["quarantine"],"fullName":"quarantine returns null for non-existent quarantine item","status":"passed","title":"returns null for non-existent quarantine item","duration":2.351299999999924,"failureMessages":[],"meta":{},"tags":[]},{"ancestorTitles":["evidence"],"fullName":"evidence promotes validated item to evidence","status":"passed","title":"promotes validated item to evidence","duration":7.6562999999999874,"failureMessages":[],"meta":{},"tags":[]},{"ancestorTitles":["evidence"],"fullName":"evidence returns null for non-existent evidence item","status":"passed","title":"returns null for non-existent evidence item","duration":3.198599999999942,"failureMessages":[],"meta":{},"tags":[]},{"ancestorTitles":["renderMarkdown"],"fullName":"renderMarkdown produces Markdown containing artifact info","status":"passed","title":"produces Markdown containing artifact info","duration":2.40199999999993,"failureMessages":[],"meta":{},"tags":[]},{"ancestorTitles":["renderMarkdown"],"fullName":"renderMarkdown includes block type labels","status":"passed","title":"includes block type labels","duration":1.7898000000000138,"failureMessages":[],"meta":{},"tags":[]},{"ancestorTitles":["renderMarkdown"],"fullName":"renderMarkdown includes rationale as blockquote","status":"passed","title":"includes rationale as blockquote","duration":1.1245999999999867,"failureMessages":[],"meta":{},"tags":[]},{"ancestorTitles":["renderMarkdown"],"fullName":"renderMarkdown includes terms when present","status":"passed","title":"includes terms when present","duration":1.5188000000000557,"failureMessages":[],"meta":{},"tags":[]},{"ancestorTitles":["renderMarkdown"],"fullName":"renderMarkdown includes parent revision when present","status":"passed","title":"includes parent revision when present","duration":1.1971999999999525,"failureMessages":[],"meta":{},"tags":[]},{"ancestorTitles":["saveProjection"],"fullName":"saveProjection saves Markdown projection to /projections/","status":"passed","title":"saves Markdown projection to /projections/","duration":7.825700000000097,"failureMessages":[],"meta":{},"tags":[]},{"ancestorTitles":["end-to-end artifact lifecycle"],"fullName":"end-to-end artifact lifecycle create → load canonical → render → save projection","status":"passed","title":"create → load canonical → render → save projection","duration":21.872799999999984,"failureMessages":[],"meta":{},"tags":[]}],"startTime":1777520824712,"endTime":1777520824930.8728,"status":"passed","message":"","name":"H:/Boom/pantheon/test/artifactStore.test.ts"},{"assertionResults":[{"ancestorTitles":["HARD-006: Cockpit Pressure Fixtures"],"fullName":"HARD-006: Cockpit Pressure Fixtures has exactly 10 fixtures defined","status":"passed","title":"has exactly 10 fixtures defined","duration":4.701400000000035,"failureMessages":[],"meta":{},"tags":[]},{"ancestorTitles":["HARD-006: Cockpit Pressure Fixtures"],"fullName":"HARD-006: Cockpit Pressure Fixtures all fixture IDs are unique","status":"passed","title":"all fixture IDs are unique","duration":1.457400000000007,"failureMessages":[],"meta":{},"tags":[]},{"ancestorTitles":["HARD-006: Cockpit Pressure Fixtures","[f01_undefined_term] Undefined Term"],"fullName":"HARD-006: Cockpit Pressure Fixtures [f01_undefined_term] Undefined Term reaches expected phase: regression_failed","status":"passed","title":"reaches expected phase: regression_failed","duration":38.594299999999976,"failureMessages":[],"meta":{},"tags":[]},{"ancestorTitles":["HARD-006: Cockpit Pressure Fixtures","[f01_undefined_term] Undefined Term"],"fullName":"HARD-006: Cockpit Pressure Fixtures [f01_undefined_term] Undefined Term triggers expected failed gates: [undefined_term]","status":"passed","title":"triggers expected failed gates: [undefined_term]","duration":27.956099999999992,"failureMessages":[],"meta":{},"tags":[]},{"ancestorTitles":["HARD-006: Cockpit Pressure Fixtures","[f01_undefined_term] Undefined Term"],"fullName":"HARD-006: Cockpit Pressure Fixtures [f01_undefined_term] Undefined Term generateCockpitData produces valid output","status":"passed","title":"generateCockpitData produces valid output","duration":31.588899999999967,"failureMessages":[],"meta":{},"tags":[]},{"ancestorTitles":["HARD-006: Cockpit Pressure Fixtures","[f02_constraint_deletion] Deleted Strong Constraint"],"fullName":"HARD-006: Cockpit Pressure Fixtures [f02_constraint_deletion] Deleted Strong Constraint reaches expected phase: regression_failed","status":"passed","title":"reaches expected phase: regression_failed","duration":23.871899999999982,"failureMessages":[],"meta":{},"tags":[]},{"ancestorTitles":["HARD-006: Cockpit Pressure Fixtures","[f02_constraint_deletion] Deleted Strong Constraint"],"fullName":"HARD-006: Cockpit Pressure Fixtures [f02_constraint_deletion] Deleted Strong Constraint triggers expected failed gates: [constraint_deletion]","status":"passed","title":"triggers expected failed gates: [constraint_deletion]","duration":32.69399999999996,"failureMessages":[],"meta":{},"tags":[]},{"ancestorTitles":["HARD-006: Cockpit Pressure Fixtures","[f02_constraint_deletion] Deleted Strong Constraint"],"fullName":"HARD-006: Cockpit Pressure Fixtures [f02_constraint_deletion] Deleted Strong Constraint generateCockpitData produces valid output","status":"passed","title":"generateCockpitData produces valid output","duration":29.829200000000014,"failureMessages":[],"meta":{},"tags":[]},{"ancestorTitles":["HARD-006: Cockpit Pressure Fixtures","[f03_double_failure] Multiple Gate Failures"],"fullName":"HARD-006: Cockpit Pressure Fixtures [f03_double_failure] Multiple Gate Failures reaches expected phase: regression_failed","status":"passed","title":"reaches expected phase: regression_failed","duration":28.595500000000015,"failureMessages":[],"meta":{},"tags":[]},{"ancestorTitles":["HARD-006: Cockpit Pressure Fixtures","[f03_double_failure] Multiple Gate Failures"],"fullName":"HARD-006: Cockpit Pressure Fixtures [f03_double_failure] Multiple Gate Failures triggers expected failed gates: [undefined_term, constraint_deletion]","status":"passed","title":"triggers expected failed gates: [undefined_term, constraint_deletion]","duration":27.70399999999995,"failureMessages":[],"meta":{},"tags":[]},{"ancestorTitles":["HARD-006: Cockpit Pressure Fixtures","[f03_double_failure] Multiple Gate Failures"],"fullName":"HARD-006: Cockpit Pressure Fixtures [f03_double_failure] Multiple Gate Failures generateCockpitData produces valid output","status":"passed","title":"generateCockpitData produces valid output","duration":35.19640000000004,"failureMessages":[],"meta":{},"tags":[]},{"ancestorTitles":["HARD-006: Cockpit Pressure Fixtures","[f04_clean_pass] Clean Pass (No Issues)"],"fullName":"HARD-006: Cockpit Pressure Fixtures [f04_clean_pass] Clean Pass (No Issues) reaches expected phase: committed","status":"passed","title":"reaches expected phase: committed","duration":16.994699999999966,"failureMessages":[],"meta":{},"tags":[]},{"ancestorTitles":["HARD-006: Cockpit Pressure Fixtures","[f04_clean_pass] Clean Pass (No Issues)"],"fullName":"HARD-006: Cockpit Pressure Fixtures [f04_clean_pass] Clean Pass (No Issues) generateCockpitData produces valid output","status":"passed","title":"generateCockpitData produces valid output","duration":17.359100000000126,"failureMessages":[],"meta":{},"tags":[]},{"ancestorTitles":["HARD-006: Cockpit Pressure Fixtures","[f05_elevated_review] Elevated Review (Many Ops)"],"fullName":"HARD-006: Cockpit Pressure Fixtures [f05_elevated_review] Elevated Review (Many Ops) reaches expected phase: committed","status":"passed","title":"reaches expected phase: committed","duration":31.195400000000063,"failureMessages":[],"meta":{},"tags":[]},{"ancestorTitles":["HARD-006: Cockpit Pressure Fixtures","[f05_elevated_review] Elevated Review (Many Ops)"],"fullName":"HARD-006: Cockpit Pressure Fixtures [f05_elevated_review] Elevated Review (Many Ops) generateCockpitData produces valid output","status":"passed","title":"generateCockpitData produces valid output","duration":32.08510000000001,"failureMessages":[],"meta":{},"tags":[]},{"ancestorTitles":["HARD-006: Cockpit Pressure Fixtures","[f06_backtick_term] Undefined Backtick Term"],"fullName":"HARD-006: Cockpit Pressure Fixtures [f06_backtick_term] Undefined Backtick Term reaches expected phase: regression_failed","status":"passed","title":"reaches expected phase: regression_failed","duration":24.891900000000078,"failureMessages":[],"meta":{},"tags":[]},{"ancestorTitles":["HARD-006: Cockpit Pressure Fixtures","[f06_backtick_term] Undefined Backtick Term"],"fullName":"HARD-006: Cockpit Pressure Fixtures [f06_backtick_term] Undefined Backtick Term triggers expected failed gates: [undefined_term]","status":"passed","title":"triggers expected failed gates: [undefined_term]","duration":26.49720000000002,"failureMessages":[],"meta":{},"tags":[]},{"ancestorTitles":["HARD-006: Cockpit Pressure Fixtures","[f06_backtick_term] Undefined Backtick Term"],"fullName":"HARD-006: Cockpit Pressure Fixtures [f06_backtick_term] Undefined Backtick Term generateCockpitData produces valid output","status":"passed","title":"generateCockpitData produces valid output","duration":30.432199999999966,"failureMessages":[],"meta":{},"tags":[]},{"ancestorTitles":["HARD-006: Cockpit Pressure Fixtures","[f07_multi_undefined] Multiple Undefined Terms"],"fullName":"HARD-006: Cockpit Pressure Fixtures [f07_multi_undefined] Multiple Undefined Terms reaches expected phase: regression_failed","status":"passed","title":"reaches expected phase: regression_failed","duration":25.670299999999997,"failureMessages":[],"meta":{},"tags":[]},{"ancestorTitles":["HARD-006: Cockpit Pressure Fixtures","[f07_multi_undefined] Multiple Undefined Terms"],"fullName":"HARD-006: Cockpit Pressure Fixtures [f07_multi_undefined] Multiple Undefined Terms triggers expected failed gates: [undefined_term]","status":"passed","title":"triggers expected failed gates: [undefined_term]","duration":25.166100000000142,"failureMessages":[],"meta":{},"tags":[]},{"ancestorTitles":["HARD-006: Cockpit Pressure Fixtures","[f07_multi_undefined] Multiple Undefined Terms"],"fullName":"HARD-006: Cockpit Pressure Fixtures [f07_multi_undefined] Multiple Undefined Terms generateCockpitData produces valid output","status":"passed","title":"generateCockpitData produces valid output","duration":22.708599999999933,"failureMessages":[],"meta":{},"tags":[]},{"ancestorTitles":["HARD-006: Cockpit Pressure Fixtures","[f08_empty_block] Empty Block Text"],"fullName":"HARD-006: Cockpit Pressure Fixtures [f08_empty_block] Empty Block Text reaches expected phase: issues_found","status":"passed","title":"reaches expected phase: issues_found","duration":22.656600000000026,"failureMessages":[],"meta":{},"tags":[]},{"ancestorTitles":["HARD-006: Cockpit Pressure Fixtures","[f08_empty_block] Empty Block Text"],"fullName":"HARD-006: Cockpit Pressure Fixtures [f08_empty_block] Empty Block Text generateCockpitData produces valid output","status":"passed","title":"generateCockpitData produces valid output","duration":23.882699999999886,"failureMessages":[],"meta":{},"tags":[]},{"ancestorTitles":["HARD-006: Cockpit Pressure Fixtures","[f09_constraint_added] Strong Constraint Added"],"fullName":"HARD-006: Cockpit Pressure Fixtures [f09_constraint_added] Strong Constraint Added reaches expected phase: committed","status":"passed","title":"reaches expected phase: committed","duration":33.04259999999999,"failureMessages":[],"meta":{},"tags":[]},{"ancestorTitles":["HARD-006: Cockpit Pressure Fixtures","[f09_constraint_added] Strong Constraint Added"],"fullName":"HARD-006: Cockpit Pressure Fixtures [f09_constraint_added] Strong Constraint Added generateCockpitData produces valid output","status":"passed","title":"generateCockpitData produces valid output","duration":35.61680000000001,"failureMessages":[],"meta":{},"tags":[]},{"ancestorTitles":["HARD-006: Cockpit Pressure Fixtures","[f10_never_deletion] Deleted \"never\" Constraint"],"fullName":"HARD-006: Cockpit Pressure Fixtures [f10_never_deletion] Deleted \"never\" Constraint reaches expected phase: regression_failed","status":"passed","title":"reaches expected phase: regression_failed","duration":21.64330000000018,"failureMessages":[],"meta":{},"tags":[]},{"ancestorTitles":["HARD-006: Cockpit Pressure Fixtures","[f10_never_deletion] Deleted \"never\" Constraint"],"fullName":"HARD-006: Cockpit Pressure Fixtures [f10_never_deletion] Deleted \"never\" Constraint triggers expected failed gates: [constraint_deletion]","status":"passed","title":"triggers expected failed gates: [constraint_deletion]","duration":23.59439999999995,"failureMessages":[],"meta":{},"tags":[]},{"ancestorTitles":["HARD-006: Cockpit Pressure Fixtures","[f10_never_deletion] Deleted \"never\" Constraint"],"fullName":"HARD-006: Cockpit Pressure Fixtures [f10_never_deletion] Deleted \"never\" Constraint generateCockpitData produces valid output","status":"passed","title":"generateCockpitData produces valid output","duration":26.664600000000064,"failureMessages":[],"meta":{},"tags":[]},{"ancestorTitles":["HARD-006: Fixture coverage"],"fullName":"HARD-006: Fixture coverage covers regression_failed fixtures","status":"passed","title":"covers regression_failed fixtures","duration":1.195799999999963,"failureMessages":[],"meta":{},"tags":[]},{"ancestorTitles":["HARD-006: Fixture coverage"],"fullName":"HARD-006: Fixture coverage covers committed (clean pass) fixtures","status":"passed","title":"covers committed (clean pass) fixtures","duration":1.0224000000000615,"failureMessages":[],"meta":{},"tags":[]},{"ancestorTitles":["HARD-006: Fixture coverage"],"fullName":"HARD-006: Fixture coverage covers undefined_term gate","status":"passed","title":"covers undefined_term gate","duration":1.1783000000000357,"failureMessages":[],"meta":{},"tags":[]},{"ancestorTitles":["HARD-006: Fixture coverage"],"fullName":"HARD-006: Fixture coverage covers constraint_deletion gate","status":"passed","title":"covers constraint_deletion gate","duration":1.0006000000000768,"failureMessages":[],"meta":{},"tags":[]}],"startTime":1777520824893,"endTime":1777520825622.0005,"status":"passed","message":"","name":"H:/Boom/pantheon/test/cockpitFixtures.test.ts"},{"assertionResults":[{"ancestorTitles":["CORRUPTION A1: tamper block.text, keep stale content_hash"],"fullName":"CORRUPTION A1: tamper block.text, keep stale content_hash integrityCheck reports block_content_hash_mismatch","status":"passed","title":"integrityCheck reports block_content_hash_mismatch","duration":30.76329999999996,"failureMessages":[],"meta":{},"tags":[]},{"ancestorTitles":["CORRUPTION A2: hand-edit revision_id inside file"],"fullName":"CORRUPTION A2: hand-edit revision_id inside file integrityCheck reports revision_id_filename_mismatch","status":"passed","title":"integrityCheck reports revision_id_filename_mismatch","duration":20.96440000000007,"failureMessages":[],"meta":{},"tags":[]},{"ancestorTitles":["CORRUPTION A3: delete canonical-pointed revision"],"fullName":"CORRUPTION A3: delete canonical-pointed revision integrityCheck reports canonical_target_missing","status":"passed","title":"integrityCheck reports canonical_target_missing","duration":17.43399999999997,"failureMessages":[],"meta":{},"tags":[]},{"ancestorTitles":["CORRUPTION A4: delete parent revision"],"fullName":"CORRUPTION A4: delete parent revision integrityCheck reports parent_chain_broken","status":"passed","title":"integrityCheck reports parent_chain_broken","duration":25.52870000000007,"failureMessages":[],"meta":{},"tags":[]},{"ancestorTitles":["CORRUPTION A5: orphan revision"],"fullName":"CORRUPTION A5: orphan revision integrityCheck reports orphan_revision","status":"passed","title":"integrityCheck reports orphan_revision","duration":23.468500000000063,"failureMessages":[],"meta":{},"tags":[]},{"ancestorTitles":["CORRUPTION A6: .tmp leftover"],"fullName":"CORRUPTION A6: .tmp leftover integrityCheck reports tmp_leftover","status":"passed","title":"integrityCheck reports tmp_leftover","duration":23.317999999999984,"failureMessages":[],"meta":{},"tags":[]},{"ancestorTitles":["CORRUPTION A7: unknown schema_version on canonical path"],"fullName":"CORRUPTION A7: unknown schema_version on canonical path integrityCheck reports schema_version_unknown","status":"passed","title":"integrityCheck reports schema_version_unknown","duration":20.37220000000002,"failureMessages":[],"meta":{},"tags":[]},{"ancestorTitles":["CORRUPTION A11: audit missing critical events"],"fullName":"CORRUPTION A11: audit missing critical events integrityCheck reports audit_missing_created","status":"passed","title":"integrityCheck reports audit_missing_created","duration":19.779999999999973,"failureMessages":[],"meta":{},"tags":[]},{"ancestorTitles":["CORRUPTION B8: forge unauthorized skill output"],"fullName":"CORRUPTION B8: forge unauthorized skill output validator rejects L1 skill trying to produce PatchProposal","status":"passed","title":"validator rejects L1 skill trying to produce PatchProposal","duration":4.678100000000086,"failureMessages":[],"meta":{},"tags":[]},{"ancestorTitles":["CORRUPTION B8: forge unauthorized skill output"],"fullName":"CORRUPTION B8: forge unauthorized skill output validator rejects L1 skill impersonating L2 agent","status":"passed","title":"validator rejects L1 skill impersonating L2 agent","duration":2.287800000000061,"failureMessages":[],"meta":{},"tags":[]},{"ancestorTitles":["CORRUPTION B9: override targeting non-existent block"],"fullName":"CORRUPTION B9: override targeting non-existent block applyOverridePatch rejects with mechanical integrity error","status":"passed","title":"applyOverridePatch rejects with mechanical integrity error","duration":13.162599999999998,"failureMessages":[],"meta":{},"tags":[]},{"ancestorTitles":["CORRUPTION B10: override with wrong expected_old_hash"],"fullName":"CORRUPTION B10: override with wrong expected_old_hash applyOverridePatch rejects stale/tampered hash","status":"passed","title":"applyOverridePatch rejects stale/tampered hash","duration":15.007200000000012,"failureMessages":[],"meta":{},"tags":[]},{"ancestorTitles":["CORRUPTION COMBINED: multiple corruptions in one store"],"fullName":"CORRUPTION COMBINED: multiple corruptions in one store integrityCheck reports ALL findings, not just the first","status":"passed","title":"integrityCheck reports ALL findings, not just the first","duration":31.032500000000027,"failureMessages":[],"meta":{},"tags":[]},{"ancestorTitles":["CORRUPTION COMBINED: clean store after repair"],"fullName":"CORRUPTION COMBINED: clean store after repair integrityCheck reports 0 findings on fresh clean artifact","status":"passed","title":"integrityCheck reports 0 findings on fresh clean artifact","duration":19.557199999999966,"failureMessages":[],"meta":{},"tags":[]}],"startTime":1777520824817,"endTime":1777520825085.5571,"status":"passed","message":"","name":"H:/Boom/pantheon/test/corruption.test.ts"},{"assertionResults":[{"ancestorTitles":["P7a-002: buildCrossBlockIndex"],"fullName":"P7a-002: buildCrossBlockIndex indexes blocks across multiple artifacts","status":"passed","title":"indexes blocks across multiple artifacts","duration":3.7147999999999683,"failureMessages":[],"meta":{},"tags":[]},{"ancestorTitles":["P7a-002: orphan_interface_contract"],"fullName":"P7a-002: orphan_interface_contract detects orphan interface blocks with no links","status":"passed","title":"detects orphan interface blocks with no links","duration":1.2788000000000466,"failureMessages":[],"meta":{},"tags":[]},{"ancestorTitles":["P7a-002: orphan_interface_contract"],"fullName":"P7a-002: orphan_interface_contract does not flag non-interface blocks without links","status":"passed","title":"does not flag non-interface blocks without links","duration":0.4640999999999167,"failureMessages":[],"meta":{},"tags":[]},{"ancestorTitles":["P7a-002: orphan_interface_contract"],"fullName":"P7a-002: orphan_interface_contract does not flag interface blocks with valid links","status":"passed","title":"does not flag interface blocks with valid links","duration":0.35930000000007567,"failureMessages":[],"meta":{},"tags":[]},{"ancestorTitles":["P7a-002: orphan_interface_contract"],"fullName":"P7a-002: orphan_interface_contract ignores ArchitectureDraft blocks (only checks InterfaceSpec)","status":"passed","title":"ignores ArchitectureDraft blocks (only checks InterfaceSpec)","duration":0.3188999999999851,"failureMessages":[],"meta":{},"tags":[]},{"ancestorTitles":["P7a-002: stale_link"],"fullName":"P7a-002: stale_link detects stale links to non-existent architecture blocks","status":"passed","title":"detects stale links to non-existent architecture blocks","duration":0.6881000000000768,"failureMessages":[],"meta":{},"tags":[]},{"ancestorTitles":["P7a-002: stale_link"],"fullName":"P7a-002: stale_link does not flag valid links","status":"passed","title":"does not flag valid links","duration":0.3628000000001066,"failureMessages":[],"meta":{},"tags":[]},{"ancestorTitles":["P7a-002: stale_link"],"fullName":"P7a-002: stale_link detects multiple stale links on different blocks","status":"passed","title":"detects multiple stale links on different blocks","duration":0.49260000000003856,"failureMessages":[],"meta":{},"tags":[]},{"ancestorTitles":["P7a-002: stale_link"],"fullName":"P7a-002: stale_link does not flag blocks without linked_architecture_blocks","status":"passed","title":"does not flag blocks without linked_architecture_blocks","duration":0.4175000000000182,"failureMessages":[],"meta":{},"tags":[]},{"ancestorTitles":["P7a-002: combined rules"],"fullName":"P7a-002: combined rules finds both orphans and stale links in same artifact set","status":"passed","title":"finds both orphans and stale links in same artifact set","duration":0.5453999999999724,"failureMessages":[],"meta":{},"tags":[]},{"ancestorTitles":["P7a-002: combined rules"],"fullName":"P7a-002: combined rules returns empty for clean artifact set","status":"passed","title":"returns empty for clean artifact set","duration":0.3342000000000098,"failureMessages":[],"meta":{},"tags":[]},{"ancestorTitles":["P7a-002: combined rules"],"fullName":"P7a-002: combined rules returns empty for single ArchitectureDraft (no InterfaceSpec)","status":"passed","title":"returns empty for single ArchitectureDraft (no InterfaceSpec)","duration":0.2198000000000775,"failureMessages":[],"meta":{},"tags":[]}],"startTime":1777520831744,"endTime":1777520831754.2197,"status":"passed","message":"","name":"H:/Boom/pantheon/test/crossArtifactLinter.test.ts"},{"assertionResults":[{"ancestorTitles":["P9-001: DomainProfile"],"fullName":"P9-001: DomainProfile loads the seed profile successfully","status":"passed","title":"loads the seed profile successfully","duration":4.145399999999995,"failureMessages":[],"meta":{},"tags":[]},{"ancestorTitles":["P9-001: DomainProfile"],"fullName":"P9-001: DomainProfile seed profile has artifact_type = ArchitectureDraft","status":"passed","title":"seed profile has artifact_type = ArchitectureDraft","duration":0.6219999999999573,"failureMessages":[],"meta":{},"tags":[]},{"ancestorTitles":["P9-001: DomainProfile"],"fullName":"P9-001: DomainProfile seed profile required_concepts have aliases","status":"passed","title":"seed profile required_concepts have aliases","duration":1.038499999999999,"failureMessages":[],"meta":{},"tags":[]},{"ancestorTitles":["P9-001: DomainProfile"],"fullName":"P9-001: DomainProfile seed profile required_sections have aliases","status":"passed","title":"seed profile required_sections have aliases","duration":0.9294999999999618,"failureMessages":[],"meta":{},"tags":[]},{"ancestorTitles":["P9-001: DomainProfile"],"fullName":"P9-001: DomainProfile rejects missing file","status":"passed","title":"rejects missing file","duration":1.4470999999999776,"failureMessages":[],"meta":{},"tags":[]},{"ancestorTitles":["P9-001: DomainProfile"],"fullName":"P9-001: DomainProfile rejects non-object JSON","status":"passed","title":"rejects non-object JSON","duration":5.976499999999987,"failureMessages":[],"meta":{},"tags":[]},{"ancestorTitles":["P9-001: DomainProfile"],"fullName":"P9-001: DomainProfile rejects missing profile_id","status":"passed","title":"rejects missing profile_id","duration":2.3891000000000986,"failureMessages":[],"meta":{},"tags":[]},{"ancestorTitles":["P9-001: DomainProfile"],"fullName":"P9-001: DomainProfile rejects missing quality_rubric fields","status":"passed","title":"rejects missing quality_rubric fields","duration":1.8541000000000167,"failureMessages":[],"meta":{},"tags":[]},{"ancestorTitles":["P9-001: DomainProfile"],"fullName":"P9-001: DomainProfile rejects missing required_sections","status":"passed","title":"rejects missing required_sections","duration":1.837099999999964,"failureMessages":[],"meta":{},"tags":[]}],"startTime":1777520828010,"endTime":1777520828030.8372,"status":"passed","message":"","name":"H:/Boom/pantheon/test/domainProfile.test.ts"},{"assertionResults":[{"ancestorTitles":["P9-002: Domain Quality Evaluator"],"fullName":"P9-002: Domain Quality Evaluator detects missing required sections","status":"passed","title":"detects missing required sections","duration":3.5477999999999383,"failureMessages":[],"meta":{},"tags":[]},{"ancestorTitles":["P9-002: Domain Quality Evaluator"],"fullName":"P9-002: Domain Quality Evaluator matches sections via aliases","status":"passed","title":"matches sections via aliases","duration":0.5932000000000244,"failureMessages":[],"meta":{},"tags":[]},{"ancestorTitles":["P9-002: Domain Quality Evaluator"],"fullName":"P9-002: Domain Quality Evaluator detects missing required concepts","status":"passed","title":"detects missing required concepts","duration":0.5337000000000671,"failureMessages":[],"meta":{},"tags":[]},{"ancestorTitles":["P9-002: Domain Quality Evaluator"],"fullName":"P9-002: Domain Quality Evaluator matches concepts via aliases","status":"passed","title":"matches concepts via aliases","duration":0.29970000000002983,"failureMessages":[],"meta":{},"tags":[]},{"ancestorTitles":["P9-002: Domain Quality Evaluator"],"fullName":"P9-002: Domain Quality Evaluator matches concepts via terms[]","status":"passed","title":"matches concepts via terms[]","duration":0.4013999999999669,"failureMessages":[],"meta":{},"tags":[]},{"ancestorTitles":["P9-002: Domain Quality Evaluator"],"fullName":"P9-002: Domain Quality Evaluator detects forbidden generic phrases","status":"passed","title":"detects forbidden generic phrases","duration":0.3544000000000551,"failureMessages":[],"meta":{},"tags":[]},{"ancestorTitles":["P9-002: Domain Quality Evaluator"],"fullName":"P9-002: Domain Quality Evaluator detects vague commitments","status":"passed","title":"detects vague commitments","duration":0.29980000000000473,"failureMessages":[],"meta":{},"tags":[]},{"ancestorTitles":["P9-002: Domain Quality Evaluator"],"fullName":"P9-002: Domain Quality Evaluator detects placeholder/TBD blocks","status":"passed","title":"detects placeholder/TBD blocks","duration":0.2839999999999918,"failureMessages":[],"meta":{},"tags":[]},{"ancestorTitles":["P9-002: Domain Quality Evaluator"],"fullName":"P9-002: Domain Quality Evaluator excludes placeholder blocks from concept coverage","status":"passed","title":"excludes placeholder blocks from concept coverage","duration":0.27899999999999636,"failureMessages":[],"meta":{},"tags":[]},{"ancestorTitles":["P9-002: Domain Quality Evaluator"],"fullName":"P9-002: Domain Quality Evaluator detects blocks with no domain concepts","status":"passed","title":"detects blocks with no domain concepts","duration":0.2947000000000344,"failureMessages":[],"meta":{},"tags":[]},{"ancestorTitles":["P9-002: Domain Quality Evaluator"],"fullName":"P9-002: Domain Quality Evaluator good artifact scores well","status":"passed","title":"good artifact scores well","duration":0.2805000000000746,"failureMessages":[],"meta":{},"tags":[]},{"ancestorTitles":["P9-002: Score & Recommendation"],"fullName":"P9-002: Score & Recommendation score formula is deterministic","status":"passed","title":"score formula is deterministic","duration":0.26269999999999527,"failureMessages":[],"meta":{},"tags":[]},{"ancestorTitles":["P9-002: Score & Recommendation"],"fullName":"P9-002: Score & Recommendation bad artifact gets reject_draft","status":"passed","title":"bad artifact gets reject_draft","duration":0.21669999999994616,"failureMessages":[],"meta":{},"tags":[]},{"ancestorTitles":["P9-002: Score & Recommendation"],"fullName":"P9-002: Score & Recommendation missing required section forces reject_draft regardless of score","status":"passed","title":"missing required section forces reject_draft regardless of score","duration":0.24720000000002074,"failureMessages":[],"meta":{},"tags":[]},{"ancestorTitles":["P9-002: Score & Recommendation"],"fullName":"P9-002: Score & Recommendation score is capped at 100 and floored at 0","status":"passed","title":"score is capped at 100 and floored at 0","duration":0.352800000000002,"failureMessages":[],"meta":{},"tags":[]},{"ancestorTitles":["P9-002: Score & Recommendation"],"fullName":"P9-002: Score & Recommendation report has correct block and section counts","status":"passed","title":"report has correct block and section counts","duration":0.21720000000004802,"failureMessages":[],"meta":{},"tags":[]},{"ancestorTitles":["P9-002: Score & Recommendation"],"fullName":"P9-002: Score & Recommendation rejects draft below min_blocks","status":"passed","title":"rejects draft below min_blocks","duration":0.3007999999999811,"failureMessages":[],"meta":{},"tags":[]},{"ancestorTitles":["P9-002: Score & Recommendation"],"fullName":"P9-002: Score & Recommendation rejects draft below min_sections","status":"passed","title":"rejects draft below min_sections","duration":0.3689000000000533,"failureMessages":[],"meta":{},"tags":[]},{"ancestorTitles":["P9-002: Score & Recommendation"],"fullName":"P9-002: Score & Recommendation rejects draft below min_required_concept_coverage","status":"passed","title":"rejects draft below min_required_concept_coverage","duration":0.3061000000000149,"failureMessages":[],"meta":{},"tags":[]},{"ancestorTitles":["P9-002: Score & Recommendation"],"fullName":"P9-002: Score & Recommendation rejects draft above max_blocks","status":"passed","title":"rejects draft above max_blocks","duration":0.2197999999999638,"failureMessages":[],"meta":{},"tags":[]}],"startTime":1777520830804,"endTime":1777520830814.3062,"status":"passed","message":"","name":"H:/Boom/pantheon/test/domainQualityEvaluator.test.ts"},{"assertionResults":[{"ancestorTitles":["P9-005: Draft Intake"],"fullName":"P9-005: Draft Intake accept_as_seed does NOT create canonical pointer","status":"passed","title":"accept_as_seed does NOT create canonical pointer","duration":26.21969999999999,"failureMessages":[],"meta":{},"tags":[]},{"ancestorTitles":["P9-005: Draft Intake"],"fullName":"P9-005: Draft Intake reject_draft writes to DecisionLog","status":"passed","title":"reject_draft writes to DecisionLog","duration":14.179599999999937,"failureMessages":[],"meta":{},"tags":[]},{"ancestorTitles":["P9-005: Draft Intake"],"fullName":"P9-005: Draft Intake accept_for_cleanup writes to DecisionLog","status":"passed","title":"accept_for_cleanup writes to DecisionLog","duration":15.388199999999983,"failureMessages":[],"meta":{},"tags":[]},{"ancestorTitles":["P9-005: Draft Intake"],"fullName":"P9-005: Draft Intake accept_as_seed writes to DecisionLog with quality snapshot","status":"passed","title":"accept_as_seed writes to DecisionLog with quality snapshot","duration":20.91170000000011,"failureMessages":[],"meta":{},"tags":[]},{"ancestorTitles":["P9-005: Draft Intake"],"fullName":"P9-005: Draft Intake rejects missing rationale","status":"passed","title":"rejects missing rationale","duration":8.657699999999977,"failureMessages":[],"meta":{},"tags":[]},{"ancestorTitles":["P9-005: Draft Intake"],"fullName":"P9-005: Draft Intake rejects missing operator_id","status":"passed","title":"rejects missing operator_id","duration":6.409200000000055,"failureMessages":[],"meta":{},"tags":[]},{"ancestorTitles":["P9-005: Draft Intake"],"fullName":"P9-005: Draft Intake rejects missing quarantine item","status":"passed","title":"rejects missing quarantine item","duration":26.78869999999995,"failureMessages":[],"meta":{},"tags":[]},{"ancestorTitles":["P9-005: Draft Intake"],"fullName":"P9-005: Draft Intake rejects invalid decision type","status":"passed","title":"rejects invalid decision type","duration":11.98230000000001,"failureMessages":[],"meta":{},"tags":[]}],"startTime":1777520826171,"endTime":1777520826301.9824,"status":"passed","message":"","name":"H:/Boom/pantheon/test/draftIntake.test.ts"},{"assertionResults":[{"ancestorTitles":["P8-001: DraftValidator"],"fullName":"P8-001: DraftValidator rejects non-object input","status":"passed","title":"rejects non-object input","duration":2.7088999999999714,"failureMessages":[],"meta":{},"tags":[]},{"ancestorTitles":["P8-001: DraftValidator"],"fullName":"P8-001: DraftValidator rejects invalid artifact_type","status":"passed","title":"rejects invalid artifact_type","duration":0.5617999999999483,"failureMessages":[],"meta":{},"tags":[]},{"ancestorTitles":["P8-001: DraftValidator"],"fullName":"P8-001: DraftValidator warns about wrong schema_version and host overrides","status":"passed","title":"warns about wrong schema_version and host overrides","duration":3.438199999999938,"failureMessages":[],"meta":{},"tags":[]},{"ancestorTitles":["P8-001: DraftValidator"],"fullName":"P8-001: DraftValidator rejects missing artifact_id","status":"passed","title":"rejects missing artifact_id","duration":0.4561999999999671,"failureMessages":[],"meta":{},"tags":[]},{"ancestorTitles":["P8-001: DraftValidator"],"fullName":"P8-001: DraftValidator rejects invalid artifact_id format","status":"passed","title":"rejects invalid artifact_id format","duration":0.6246999999999616,"failureMessages":[],"meta":{},"tags":[]},{"ancestorTitles":["P8-001: DraftValidator"],"fullName":"P8-001: DraftValidator rejects artifact_id collision","status":"passed","title":"rejects artifact_id collision","duration":0.2537999999999556,"failureMessages":[],"meta":{},"tags":[]},{"ancestorTitles":["P8-001: DraftValidator"],"fullName":"P8-001: DraftValidator rejects empty sections","status":"passed","title":"rejects empty sections","duration":0.3249000000000706,"failureMessages":[],"meta":{},"tags":[]},{"ancestorTitles":["P8-001: DraftValidator"],"fullName":"P8-001: DraftValidator rejects duplicate section_id","status":"passed","title":"rejects duplicate section_id","duration":0.2299000000000433,"failureMessages":[],"meta":{},"tags":[]},{"ancestorTitles":["P8-001: DraftValidator"],"fullName":"P8-001: DraftValidator rejects missing section title","status":"passed","title":"rejects missing section title","duration":0.24549999999999272,"failureMessages":[],"meta":{},"tags":[]},{"ancestorTitles":["P8-001: DraftValidator"],"fullName":"P8-001: DraftValidator rejects section with no blocks","status":"passed","title":"rejects section with no blocks","duration":0.2582999999999629,"failureMessages":[],"meta":{},"tags":[]},{"ancestorTitles":["P8-001: DraftValidator"],"fullName":"P8-001: DraftValidator rejects duplicate block_id","status":"passed","title":"rejects duplicate block_id","duration":0.20039999999994507,"failureMessages":[],"meta":{},"tags":[]},{"ancestorTitles":["P8-001: DraftValidator"],"fullName":"P8-001: DraftValidator rejects invalid block type","status":"passed","title":"rejects invalid block type","duration":0.183400000000006,"failureMessages":[],"meta":{},"tags":[]},{"ancestorTitles":["P8-001: DraftValidator"],"fullName":"P8-001: DraftValidator rejects empty block text","status":"passed","title":"rejects empty block text","duration":0.15440000000000964,"failureMessages":[],"meta":{},"tags":[]},{"ancestorTitles":["P8-001: DraftValidator"],"fullName":"P8-001: DraftValidator rejects invalid initial status","status":"passed","title":"rejects invalid initial status","duration":0.14190000000007785,"failureMessages":[],"meta":{},"tags":[]},{"ancestorTitles":["P8-001: DraftValidator"],"fullName":"P8-001: DraftValidator warns about LLM-provided revision_id","status":"passed","title":"warns about LLM-provided revision_id","duration":0.37829999999996744,"failureMessages":[],"meta":{},"tags":[]},{"ancestorTitles":["P8-001: DraftValidator"],"fullName":"P8-001: DraftValidator accepts valid draft and finalizes with host hashes","status":"passed","title":"accepts valid draft and finalizes with host hashes","duration":1.054899999999975,"failureMessages":[],"meta":{},"tags":[]},{"ancestorTitles":["P8-001: DraftValidator"],"fullName":"P8-001: DraftValidator produces deterministic output for same input","status":"passed","title":"produces deterministic output for same input","duration":1.8553000000000566,"failureMessages":[],"meta":{},"tags":[]},{"ancestorTitles":["P8-001: DraftValidator"],"fullName":"P8-001: DraftValidator overwrites LLM-provided content_hash","status":"passed","title":"overwrites LLM-provided content_hash","duration":0.8729000000000724,"failureMessages":[],"meta":{},"tags":[]},{"ancestorTitles":["P8-001: DraftValidator"],"fullName":"P8-001: DraftValidator accepts when no collision exists","status":"passed","title":"accepts when no collision exists","duration":0.2540000000000191,"failureMessages":[],"meta":{},"tags":[]},{"ancestorTitles":["P8-001: DraftValidator"],"fullName":"P8-001: DraftValidator accepts draft with cross-artifact linked_architecture_blocks","status":"passed","title":"accepts draft with cross-artifact linked_architecture_blocks","duration":0.26909999999998035,"failureMessages":[],"meta":{},"tags":[]},{"ancestorTitles":["P8-001: DraftValidator"],"fullName":"P8-001: DraftValidator accepts draft with cross-artifact linked_interface_blocks","status":"passed","title":"accepts draft with cross-artifact linked_interface_blocks","duration":0.2675000000000409,"failureMessages":[],"meta":{},"tags":[]},{"ancestorTitles":["P8-001: DraftValidator"],"fullName":"P8-001: DraftValidator warns when linked_* fields reference blocks within the same artifact","status":"passed","title":"warns when linked_* fields reference blocks within the same artifact","duration":0.318300000000022,"failureMessages":[],"meta":{},"tags":[]},{"ancestorTitles":["P8-001: DraftValidator"],"fullName":"P8-001: DraftValidator accepts internal links without dangling error","status":"passed","title":"accepts internal links without dangling error","duration":0.24059999999997217,"failureMessages":[],"meta":{},"tags":[]}],"startTime":1777520828515,"endTime":1777520828531.2405,"status":"passed","message":"","name":"H:/Boom/pantheon/test/draftValidator.test.ts"},{"assertionResults":[{"ancestorTitles":["§21 Complete Closed Loop"],"fullName":"§21 Complete Closed Loop full pipeline: rev_001 → linter → patch → regression_failed → override → rev_override → canonical updated","status":"passed","title":"full pipeline: rev_001 → linter → patch → regression_failed → override → rev_override → canonical updated","duration":62.87850000000003,"failureMessages":[],"meta":{},"tags":[]},{"ancestorTitles":["Pipeline orchestrator"],"fullName":"Pipeline orchestrator runs full pipeline and halts at regression_failed","status":"passed","title":"runs full pipeline and halts at regression_failed","duration":31.158199999999965,"failureMessages":[],"meta":{},"tags":[]},{"ancestorTitles":["Pipeline orchestrator"],"fullName":"Pipeline orchestrator human override completes the pipeline","status":"passed","title":"human override completes the pipeline","duration":32.32450000000006,"failureMessages":[],"meta":{},"tags":[]},{"ancestorTitles":["Pipeline orchestrator"],"fullName":"Pipeline orchestrator generateCockpitData produces structured output","status":"passed","title":"generateCockpitData produces structured output","duration":27.217500000000086,"failureMessages":[],"meta":{},"tags":[]},{"ancestorTitles":["§18 Acceptance Criteria – individual verification"],"fullName":"§18 Acceptance Criteria – individual verification #1: JSON Artifact can be created","status":"passed","title":"#1: JSON Artifact can be created","duration":14.698300000000017,"failureMessages":[],"meta":{},"tags":[]},{"ancestorTitles":["§18 Acceptance Criteria – individual verification"],"fullName":"§18 Acceptance Criteria – individual verification #2: Schema validates correctly","status":"passed","title":"#2: Schema validates correctly","duration":2.4406000000000176,"failureMessages":[],"meta":{},"tags":[]},{"ancestorTitles":["§18 Acceptance Criteria – individual verification"],"fullName":"§18 Acceptance Criteria – individual verification #3: Revision can be saved and loaded","status":"passed","title":"#3: Revision can be saved and loaded","duration":14.044599999999946,"failureMessages":[],"meta":{},"tags":[]},{"ancestorTitles":["§18 Acceptance Criteria – individual verification"],"fullName":"§18 Acceptance Criteria – individual verification #4: Deterministic linter generates issue","status":"passed","title":"#4: Deterministic linter generates issue","duration":3.5072000000000116,"failureMessages":[],"meta":{},"tags":[]},{"ancestorTitles":["§18 Acceptance Criteria – individual verification"],"fullName":"§18 Acceptance Criteria – individual verification #5: Issue validated through gate pipeline","status":"passed","title":"#5: Issue validated through gate pipeline","duration":2.0553999999999633,"failureMessages":[],"meta":{},"tags":[]},{"ancestorTitles":["§18 Acceptance Criteria – individual verification"],"fullName":"§18 Acceptance Criteria – individual verification #6: PatchProposal compiled to ArtifactPatch","status":"passed","title":"#6: PatchProposal compiled to ArtifactPatch","duration":2.034400000000005,"failureMessages":[],"meta":{},"tags":[]},{"ancestorTitles":["§18 Acceptance Criteria – individual verification"],"fullName":"§18 Acceptance Criteria – individual verification #7: applyPatch generates candidate on hash match","status":"passed","title":"#7: applyPatch generates candidate on hash match","duration":1.591600000000085,"failureMessages":[],"meta":{},"tags":[]},{"ancestorTitles":["§18 Acceptance Criteria – individual verification"],"fullName":"§18 Acceptance Criteria – individual verification #8: applyPatch rejects on hash mismatch","status":"passed","title":"#8: applyPatch rejects on hash mismatch","duration":1.8853000000000293,"failureMessages":[],"meta":{},"tags":[]},{"ancestorTitles":["§18 Acceptance Criteria – individual verification"],"fullName":"§18 Acceptance Criteria – individual verification #9: Semantic regression intercepts undefined term","status":"passed","title":"#9: Semantic regression intercepts undefined term","duration":1.699700000000007,"failureMessages":[],"meta":{},"tags":[]},{"ancestorTitles":["§18 Acceptance Criteria – individual verification"],"fullName":"§18 Acceptance Criteria – individual verification #10: Human override generates new revision + updates canonical","status":"passed","title":"#10: Human override generates new revision + updates canonical","duration":20.801600000000008,"failureMessages":[],"meta":{},"tags":[]}],"startTime":1777520824868,"endTime":1777520825087.8015,"status":"passed","message":"","name":"H:/Boom/pantheon/test/e2e.test.ts"},{"assertionResults":[{"ancestorTitles":["P18.1: Gate Completeness Registry"],"fullName":"P18.1: Gate Completeness Registry has exactly 14 gates registered","status":"passed","title":"has exactly 14 gates registered","duration":2.1159999999999854,"failureMessages":[],"meta":{},"tags":[]},{"ancestorTitles":["P18.1: Gate Completeness Registry"],"fullName":"P18.1: Gate Completeness Registry all gate_ids are unique","status":"passed","title":"all gate_ids are unique","duration":0.32189999999991414,"failureMessages":[],"meta":{},"tags":[]},{"ancestorTitles":["P18.1: Gate Completeness Registry"],"fullName":"P18.1: Gate Completeness Registry every gate has a non-empty gate_id","status":"passed","title":"every gate has a non-empty gate_id","duration":0.7010000000000218,"failureMessages":[],"meta":{},"tags":[]},{"ancestorTitles":["P18.1: Gate Completeness Registry"],"fullName":"P18.1: Gate Completeness Registry every gate has a non-empty gate_name","status":"passed","title":"every gate has a non-empty gate_name","duration":0.5495999999999412,"failureMessages":[],"meta":{},"tags":[]},{"ancestorTitles":["P18.1: Gate Completeness Registry"],"fullName":"P18.1: Gate Completeness Registry every source_file references an existing file","status":"passed","title":"every source_file references an existing file","duration":1.8795999999999822,"failureMessages":[],"meta":{},"tags":[]},{"ancestorTitles":["P18.1: Gate Completeness Registry"],"fullName":"P18.1: Gate Completeness Registry every regression_test file exists","status":"passed","title":"every regression_test file exists","duration":2.0645999999999276,"failureMessages":[],"meta":{},"tags":[]},{"ancestorTitles":["P18.1: Gate Completeness Registry"],"fullName":"P18.1: Gate Completeness Registry every regression_test has file + name","status":"passed","title":"every regression_test has file + name","duration":1.792100000000005,"failureMessages":[],"meta":{},"tags":[]},{"ancestorTitles":["P18.1: Gate Completeness Registry"],"fullName":"P18.1: Gate Completeness Registry every regression_test name exists in the referenced test file","status":"passed","title":"every regression_test name exists in the referenced test file","duration":7.902899999999931,"failureMessages":[],"meta":{},"tags":[]},{"ancestorTitles":["P18.1: Gate Completeness Registry"],"fullName":"P18.1: Gate Completeness Registry every gate has at least 1 fail_closed_case","status":"passed","title":"every gate has at least 1 fail_closed_case","duration":0.6154999999999973,"failureMessages":[],"meta":{},"tags":[]},{"ancestorTitles":["P18.1: Gate Completeness Registry"],"fullName":"P18.1: Gate Completeness Registry every gate has at least 1 primary_owned_field","status":"passed","title":"every gate has at least 1 primary_owned_field","duration":0.5613999999999351,"failureMessages":[],"meta":{},"tags":[]},{"ancestorTitles":["P18.1: Gate Completeness Registry"],"fullName":"P18.1: Gate Completeness Registry every gate has at least 1 required_check","status":"passed","title":"every gate has at least 1 required_check","duration":0.27369999999996253,"failureMessages":[],"meta":{},"tags":[]},{"ancestorTitles":["P18.1: Gate Completeness Registry"],"fullName":"P18.1: Gate Completeness Registry every gate has at least 1 known_non_goal","status":"passed","title":"every gate has at least 1 known_non_goal","duration":0.2155999999999949,"failureMessages":[],"meta":{},"tags":[]},{"ancestorTitles":["P18.1: Gate Completeness Registry"],"fullName":"P18.1: Gate Completeness Registry getGateById returns correct gate","status":"passed","title":"getGateById returns correct gate","duration":0.14400000000000546,"failureMessages":[],"meta":{},"tags":[]},{"ancestorTitles":["P18.1: Gate Completeness Registry"],"fullName":"P18.1: Gate Completeness Registry getGateById returns undefined for unknown","status":"passed","title":"getGateById returns undefined for unknown","duration":0.09000000000003183,"failureMessages":[],"meta":{},"tags":[]},{"ancestorTitles":["P18.1: Gate Completeness Registry"],"fullName":"P18.1: Gate Completeness Registry getGatesByPhase returns correct gates","status":"passed","title":"getGatesByPhase returns correct gates","duration":0.1591999999999416,"failureMessages":[],"meta":{},"tags":[]},{"ancestorTitles":["P18.1: Gate Completeness Registry"],"fullName":"P18.1: Gate Completeness Registry no field is primary-owned by zero gates (known field check)","status":"passed","title":"no field is primary-owned by zero gates (known field check)","duration":0.15200000000004366,"failureMessages":[],"meta":{},"tags":[]},{"ancestorTitles":["P18.1: Gate Completeness Registry"],"fullName":"P18.1: Gate Completeness Registry covers gates from P2 through P18","status":"passed","title":"covers gates from P2 through P18","duration":0.1292999999999438,"failureMessages":[],"meta":{},"tags":[]}],"startTime":1777520828260,"endTime":1777520828280.1592,"status":"passed","message":"","name":"H:/Boom/pantheon/test/gateRegistry.test.ts"},{"assertionResults":[{"ancestorTitles":["stableSerialize"],"fullName":"stableSerialize produces identical output regardless of key order","status":"passed","title":"produces identical output regardless of key order","duration":2.5545999999999367,"failureMessages":[],"meta":{},"tags":[]},{"ancestorTitles":["stableSerialize"],"fullName":"stableSerialize handles nested objects with different key orders","status":"passed","title":"handles nested objects with different key orders","duration":0.31939999999997326,"failureMessages":[],"meta":{},"tags":[]},{"ancestorTitles":["stableSerialize"],"fullName":"stableSerialize handles arrays (order preserved)","status":"passed","title":"handles arrays (order preserved)","duration":1.0932000000000244,"failureMessages":[],"meta":{},"tags":[]},{"ancestorTitles":["stableSerialize"],"fullName":"stableSerialize omits undefined values","status":"passed","title":"omits undefined values","duration":0.26340000000004693,"failureMessages":[],"meta":{},"tags":[]},{"ancestorTitles":["stableSerialize"],"fullName":"stableSerialize exports SERIALIZATION_VERSION as stable_json_v1","status":"passed","title":"exports SERIALIZATION_VERSION as stable_json_v1","duration":0.21299999999996544,"failureMessages":[],"meta":{},"tags":[]},{"ancestorTitles":["computeHash"],"fullName":"computeHash returns sha256-prefixed hex digest","status":"passed","title":"returns sha256-prefixed hex digest","duration":0.8146000000000413,"failureMessages":[],"meta":{},"tags":[]},{"ancestorTitles":["computeHash"],"fullName":"computeHash is deterministic","status":"passed","title":"is deterministic","duration":0.22100000000000364,"failureMessages":[],"meta":{},"tags":[]},{"ancestorTitles":["computeHash"],"fullName":"computeHash changes with different input","status":"passed","title":"changes with different input","duration":0.24459999999999127,"failureMessages":[],"meta":{},"tags":[]},{"ancestorTitles":["computeBlockContentHash"],"fullName":"computeBlockContentHash Day1-Test-1: 字段顺序不同, hash 相同","status":"passed","title":"Day1-Test-1: 字段顺序不同, hash 相同","duration":0.397199999999998,"failureMessages":[],"meta":{},"tags":[]},{"ancestorTitles":["computeBlockContentHash"],"fullName":"computeBlockContentHash Day1-Test-2: 动态 metadata 不影响 content_hash","status":"passed","title":"Day1-Test-2: 动态 metadata 不影响 content_hash","duration":0.4682999999999993,"failureMessages":[],"meta":{},"tags":[]},{"ancestorTitles":["computeBlockContentHash"],"fullName":"computeBlockContentHash Day1-Test-3: text 改变, hash 改变","status":"passed","title":"Day1-Test-3: text 改变, hash 改变","duration":0.25109999999995125,"failureMessages":[],"meta":{},"tags":[]},{"ancestorTitles":["computeBlockContentHash"],"fullName":"computeBlockContentHash rationale change causes hash change","status":"passed","title":"rationale change causes hash change","duration":0.23130000000003292,"failureMessages":[],"meta":{},"tags":[]},{"ancestorTitles":["computeBlockContentHash"],"fullName":"computeBlockContentHash type change causes hash change","status":"passed","title":"type change causes hash change","duration":0.1975000000001046,"failureMessages":[],"meta":{},"tags":[]},{"ancestorTitles":["computeBlockContentHash"],"fullName":"computeBlockContentHash terms change causes hash change","status":"passed","title":"terms change causes hash change","duration":0.21690000000000964,"failureMessages":[],"meta":{},"tags":[]},{"ancestorTitles":["computeBlockContentHash"],"fullName":"computeBlockContentHash absent rationale vs present rationale yields different hash","status":"passed","title":"absent rationale vs present rationale yields different hash","duration":0.20150000000001,"failureMessages":[],"meta":{},"tags":[]},{"ancestorTitles":["computeBlockContentHash"],"fullName":"computeBlockContentHash absent terms vs present terms yields different hash","status":"passed","title":"absent terms vs present terms yields different hash","duration":0.2340000000000373,"failureMessages":[],"meta":{},"tags":[]},{"ancestorTitles":["extractContentHashInput"],"fullName":"extractContentHashInput includes only type, text, rationale, terms","status":"passed","title":"includes only type, text, rationale, terms","duration":1.5287000000000717,"failureMessages":[],"meta":{},"tags":[]},{"ancestorTitles":["extractContentHashInput"],"fullName":"extractContentHashInput excludes rationale and terms when undefined","status":"passed","title":"excludes rationale and terms when undefined","duration":0.21839999999997417,"failureMessages":[],"meta":{},"tags":[]},{"ancestorTitles":["computeArtifactHash"],"fullName":"computeArtifactHash Day1-Test-4: schema_version 改变, revision_hash 改变","status":"passed","title":"Day1-Test-4: schema_version 改变, revision_hash 改变","duration":0.49069999999994707,"failureMessages":[],"meta":{},"tags":[]},{"ancestorTitles":["computeArtifactHash"],"fullName":"computeArtifactHash is deterministic for identical artifacts","status":"passed","title":"is deterministic for identical artifacts","duration":0.31150000000002365,"failureMessages":[],"meta":{},"tags":[]},{"ancestorTitles":["computeArtifactHash"],"fullName":"computeArtifactHash ArtifactMetadata does NOT affect revision hash (ref: §4.1.1)","status":"passed","title":"ArtifactMetadata does NOT affect revision hash (ref: §4.1.1)","duration":0.25469999999995707,"failureMessages":[],"meta":{},"tags":[]},{"ancestorTitles":["computeArtifactHash"],"fullName":"computeArtifactHash artifact_id change causes hash change","status":"passed","title":"artifact_id change causes hash change","duration":0.24660000000005766,"failureMessages":[],"meta":{},"tags":[]},{"ancestorTitles":["computeArtifactHash"],"fullName":"computeArtifactHash parent_revision_id change causes hash change","status":"passed","title":"parent_revision_id change causes hash change","duration":0.2624999999999318,"failureMessages":[],"meta":{},"tags":[]},{"ancestorTitles":["computeArtifactHash"],"fullName":"computeArtifactHash block content change causes revision hash change","status":"passed","title":"block content change causes revision hash change","duration":0.29169999999999163,"failureMessages":[],"meta":{},"tags":[]},{"ancestorTitles":["extractRevisionHashInput"],"fullName":"extractRevisionHashInput excludes metadata from revision hash input","status":"passed","title":"excludes metadata from revision hash input","duration":0.19630000000006476,"failureMessages":[],"meta":{},"tags":[]},{"ancestorTitles":["extractRevisionHashInput"],"fullName":"extractRevisionHashInput includes structural fields","status":"passed","title":"includes structural fields","duration":0.4329999999999927,"failureMessages":[],"meta":{},"tags":[]},{"ancestorTitles":["extractRevisionHashInput"],"fullName":"extractRevisionHashInput blocks are represented only by block_id + content_hash","status":"passed","title":"blocks are represented only by block_id + content_hash","duration":0.35609999999996944,"failureMessages":[],"meta":{},"tags":[]},{"ancestorTitles":["computeRevisionId"],"fullName":"computeRevisionId returns rev_ prefixed string with 12 hex chars","status":"passed","title":"returns rev_ prefixed string with 12 hex chars","duration":0.2604999999999791,"failureMessages":[],"meta":{},"tags":[]},{"ancestorTitles":["computeRevisionId"],"fullName":"computeRevisionId is deterministic","status":"passed","title":"is deterministic","duration":0.21240000000000236,"failureMessages":[],"meta":{},"tags":[]},{"ancestorTitles":["computeRevisionId"],"fullName":"computeRevisionId changes when artifact content changes","status":"passed","title":"changes when artifact content changes","duration":0.26310000000000855,"failureMessages":[],"meta":{},"tags":[]},{"ancestorTitles":["getHashMeta"],"fullName":"getHashMeta returns correct algorithm and serialization version","status":"passed","title":"returns correct algorithm and serialization version","duration":0.21539999999993142,"failureMessages":[],"meta":{},"tags":[]}],"startTime":1777520829816,"endTime":1777520829830.2632,"status":"passed","message":"","name":"H:/Boom/pantheon/test/hash.test.ts"},{"assertionResults":[{"ancestorTitles":["P8-003: Idea-to-Draft Pipeline"],"fullName":"P8-003: Idea-to-Draft Pipeline succeeds with valid LLM output","status":"passed","title":"succeeds with valid LLM output","duration":18.175900000000013,"failureMessages":[],"meta":{},"tags":[]},{"ancestorTitles":["P8-003: Idea-to-Draft Pipeline"],"fullName":"P8-003: Idea-to-Draft Pipeline host recomputes all hashes","status":"passed","title":"host recomputes all hashes","duration":9.000499999999988,"failureMessages":[],"meta":{},"tags":[]},{"ancestorTitles":["P8-003: Idea-to-Draft Pipeline"],"fullName":"P8-003: Idea-to-Draft Pipeline handles JSON parse failure","status":"passed","title":"handles JSON parse failure","duration":1.9003000000000156,"failureMessages":[],"meta":{},"tags":[]},{"ancestorTitles":["P8-003: Idea-to-Draft Pipeline"],"fullName":"P8-003: Idea-to-Draft Pipeline handles DraftValidator rejection","status":"passed","title":"handles DraftValidator rejection","duration":1.2876999999999725,"failureMessages":[],"meta":{},"tags":[]},{"ancestorTitles":["P8-003: Idea-to-Draft Pipeline"],"fullName":"P8-003: Idea-to-Draft Pipeline strips markdown code fences from LLM output","status":"passed","title":"strips markdown code fences from LLM output","duration":9.23150000000004,"failureMessages":[],"meta":{},"tags":[]},{"ancestorTitles":["P8-003: Idea-to-Draft Pipeline"],"fullName":"P8-003: Idea-to-Draft Pipeline handles LLM error","status":"passed","title":"handles LLM error","duration":8.00060000000002,"failureMessages":[],"meta":{},"tags":[]},{"ancestorTitles":["P8-003: Idea-to-Draft Pipeline"],"fullName":"P8-003: Idea-to-Draft Pipeline detects collision with existing artifact IDs","status":"passed","title":"detects collision with existing artifact IDs","duration":1.48539999999997,"failureMessages":[],"meta":{},"tags":[]},{"ancestorTitles":["P8-003: Idea-to-Draft Pipeline"],"fullName":"P8-003: Idea-to-Draft Pipeline saves raw output to draft_runs directory","status":"passed","title":"saves raw output to draft_runs directory","duration":8.357500000000016,"failureMessages":[],"meta":{},"tags":[]}],"startTime":1777520826171,"endTime":1777520826228.3574,"status":"passed","message":"","name":"H:/Boom/pantheon/test/ideaToDraft.test.ts"},{"assertionResults":[{"ancestorTitles":["integrityCheck �?clean store"],"fullName":"integrityCheck �?clean store reports no findings on a correctly created artifact","status":"passed","title":"reports no findings on a correctly created artifact","duration":38.20170000000007,"failureMessages":[],"meta":{},"tags":[]},{"ancestorTitles":["integrityCheck �?clean store"],"fullName":"integrityCheck �?clean store reports no findings on empty data directory","status":"passed","title":"reports no findings on empty data directory","duration":3.7327999999999975,"failureMessages":[],"meta":{},"tags":[]},{"ancestorTitles":["Check 1: canonical pointer target"],"fullName":"Check 1: canonical pointer target detects canonical pointing to non-existent revision","status":"passed","title":"detects canonical pointing to non-existent revision","duration":21.83510000000001,"failureMessages":[],"meta":{},"tags":[]},{"ancestorTitles":["Check 1: canonical pointer target"],"fullName":"Check 1: canonical pointer target detects canonical pointer file containing null","status":"passed","title":"detects canonical pointer file containing null","duration":27.29970000000003,"failureMessages":[],"meta":{},"tags":[]},{"ancestorTitles":["Check 1: canonical pointer target"],"fullName":"Check 1: canonical pointer target detects canonical pointer file containing an array","status":"passed","title":"detects canonical pointer file containing an array","duration":28.90229999999997,"failureMessages":[],"meta":{},"tags":[]},{"ancestorTitles":["Check 1: canonical pointer target"],"fullName":"Check 1: canonical pointer target detects canonical pointer file containing a string","status":"passed","title":"detects canonical pointer file containing a string","duration":25.36180000000013,"failureMessages":[],"meta":{},"tags":[]},{"ancestorTitles":["Check 1: canonical pointer target"],"fullName":"Check 1: canonical pointer target detects canonical pointer missing current_revision_id","status":"passed","title":"detects canonical pointer missing current_revision_id","duration":25.248000000000047,"failureMessages":[],"meta":{},"tags":[]},{"ancestorTitles":["Check 1: canonical pointer target"],"fullName":"Check 1: canonical pointer target detects canonical pointer with missing artifact_id","status":"passed","title":"detects canonical pointer with missing artifact_id","duration":25.617099999999937,"failureMessages":[],"meta":{},"tags":[]},{"ancestorTitles":["Check 1: canonical pointer target"],"fullName":"Check 1: canonical pointer target detects canonical pointer with mismatched artifact_id","status":"passed","title":"detects canonical pointer with mismatched artifact_id","duration":26.669200000000046,"failureMessages":[],"meta":{},"tags":[]},{"ancestorTitles":["Check 2: revision parse + schema"],"fullName":"Check 2: revision parse + schema detects unparseable revision JSON","status":"passed","title":"detects unparseable revision JSON","duration":42.52669999999989,"failureMessages":[],"meta":{},"tags":[]},{"ancestorTitles":["Check 2: revision parse + schema"],"fullName":"Check 2: revision parse + schema detects unknown schema_version","status":"passed","title":"detects unknown schema_version","duration":29.442999999999984,"failureMessages":[],"meta":{},"tags":[]},{"ancestorTitles":["Check 3: block content_hash"],"fullName":"Check 3: block content_hash detects tampered block text with stale hash","status":"passed","title":"detects tampered block text with stale hash","duration":28.68360000000007,"failureMessages":[],"meta":{},"tags":[]},{"ancestorTitles":["Check 4: revision_id recomputation"],"fullName":"Check 4: revision_id recomputation detects in-file revision_id != filename","status":"passed","title":"detects in-file revision_id != filename","duration":30.588399999999865,"failureMessages":[],"meta":{},"tags":[]},{"ancestorTitles":["Check 4: revision_id recomputation"],"fullName":"Check 4: revision_id recomputation detects recomputed revision_id mismatch (content tampering)","status":"passed","title":"detects recomputed revision_id mismatch (content tampering)","duration":27.64560000000006,"failureMessages":[],"meta":{},"tags":[]},{"ancestorTitles":["Check 5: parent chain"],"fullName":"Check 5: parent chain detects broken parent chain (parent deleted)","status":"passed","title":"detects broken parent chain (parent deleted)","duration":34.509900000000016,"failureMessages":[],"meta":{},"tags":[]},{"ancestorTitles":["Check 6: orphan revisions"],"fullName":"Check 6: orphan revisions detects orphan revision not reachable from canonical","status":"passed","title":"detects orphan revision not reachable from canonical","duration":24.15300000000002,"failureMessages":[],"meta":{},"tags":[]},{"ancestorTitles":["Check 7: audit log"],"fullName":"Check 7: audit log detects unparseable audit log line","status":"passed","title":"detects unparseable audit log line","duration":24.58089999999993,"failureMessages":[],"meta":{},"tags":[]},{"ancestorTitles":["Check 7: audit log"],"fullName":"Check 7: audit log detects missing artifact_created event","status":"passed","title":"detects missing artifact_created event","duration":22.880499999999984,"failureMessages":[],"meta":{},"tags":[]},{"ancestorTitles":["Check 7: audit log"],"fullName":"Check 7: audit log detects missing audit log for artifact with canonical","status":"passed","title":"detects missing audit log for artifact with canonical","duration":25.287199999999984,"failureMessages":[],"meta":{},"tags":[]},{"ancestorTitles":["Check 8: .tmp leftover files"],"fullName":"Check 8: .tmp leftover files detects .tmp files in revisions directory","status":"passed","title":"detects .tmp files in revisions directory","duration":27.16249999999991,"failureMessages":[],"meta":{},"tags":[]},{"ancestorTitles":["Check 8: .tmp leftover files"],"fullName":"Check 8: .tmp leftover files detects .tmp files in canonical directory","status":"passed","title":"detects .tmp files in canonical directory","duration":26.155899999999974,"failureMessages":[],"meta":{},"tags":[]},{"ancestorTitles":["IntegrityReport summary"],"fullName":"IntegrityReport summary correctly counts warnings vs corruptions","status":"passed","title":"correctly counts warnings vs corruptions","duration":29.298299999999927,"failureMessages":[],"meta":{},"tags":[]},{"ancestorTitles":["P1-2: malformed revision shape"],"fullName":"P1-2: malform
[...]
ifies library_package with src_layout","duration":0.4516999999999598,"failureMessages":[],"meta":{},"tags":[]},{"ancestorTitles":["pythonLayoutClassifier"],"fullName":"pythonLayoutClassifier classifies namespace_package when src packages omit __init__.py","status":"passed","title":"classifies namespace_package when src packages omit __init__.py","duration":0.33199999999999363,"failureMessages":[],"meta":{},"tags":[]},{"ancestorTitles":["pythonLayoutClassifier"],"fullName":"pythonLayoutClassifier classifies cli_app from explicit CLI entry points","status":"passed","title":"classifies cli_app from explicit CLI entry points","duration":0.3971000000000231,"failureMessages":[],"meta":{},"tags":[]},{"ancestorTitles":["pythonLayoutClassifier"],"fullName":"pythonLayoutClassifier classifies data_pipeline from pipeline and etl paths","status":"passed","title":"classifies data_pipeline from pipeline and etl paths","duration":0.29700000000002547,"failureMessages":[],"meta":{},"tags":[]},{"ancestorTitles":["pythonLayoutClassifier"],"fullName":"pythonLayoutClassifier classifies ml_project from train/predict and notebook signals","status":"passed","title":"classifies ml_project from train/predict and notebook signals","duration":0.29290000000003147,"failureMessages":[],"meta":{},"tags":[]},{"ancestorTitles":["pythonLayoutClassifier"],"fullName":"pythonLayoutClassifier classifies monorepo when multiple top-level packages are present","status":"passed","title":"classifies monorepo when multiple top-level packages are present","duration":0.3227999999999156,"failureMessages":[],"meta":{},"tags":[]},{"ancestorTitles":["pythonLayoutClassifier"],"fullName":"pythonLayoutClassifier classifies mixed when two primary layouts tie","status":"passed","title":"classifies mixed when two primary layouts tie","duration":0.3766999999999143,"failureMessages":[],"meta":{},"tags":[]}],"startTime":1777520833204,"endTime":1777520833211.3767,"status":"passed","message":"","name":"H:/Boom/pantheon/test/repoObservation/python/pythonLayoutClassifier.test.ts"},{"assertionResults":[{"ancestorTitles":["pythonObservationEnhancer integration"],"fullName":"pythonObservationEnhancer integration produces full sidecar shape","status":"passed","title":"produces full sidecar shape","duration":359.9178999999999,"failureMessages":[],"meta":{},"tags":[]},{"ancestorTitles":["pythonObservationEnhancer integration"],"fullName":"pythonObservationEnhancer integration consumes PythonObservationConfig.project_packages","status":"passed","title":"consumes PythonObservationConfig.project_packages","duration":589.1763000000001,"failureMessages":[],"meta":{},"tags":[]},{"ancestorTitles":["pythonObservationEnhancer integration"],"fullName":"pythonObservationEnhancer integration consumes sensitive_overrides","status":"passed","title":"consumes sensitive_overrides","duration":261.51449999999977,"failureMessages":[],"meta":{},"tags":[]},{"ancestorTitles":["pythonObservationEnhancer integration"],"fullName":"pythonObservationEnhancer integration includes limitations including multiline import note","status":"passed","title":"includes limitations including multiline import note","duration":272.15120000000024,"failureMessages":[],"meta":{},"tags":[]},{"ancestorTitles":["pythonObservationEnhancer integration"],"fullName":"pythonObservationEnhancer integration produces quality and unknown taxonomy from combined signals","status":"passed","title":"produces quality and unknown taxonomy from combined signals","duration":250.9666000000002,"failureMessages":[],"meta":{},"tags":[]},{"ancestorTitles":["pythonObservationEnhancer integration"],"fullName":"pythonObservationEnhancer integration parses multiline from x import (...)","status":"passed","title":"parses multiline from x import (...)","duration":254.85610000000042,"failureMessages":[],"meta":{},"tags":[]},{"ancestorTitles":["pythonObservationEnhancer integration"],"fullName":"pythonObservationEnhancer integration classifies files into correct buckets","status":"passed","title":"classifies files into correct buckets","duration":271.9502000000002,"failureMessages":[],"meta":{},"tags":[]},{"ancestorTitles":["pythonObservationEnhancer integration"],"fullName":"pythonObservationEnhancer integration maps test files correctly","status":"passed","title":"maps test files correctly","duration":288.6954999999998,"failureMessages":[],"meta":{},"tags":[]},{"ancestorTitles":["pythonEcosystemPatterns"],"fullName":"pythonEcosystemPatterns isPythonSourceExtension","status":"passed","title":"isPythonSourceExtension","duration":0.4389000000001033,"failureMessages":[],"meta":{},"tags":[]},{"ancestorTitles":["pythonEcosystemPatterns"],"fullName":"pythonEcosystemPatterns isPythonEcosystemFile","status":"passed","title":"isPythonEcosystemFile","duration":0.4223999999994703,"failureMessages":[],"meta":{},"tags":[]},{"ancestorTitles":["pythonEcosystemPatterns"],"fullName":"pythonEcosystemPatterns isPythonRelevantFile","status":"passed","title":"isPythonRelevantFile","duration":0.2584999999999127,"failureMessages":[],"meta":{},"tags":[]},{"ancestorTitles":["pythonEcosystemPatterns"],"fullName":"pythonEcosystemPatterns isPythonManifestFile","status":"passed","title":"isPythonManifestFile","duration":0.3646999999991749,"failureMessages":[],"meta":{},"tags":[]},{"ancestorTitles":["pythonEcosystemPatterns"],"fullName":"pythonEcosystemPatterns hasPythonSignals detects Python repos","status":"passed","title":"hasPythonSignals detects Python repos","duration":0.3433999999997468,"failureMessages":[],"meta":{},"tags":[]}],"startTime":1777520826012,"endTime":1777520828566.3435,"status":"passed","message":"","name":"H:/Boom/pantheon/test/repoObservation/python/pythonObservationEnhancer.test.ts"},{"assertionResults":[{"ancestorTitles":["pythonRiskPresetValidator"],"fullName":"pythonRiskPresetValidator validates django_commerce with dormant patterns preserved","status":"passed","title":"validates django_commerce with dormant patterns preserved","duration":3.801400000000058,"failureMessages":[],"meta":{},"tags":[]},{"ancestorTitles":["pythonRiskPresetValidator"],"fullName":"pythonRiskPresetValidator keeps sdk/library presets review-only and never emits forbidden suggestions","status":"passed","title":"keeps sdk/library presets review-only and never emits forbidden suggestions","duration":1.7428999999999633,"failureMessages":[],"meta":{},"tags":[]},{"ancestorTitles":["pythonRiskPresetValidator"],"fullName":"pythonRiskPresetValidator marks generic service as partial when fewer than 60 percent of rules are active","status":"passed","title":"marks generic service as partial when fewer than 60 percent of rules are active","duration":0.4354999999999336,"failureMessages":[],"meta":{},"tags":[]},{"ancestorTitles":["pythonRiskPresetValidator"],"fullName":"pythonRiskPresetValidator requires at least three active rules before marking a preset validated","status":"passed","title":"requires at least three active rules before marking a preset validated","duration":0.3507000000000744,"failureMessages":[],"meta":{},"tags":[]},{"ancestorTitles":["pythonRiskPresetValidator"],"fullName":"pythonRiskPresetValidator marks generic service as validated once enough rules are active","status":"passed","title":"marks generic service as validated once enough rules are active","duration":0.2901000000000522,"failureMessages":[],"meta":{},"tags":[]},{"ancestorTitles":["pythonRiskPresetValidator"],"fullName":"pythonRiskPresetValidator falls back to unvalidated unknown when no preset signals are active","status":"passed","title":"falls back to unvalidated unknown when no preset signals are active","duration":0.3751999999999498,"failureMessages":[],"meta":{},"tags":[]}],"startTime":1777520832824,"endTime":1777520832831.3752,"status":"passed","message":"","name":"H:/Boom/pantheon/test/repoObservation/python/pythonRiskPresetValidator.test.ts"},{"assertionResults":[{"ancestorTitles":["pythonSensitiveZoneDetector"],"fullName":"pythonSensitiveZoneDetector detects payment as critical","status":"passed","title":"detects payment as critical","duration":4.733400000000074,"failureMessages":[],"meta":{},"tags":[]},{"ancestorTitles":["pythonSensitiveZoneDetector"],"fullName":"pythonSensitiveZoneDetector detects checkout as high","status":"passed","title":"detects checkout as high","duration":0.7829000000000406,"failureMessages":[],"meta":{},"tags":[]},{"ancestorTitles":["pythonSensitiveZoneDetector"],"fullName":"pythonSensitiveZoneDetector detects order lifecycle","status":"passed","title":"detects order lifecycle","duration":0.6912999999999556,"failureMessages":[],"meta":{},"tags":[]},{"ancestorTitles":["pythonSensitiveZoneDetector"],"fullName":"pythonSensitiveZoneDetector detects account/identity","status":"passed","title":"detects account/identity","duration":0.5387000000000626,"failureMessages":[],"meta":{},"tags":[]},{"ancestorTitles":["pythonSensitiveZoneDetector"],"fullName":"pythonSensitiveZoneDetector detects discount and tax","status":"passed","title":"detects discount and tax","duration":0.5685000000000855,"failureMessages":[],"meta":{},"tags":[]},{"ancestorTitles":["pythonSensitiveZoneDetector"],"fullName":"pythonSensitiveZoneDetector detects plugins","status":"passed","title":"detects plugins","duration":0.537900000000036,"failureMessages":[],"meta":{},"tags":[]},{"ancestorTitles":["pythonSensitiveZoneDetector"],"fullName":"pythonSensitiveZoneDetector detects at least 5 different sensitive categories","status":"passed","title":"detects at least 5 different sensitive categories","duration":0.6861000000000104,"failureMessages":[],"meta":{},"tags":[]},{"ancestorTitles":["pythonSensitiveZoneDetector"],"fullName":"pythonSensitiveZoneDetector supports config overrides","status":"passed","title":"supports config overrides","duration":0.8836000000000013,"failureMessages":[],"meta":{},"tags":[]},{"ancestorTitles":["pythonSensitiveZoneDetector"],"fullName":"pythonSensitiveZoneDetector returns empty for non-sensitive paths","status":"passed","title":"returns empty for non-sensitive paths","duration":0.7832999999999402,"failureMessages":[],"meta":{},"tags":[]}],"startTime":1777520830208,"endTime":1777520830218.7832,"status":"passed","message":"","name":"H:/Boom/pantheon/test/repoObservation/python/pythonSensitiveZoneDetector.test.ts"},{"assertionResults":[{"ancestorTitles":["pythonTestMapper"],"fullName":"pythonTestMapper high confidence: sibling tests/ with exact name match","status":"passed","title":"high confidence: sibling tests/ with exact name match","duration":5.07120000000009,"failureMessages":[],"meta":{},"tags":[]},{"ancestorTitles":["pythonTestMapper"],"fullName":"pythonTestMapper medium confidence: module-level test file","status":"passed","title":"medium confidence: module-level test file","duration":0.9884000000001834,"failureMessages":[],"meta":{},"tags":[]},{"ancestorTitles":["pythonTestMapper"],"fullName":"pythonTestMapper high confidence: payment module","status":"passed","title":"high confidence: payment module","duration":0.5098000000000411,"failureMessages":[],"meta":{},"tags":[]},{"ancestorTitles":["pythonTestMapper"],"fullName":"pythonTestMapper low confidence: no matching test file exists","status":"passed","title":"low confidence: no matching test file exists","duration":0.463799999999992,"failureMessages":[],"meta":{},"tags":[]},{"ancestorTitles":["pythonTestMapper"],"fullName":"pythonTestMapper skips __init__.py and conftest.py","status":"passed","title":"skips __init__.py and conftest.py","duration":0.274599999999964,"failureMessages":[],"meta":{},"tags":[]},{"ancestorTitles":["pythonTestMapper"],"fullName":"pythonTestMapper skips test files themselves","status":"passed","title":"skips test files themselves","duration":0.22739999999998872,"failureMessages":[],"meta":{},"tags":[]},{"ancestorTitles":["pythonTestMapper"],"fullName":"pythonTestMapper maps multiple sources at once","status":"passed","title":"maps multiple sources at once","duration":0.2863999999999578,"failureMessages":[],"meta":{},"tags":[]},{"ancestorTitles":["pythonTestMapper"],"fullName":"pythonTestMapper uses library-aware candidates for private modules","status":"passed","title":"uses library-aware candidates for private modules","duration":0.48070000000006985,"failureMessages":[],"meta":{},"tags":[]},{"ancestorTitles":["pythonTestMapper"],"fullName":"pythonTestMapper uses FastAPI route domain patterns for service tests","status":"passed","title":"uses FastAPI route domain patterns for service tests","duration":0.5704000000000633,"failureMessages":[],"meta":{},"tags":[]},{"ancestorTitles":["pythonTestMapper"],"fullName":"pythonTestMapper uses CLI-aware fallback candidates","status":"passed","title":"uses CLI-aware fallback candidates","duration":0.46289999999999054,"failureMessages":[],"meta":{},"tags":[]}],"startTime":1777520831733,"endTime":1777520831743.463,"status":"passed","message":"","name":"H:/Boom/pantheon/test/repoObservation/python/pythonTestMapper.test.ts"},{"assertionResults":[{"ancestorTitles":["pythonUnknownTaxonomy"],"fullName":"pythonUnknownTaxonomy classifies unclassified files as actionable","status":"passed","title":"classifies unclassified files as actionable","duration":3.7228999999999814,"failureMessages":[],"meta":{},"tags":[]},{"ancestorTitles":["pythonUnknownTaxonomy"],"fullName":"pythonUnknownTaxonomy classifies dynamic imports as intrinsic","status":"passed","title":"classifies dynamic imports as intrinsic","duration":0.45810000000005857,"failureMessages":[],"meta":{},"tags":[]},{"ancestorTitles":["pythonUnknownTaxonomy"],"fullName":"pythonUnknownTaxonomy classifies unsupported artifacts as out_of_scope","status":"passed","title":"classifies unsupported artifacts as out_of_scope","duration":0.34199999999998454,"failureMessages":[],"meta":{},"tags":[]},{"ancestorTitles":["pythonUnknownTaxonomy"],"fullName":"pythonUnknownTaxonomy classifies low confidence manifests as actionable","status":"passed","title":"classifies low confidence manifests as actionable","duration":0.33600000000001273,"failureMessages":[],"meta":{},"tags":[]},{"ancestorTitles":["pythonUnknownTaxonomy"],"fullName":"pythonUnknownTaxonomy classifies test mapping unknowns as actionable","status":"passed","title":"classifies test mapping unknowns as actionable","duration":0.31550000000004275,"failureMessages":[],"meta":{},"tags":[]},{"ancestorTitles":["pythonUnknownTaxonomy"],"fullName":"pythonUnknownTaxonomy always includes scope_granularity_limit","status":"passed","title":"always includes scope_granularity_limit","duration":0.25090000000000146,"failureMessages":[],"meta":{},"tags":[]},{"ancestorTitles":["pythonUnknownTaxonomy"],"fullName":"pythonUnknownTaxonomy produces all categories for comprehensive input","status":"passed","title":"produces all categories for comprehensive input","duration":0.8908999999999878,"failureMessages":[],"meta":{},"tags":[]}],"startTime":1777520833765,"endTime":1777520833770.8909,"status":"passed","message":"","name":"H:/Boom/pantheon/test/repoObservation/python/pythonUnknownTaxonomy.test.ts"},{"assertionResults":[{"ancestorTitles":["saleorObservationReportRenderer"],"fullName":"saleorObservationReportRenderer builds a repo-wide summary with readiness and zone suggestions","status":"passed","title":"builds a repo-wide summary with readiness and zone suggestions","duration":18.652599999999893,"failureMessages":[],"meta":{},"tags":[]},{"ancestorTitles":["saleorObservationReportRenderer"],"fullName":"saleorObservationReportRenderer renders the required P25b sections and explicit-scope conclusion","status":"passed","title":"renders the required P25b sections and explicit-scope conclusion","duration":3.3471000000000686,"failureMessages":[],"meta":{},"tags":[]}],"startTime":1777520828517,"endTime":1777520828539.3472,"status":"passed","message":"","name":"H:/Boom/pantheon/test/repoObservation/python/saleorObservationReportRenderer.test.ts"},{"assertionResults":[{"ancestorTitles":["repairSessionStore"],"fullName":"repairSessionStore creates unique run-scoped sessions and updates the index","status":"passed","title":"creates unique run-scoped sessions and updates the index","duration":62.183599999999956,"failureMessages":[],"meta":{},"tags":[]},{"ancestorTitles":["repairSessionStore"],"fullName":"repairSessionStore keeps sessions.json as an index while session.json remains authoritative","status":"passed","title":"keeps sessions.json as an index while session.json remains authoritative","duration":39.46370000000002,"failureMessages":[],"meta":{},"tags":[]},{"ancestorTitles":["repairSessionStore"],"fullName":"repairSessionStore moves closed sessions out of the active index","status":"passed","title":"moves closed sessions out of the active index","duration":30.627700000000004,"failureMessages":[],"meta":{},"tags":[]}],"startTime":1777520826463,"endTime":1777520826595.6277,"status":"passed","message":"","name":"H:/Boom/pantheon/test/repair/session/repairSessionStore.test.ts"},{"assertionResults":[{"ancestorTitles":["activeRepairOverlapDetector"],"fullName":"activeRepairOverlapDetector marks allowed pattern overlap as a warning","status":"passed","title":"marks allowed pattern overlap as a warning","duration":5.220899999999915,"failureMessages":[],"meta":{},"tags":[]},{"ancestorTitles":["activeRepairOverlapDetector"],"fullName":"activeRepairOverlapDetector marks actual file overlap with review scope as requires_human_audit","status":"passed","title":"marks actual file overlap with review scope as requires_human_audit","duration":0.6895000000000664,"failureMessages":[],"meta":{},"tags":[]},{"ancestorTitles":["activeRepairOverlapDetector"],"fullName":"activeRepairOverlapDetector marks actual file overlap with forbidden scope as blocking","status":"passed","title":"marks actual file overlap with forbidden scope as blocking","duration":0.49270000000001346,"failureMessages":[],"meta":{},"tags":[]}],"startTime":1777520833207,"endTime":1777520833213.4927,"status":"passed","message":"","name":"H:/Boom/pantheon/test/repair/session/scopeOverlapDetector.test.ts"},{"assertionResults":[{"ancestorTitles":["stalePlanDetector"],"fullName":"stalePlanDetector flags base sha mismatch as a stale repair contract","status":"passed","title":"flags base sha mismatch as a stale repair contract","duration":5.265500000000088,"failureMessages":[],"meta":{},"tags":[]},{"ancestorTitles":["stalePlanDetector"],"fullName":"stalePlanDetector warns when a previously clean working tree becomes dirty","status":"passed","title":"warns when a previously clean working tree becomes dirty","duration":0.5176999999999907,"failureMessages":[],"meta":{},"tags":[]}],"startTime":1777520833766,"endTime":1777520833772.5176,"status":"passed","message":"","name":"H:/Boom/pantheon/test/repair/session/stalePlanDetector.test.ts"},{"assertionResults":[{"ancestorTitles":["login"],"fullName":"login should authenticate valid user","status":"passed","title":"should authenticate valid user","duration":2.4353999999999587,"failureMessages":[],"meta":{},"tags":[]}],"startTime":1777520833950,"endTime":1777520833952.4353,"status":"passed","message":"","name":"H:/Boom/pantheon/test/fixtures/repo_fixture/test/auth/login.test.ts"},{"assertionResults":[{"ancestorTitles":["billing"],"fullName":"billing should format amount","status":"passed","title":"should format amount","duration":1.6385999999999967,"failureMessages":[],"meta":{},"tags":[]}],"startTime":1777520834092,"endTime":1777520834093.6387,"status":"passed","message":"","name":"H:/Boom/pantheon/test/fixtures/repo_fixture/test/payment/billing.test.ts"},{"assertionResults":[{"ancestorTitles":["format"],"fullName":"format should format currency","status":"passed","title":"should format currency","duration":1.449700000000007,"failureMessages":[],"meta":{},"tags":[]}],"startTime":1777520833967,"endTime":1777520833968.4497,"status":"passed","message":"","name":"H:/Boom/pantheon/test/fixtures/repo_fixture/tests/utils/format.test.ts"}]}